#
# A fatal error has been detected by the Java Runtime Environment:
#
#  SIGSEGV (0xb) at pc=0x000000010dbc5ab6, pid=7728, tid=2571
#
# JRE version: Java(TM) SE Runtime Environment (8.0_45-b14) (build 1.8.0_45-b14)
# Java VM: Java HotSpot(TM) 64-Bit Server VM (25.45-b02 mixed mode bsd-amd64 compressed oops)
# Problematic frame:
# V  [libjvm.dylib+0x164ab6]
#
# Failed to write core dump. Core dumps have been disabled. To enable core dumping, try "ulimit -c unlimited" before starting Java again
#
# If you would like to submit a bug report, please visit:
#   http://bugreport.java.com/bugreport/crash.jsp
#

---------------  T H R E A D  ---------------

Current thread is native thread

siginfo: si_signo: 11 (SIGSEGV), si_code: 1 (SEGV_MAPERR), si_addr: 0x0000000000000270

Registers:
RAX=0x0000000000000000, RBX=0x0000000000000000, RCX=0x000000010dd67431, RDX=0x00007fc491a5b1f8
RSP=0x00007fff52c84300, RBP=0x00007fff52c84310, RSI=0x0000000000000006, RDI=0x00007fff52c84350
R8 =0x0000000000000000, R9 =0x0000000000000000, R10=0x00007fc49377fc90, R11=0x000000010e9f4ea0
R12=0x00007fc491a5b1f8, R13=0x0000000131193f20, R14=0x00007fc491a5b1f8, R15=0x0000000000000000
RIP=0x000000010dbc5ab6, EFLAGS=0x0000000000010246, ERR=0x0000000000000006
  TRAPNO=0x000000000000000e

Top of Stack: (sp=0x00007fff52c84300)
0x00007fff52c84300:   00007fc490e84590 00007fc491a5b1f8
0x00007fff52c84310:   00007fff52c84370 000000010dd67461
0x00007fff52c84320:   dd000ff05f59eed4 0000000000000000
0x00007fff52c84330:   00007fc491bf5200 00007fc490efb600
0x00007fff52c84340:   00007fff52c84370 000000012ed1b769
0x00007fff52c84350:   0000000000000000 00007fc490ee2a00
0x00007fff52c84360:   00007fc491bf5200 00007fc490efb600
0x00007fff52c84370:   00007fff52c843d0 000000012ec7ca3f
0x00007fff52c84380:   dd000ff05f59eed4 0000000000000000
0x00007fff52c84390:   4103b25bd105b77a 00007fc49351c5c0
0x00007fff52c843a0:   00007fff52c843d0 00007fff936474c0
0x00007fff52c843b0:   0000000000000000 0000000131193f20
0x00007fff52c843c0:   00007fc490efb600 00007fc49351c5c0
0x00007fff52c843d0:   00007fff52c84430 00007fff9a80b90f
0x00007fff52c843e0:   000003bc00000004 0000000000000000
0x00007fff52c843f0:   00007fc490efb600 0000000000000000
0x00007fff52c84400:   4103b25bd105b77a 00007fff936474c0
0x00007fff52c84410:   00007fc49351ef70 00007fc490efb600
0x00007fff52c84420:   0000000000000004 0000000000000000
0x00007fff52c84430:   00007fff52c844a0 00007fff9a80b4b9
0x00007fff52c84440:   4000000000000000 408f400000000000
0x00007fff52c84450:   407de00000000000 0000000000000000
0x00007fff52c84460:   0000000000000000 408f400000000000
0x00007fff52c84470:   407de00000000000 00007fff52c84580
0x00007fff52c84480:   0000000131194fe8 00007fff9217f151
0x00007fff52c84490:   0000000000000001 0000000131194f40
0x00007fff52c844a0:   00007fff52c85580 00007fff9a7b110d
0x00007fff52c844b0:   00007fff52c85580 00007fff9a7b0fcf
0x00007fff52c844c0:   0000000b00000068 0000000100030001
0x00007fff52c844d0:   0000000131194fe8 0000000131194fe8
0x00007fff52c844e0:   0000000131194f40 0000000000000000
0x00007fff52c844f0:   00007fc4910b8a00 00007fff52c844b0 

Instructions: (pc=0x000000010dbc5ab6)
0x000000010dbc5a96:   0e 48 8b 0b 49 8b 56 18 48 63 c0 48 89 0c c2 5b
0x000000010dbc5aa6:   41 5e 5d c3 90 90 55 48 89 e5 41 56 53 48 8b 1f
0x000000010dbc5ab6:   c7 83 70 02 00 00 05 00 00 00 48 8d 05 71 d2 75
0x000000010dbc5ac6:   00 8b 00 83 f8 01 41 89 f6 75 0c 48 8d 0d be 39 

Register to memory mapping:

RAX=0x0000000000000000 is an unknown value
RBX=0x0000000000000000 is an unknown value
RCX=0x000000010dd67431: jni_NewLocalRef+0 in /Library/Java/JavaVirtualMachines/jdk1.8.0_45.jdk/Contents/Home/jre/lib/server/libjvm.dylib at 0x000000010da61000
RDX=0x00007fc491a5b1f8 is an unknown value
RSP=0x00007fff52c84300 is an unknown value
RBP=0x00007fff52c84310 is an unknown value
RSI=0x0000000000000006 is an unknown value
RDI=0x00007fff52c84350 is an unknown value
R8 =0x0000000000000000 is an unknown value
R9 =0x0000000000000000 is an unknown value
R10=0x00007fc49377fc90 is an unknown value
R11=0x000000010e9f4ea0: OBJC_CLASS_$_JNFJObjectWrapper+0 in /System/Library/Frameworks/JavaVM.framework/Versions/A/Frameworks/JavaNativeFoundation.framework/Versions/A/JavaNativeFoundation at 0x000000010e9ea000
R12=0x00007fc491a5b1f8 is an unknown value
R13=0x0000000131193f20 is an unknown value
R14=0x00007fc491a5b1f8 is an unknown value
R15=0x0000000000000000 is an unknown value


Stack: [0x00007fff52488000,0x00007fff52c88000],  sp=0x00007fff52c84300,  free space=8176k
Native frames: (J=compiled Java code, j=interpreted, Vv=VM code, C=native code)
V  [libjvm.dylib+0x164ab6]
V  [libjvm.dylib+0x306461]
C  [libawt_lwawt.dylib+0x19a3f]  -[CGLLayer drawInCGLContext:pixelFormat:forLayerTime:displayTime:]+0xee
C  [QuartzCore+0x6990f]  _ZL17CAOpenGLLayerDrawP13CAOpenGLLayerdPK11CVTimeStampj+0x2ca
C  [QuartzCore+0x694b9]  -[CAOpenGLLayer _display]+0x160
C  [QuartzCore+0xf10d]  _ZN2CA5Layer17display_if_neededEPNS_11TransactionE+0x25b
C  [QuartzCore+0xe78d]  _ZN2CA5Layer28layout_and_display_if_neededEPNS_11TransactionE+0x23
C  [QuartzCore+0xdcf1]  _ZN2CA7Context18commit_transactionEPNS_11TransactionE+0x115
C  [QuartzCore+0xda24]  _ZN2CA11Transaction6commitEv+0x1fc
C  [QuartzCore+0x1c917]  _ZN2CA11Transaction17observer_callbackEP19__CFRunLoopObservermPv+0x47
C  [CoreFoundation+0x7de37]  __CFRUNLOOP_IS_CALLING_OUT_TO_AN_OBSERVER_CALLBACK_FUNCTION__+0x17
C  [CoreFoundation+0x7dda7]  __CFRunLoopDoObservers+0x187
C  [CoreFoundation+0x6fa3a]  __CFRunLoopRun+0x49a
C  [CoreFoundation+0x6f338]  CFRunLoopRunSpecific+0x128
C  [java+0x6490]  CreateExecutionEnvironment+0x367
C  [java+0x221c]  JLI_Launch+0x7a0
C  [java+0x84ed]  main+0x65
C  [java+0x1a74]  start+0x34


---------------  P R O C E S S  ---------------

VM state:not at safepoint (normal execution)

VM Mutex/Monitor currently owned by a thread: None

Heap:
 PSYoungGen      total 76288K, used 16215K [0x000000076ab00000, 0x0000000770000000, 0x00000007c0000000)
  eden space 65536K, 24% used [0x000000076ab00000,0x000000076bad5ce0,0x000000076eb00000)
  from space 10752K, 0% used [0x000000076eb00000,0x000000076eb00000,0x000000076f580000)
  to   space 10752K, 0% used [0x000000076f580000,0x000000076f580000,0x0000000770000000)
 ParOldGen       total 123392K, used 5770K [0x00000006c0000000, 0x00000006c7880000, 0x000000076ab00000)
  object space 123392K, 4% used [0x00000006c0000000,0x00000006c05a2928,0x00000006c7880000)
 Metaspace       used 22347K, capacity 23438K, committed 23680K, reserved 1069056K
  class space    used 3161K, capacity 3426K, committed 3456K, reserved 1048576K

Card table byte_map: [0x000000011e5f5000,0x000000011edf6000] byte_map_base: 0x000000011aff5000

Marking Bits: (ParMarkBitMap*) 0x000000010e3237a0
 Begin Bits: [0x000000011f34c000, 0x000000012334c000)
 End Bits:   [0x000000012334c000, 0x000000012734c000)

Polling page: 0x000000010d384000

CodeCache: size=245760Kb used=7700Kb max_used=7700Kb free=238060Kb
 bounds [0x000000010f235000, 0x000000010f9c5000, 0x000000011e235000]
 total_blobs=3330 nmethods=2534 adapters=709
 compilation: enabled

Compilation events (10 events):
Event: 22.098 Thread 0x00007fc491063800 nmethod 2528 0x000000010f9bc910 code [0x000000010f9bca60, 0x000000010f9bcb70]
Event: 22.098 Thread 0x00007fc491063800 2530       3       java.lang.invoke.LambdaForm$MH/1732398722::linkToTargetMethod (10 bytes)
Event: 22.098 Thread 0x00007fc491063800 nmethod 2530 0x000000010f9bc190 code [0x000000010f9bc320, 0x000000010f9bc818]
Event: 22.099 Thread 0x00007fc491063800 2531       3       com.sun.javafx.application.PlatformImpl::isFxApplicationThread (7 bytes)
Event: 22.099 Thread 0x00007fc491063800 nmethod 2531 0x000000010f9bbc90 code [0x000000010f9bbe00, 0x000000010f9bc0c8]
Event: 22.099 Thread 0x00007fc491063800 2532       3       java.util.concurrent.CountDownLatch$Sync::tryAcquireShared (13 bytes)
Event: 22.100 Thread 0x00007fc491063800 nmethod 2532 0x000000010f9bb850 code [0x000000010f9bb9c0, 0x000000010f9bbc10]
Event: 22.603 Thread 0x00007fc491063800 2533       3       java.util.ArrayList::contains (14 bytes)
Event: 22.603 Thread 0x00007fc491063800 nmethod 2533 0x000000010f9bb450 code [0x000000010f9bb5c0, 0x000000010f9bb7c8]
Event: 22.603 Thread 0x00007fc491063800 2534       3       sun.awt.SunToolkit::getAppContext (42 bytes)

GC Heap History (4 events):
Event: 2.033 GC heap before
{Heap before GC invocations=1 (full 0):
 PSYoungGen      total 76288K, used 58127K [0x000000076ab00000, 0x0000000770000000, 0x00000007c0000000)
  eden space 65536K, 88% used [0x000000076ab00000,0x000000076e3c3d30,0x000000076eb00000)
  from space 10752K, 0% used [0x000000076f580000,0x000000076f580000,0x0000000770000000)
  to   space 10752K, 0% used [0x000000076eb00000,0x000000076eb00000,0x000000076f580000)
 ParOldGen       total 175104K, used 0K [0x00000006c0000000, 0x00000006cab00000, 0x000000076ab00000)
  object space 175104K, 0% used [0x00000006c0000000,0x00000006c0000000,0x00000006cab00000)
 Metaspace       used 20341K, capacity 21254K, committed 21296K, reserved 1067008K
  class space    used 2962K, capacity 3176K, committed 3200K, reserved 1048576K
Event: 2.043 GC heap after
Heap after GC invocations=1 (full 0):
 PSYoungGen      total 76288K, used 5890K [0x000000076ab00000, 0x0000000770000000, 0x00000007c0000000)
  eden space 65536K, 0% used [0x000000076ab00000,0x000000076ab00000,0x000000076eb00000)
  from space 10752K, 54% used [0x000000076eb00000,0x000000076f0c0ab0,0x000000076f580000)
  to   space 10752K, 0% used [0x000000076f580000,0x000000076f580000,0x0000000770000000)
 ParOldGen       total 175104K, used 16K [0x00000006c0000000, 0x00000006cab00000, 0x000000076ab00000)
  object space 175104K, 0% used [0x00000006c0000000,0x00000006c0004000,0x00000006cab00000)
 Metaspace       used 20341K, capacity 21254K, committed 21296K, reserved 1067008K
  class space    used 2962K, capacity 3176K, committed 3200K, reserved 1048576K
}
Event: 2.043 GC heap before
{Heap before GC invocations=2 (full 1):
 PSYoungGen      total 76288K, used 5890K [0x000000076ab00000, 0x0000000770000000, 0x00000007c0000000)
  eden space 65536K, 0% used [0x000000076ab00000,0x000000076ab00000,0x000000076eb00000)
  from space 10752K, 54% used [0x000000076eb00000,0x000000076f0c0ab0,0x000000076f580000)
  to   space 10752K, 0% used [0x000000076f580000,0x000000076f580000,0x0000000770000000)
 ParOldGen       total 175104K, used 16K [0x00000006c0000000, 0x00000006cab00000, 0x000000076ab00000)
  object space 175104K, 0% used [0x00000006c0000000,0x00000006c0004000,0x00000006cab00000)
 Metaspace       used 20341K, capacity 21254K, committed 21296K, reserved 1067008K
  class space    used 2962K, capacity 3176K, committed 3200K, reserved 1048576K
Event: 2.079 GC heap after
Heap after GC invocations=2 (full 1):
 PSYoungGen      total 76288K, used 0K [0x000000076ab00000, 0x0000000770000000, 0x00000007c0000000)
  eden space 65536K, 0% used [0x000000076ab00000,0x000000076ab00000,0x000000076eb00000)
  from space 10752K, 0% used [0x000000076eb00000,0x000000076eb00000,0x000000076f580000)
  to   space 10752K, 0% used [0x000000076f580000,0x000000076f580000,0x0000000770000000)
 ParOldGen       total 123392K, used 5770K [0x00000006c0000000, 0x00000006c7880000, 0x000000076ab00000)
  object space 123392K, 4% used [0x00000006c0000000,0x00000006c05a2928,0x00000006c7880000)
 Metaspace       used 20341K, capacity 21254K, committed 21296K, reserved 1067008K
  class space    used 2962K, capacity 3176K, committed 3200K, reserved 1048576K
}

Deoptimization events (10 events):
Event: 1.627 Thread 0x00007fc491a5b000 Uncommon trap: reason=class_check action=maybe_recompile pc=0x000000010f4663c4 method=java.io.DataInputStream.readShort()S @ 4
Event: 1.627 Thread 0x00007fc491a5b000 Uncommon trap: reason=class_check action=maybe_recompile pc=0x000000010f4663c4 method=java.io.DataInputStream.readShort()S @ 4
Event: 1.627 Thread 0x00007fc491a5b000 Uncommon trap: reason=class_check action=maybe_recompile pc=0x000000010f4663c4 method=java.io.DataInputStream.readShort()S @ 4
Event: 1.630 Thread 0x00007fc491a5b000 Uncommon trap: reason=class_check action=maybe_recompile pc=0x000000010f35ac9c method=java.lang.String.equals(Ljava/lang/Object;)Z @ 8
Event: 1.630 Thread 0x00007fc491a5b000 Uncommon trap: reason=class_check action=maybe_recompile pc=0x000000010f35ac9c method=java.lang.String.equals(Ljava/lang/Object;)Z @ 8
Event: 1.631 Thread 0x00007fc491a5b000 Uncommon trap: reason=class_check action=maybe_recompile pc=0x000000010f35ac9c method=java.lang.String.equals(Ljava/lang/Object;)Z @ 8
Event: 1.631 Thread 0x00007fc491a5b000 Uncommon trap: reason=class_check action=maybe_recompile pc=0x000000010f35ac9c method=java.lang.String.equals(Ljava/lang/Object;)Z @ 8
Event: 1.804 Thread 0x00007fc491a5b000 Uncommon trap: reason=unstable_if action=reinterpret pc=0x000000010f4fa170 method=java.lang.CharacterData.of(I)Ljava/lang/CharacterData; @ 4
Event: 2.093 Thread 0x00007fc491a5b000 Uncommon trap: reason=unstable_if action=reinterpret pc=0x000000010f660208 method=com.sun.javafx.css.BitSet.add(Ljava/lang/Object;)Z @ 91
Event: 5.844 Thread 0x00007fc491a5b000 Uncommon trap: reason=unstable_if action=reinterpret pc=0x000000010f6a1b08 method=java.util.WeakHashMap.expungeStaleEntries()V @ 9

Internal exceptions (10 events):
Event: 0.181 Thread 0x00007fc492002800 Exception <a 'java/lang/NullPointerException'> (0x000000076afd9da8) thrown at [/Users/java_re/workspace/8-2-build-macosx-x86_64/jdk8u45/3457/hotspot/src/share/vm/interpreter/linkResolver.cpp, line 1178]
Event: 0.448 Thread 0x00007fc491a5b000 Exception <a 'java/lang/NullPointerException'> (0x000000076babefd0) thrown at [/Users/java_re/workspace/8-2-build-macosx-x86_64/jdk8u45/3457/hotspot/src/share/vm/interpreter/linkResolver.cpp, line 1178]
Event: 0.448 Thread 0x00007fc491a5b000 Exception <a 'java/lang/NullPointerException'> (0x000000076babefd0) thrown at [/Users/java_re/workspace/8-2-build-macosx-x86_64/jdk8u45/3457/hotspot/src/share/vm/prims/jvm.cpp, line 1386]
Event: 0.591 Thread 0x00007fc491aaf800 Exception <a 'java/io/FileNotFoundException'> (0x000000076b850f08) thrown at [/Users/java_re/workspace/8-2-build-macosx-x86_64/jdk8u45/3457/hotspot/src/share/vm/prims/jni.cpp, line 709]
Event: 0.591 Thread 0x00007fc491aaf800 Exception <a 'java/io/FileNotFoundException'> (0x000000076b8519f8) thrown at [/Users/java_re/workspace/8-2-build-macosx-x86_64/jdk8u45/3457/hotspot/src/share/vm/prims/jni.cpp, line 709]
Event: 0.703 Thread 0x00007fc491aaf800 Implicit null exception at 0x000000010f483275 to 0x000000010f4835d5
Event: 0.707 Thread 0x00007fc491aaf800 Implicit null exception at 0x000000010f475bf5 to 0x000000010f475df1
Event: 2.082 Thread 0x00007fc492017800 Exception <a 'java/lang/NullPointerException'> (0x000000076abe29f0) thrown at [/Users/java_re/workspace/8-2-build-macosx-x86_64/jdk8u45/3457/hotspot/src/share/vm/interpreter/linkResolver.cpp, line 1178]
Event: 2.101 Thread 0x00007fc491a5b000 Exception <a 'java/io/FileNotFoundException'> (0x000000076ab8e648) thrown at [/Users/java_re/workspace/8-2-build-macosx-x86_64/jdk8u45/3457/hotspot/src/share/vm/prims/jni.cpp, line 709]
Event: 2.102 Thread 0x00007fc491a5b000 Exception <a 'java/io/FileNotFoundException'> (0x000000076ab9ea48) thrown at [/Users/java_re/workspace/8-2-build-macosx-x86_64/jdk8u45/3457/hotspot/src/share/vm/prims/jni.cpp, line 709]

Events (10 events):
Event: 22.132 Thread 0x00007fc492a58800 Thread exited: 0x00007fc492a58800
Event: 22.135 loading class com/sun/javafx/tk/quantum/QuantumRenderer
Event: 22.135 loading class com/sun/javafx/tk/quantum/QuantumRenderer done
Event: 22.135 loading class com/sun/javafx/tk/quantum/QuantumToolkit
Event: 22.135 loading class com/sun/javafx/tk/quantum/QuantumToolkit done
Event: 22.135 Thread 0x00007fc491a50000 Thread exited: 0x00007fc491a50000
Event: 22.136 Thread 0x00007fc491aaf800 Thread exited: 0x00007fc491aaf800
Event: 22.136 Thread 0x00007fc492002800 Thread exited: 0x00007fc492002800
Event: 22.136 Thread 0x00007fc491242000 Thread added: 0x00007fc491242000
Event: 22.136 Thread 0x00007fc491a5b000 Thread exited: 0x00007fc491a5b000


Dynamic libraries:
0x000000000653c000 	/System/Library/Frameworks/Cocoa.framework/Versions/A/Cocoa
0x000000010cf92000 	/System/Library/Frameworks/Security.framework/Versions/A/Security
0x000000000653c000 	/System/Library/Frameworks/ApplicationServices.framework/Versions/A/ApplicationServices
0x000000000653c000 	/usr/lib/libz.1.dylib
0x000000000653c000 	/usr/lib/libSystem.B.dylib
0x000000000653c000 	/usr/lib/libobjc.A.dylib
0x000000000653c000 	/System/Library/Frameworks/CoreFoundation.framework/Versions/A/CoreFoundation
0x000000000653c000 	/System/Library/Frameworks/Foundation.framework/Versions/C/Foundation
0x000000000653c000 	/System/Library/Frameworks/AppKit.framework/Versions/C/AppKit
0x000000000653c000 	/System/Library/Frameworks/CoreData.framework/Versions/A/CoreData
0x000000000653c000 	/System/Library/PrivateFrameworks/RemoteViewServices.framework/Versions/A/RemoteViewServices
0x000000000653c000 	/System/Library/PrivateFrameworks/UIFoundation.framework/Versions/A/UIFoundation
0x000000000653c000 	/usr/lib/libScreenReader.dylib
0x000000000653c000 	/System/Library/Frameworks/Accelerate.framework/Versions/A/Accelerate
0x000000000653c000 	/System/Library/Frameworks/IOSurface.framework/Versions/A/IOSurface
0x000000000653c000 	/System/Library/Frameworks/AudioToolbox.framework/Versions/A/AudioToolbox
0x000000000653c000 	/System/Library/Frameworks/AudioUnit.framework/Versions/A/AudioUnit
0x000000000653c000 	/System/Library/PrivateFrameworks/DataDetectorsCore.framework/Versions/A/DataDetectorsCore
0x000000000653c000 	/System/Library/PrivateFrameworks/DesktopServicesPriv.framework/Versions/A/DesktopServicesPriv
0x000000000653c000 	/System/Library/Frameworks/Carbon.framework/Versions/A/Frameworks/HIToolbox.framework/Versions/A/HIToolbox
0x000000000653c000 	/System/Library/Frameworks/QuartzCore.framework/Versions/A/QuartzCore
0x000000000653c000 	/System/Library/Frameworks/Carbon.framework/Versions/A/Frameworks/SpeechRecognition.framework/Versions/A/SpeechRecognition
0x000000000653c000 	/usr/lib/libauto.dylib
0x000000000653c000 	/usr/lib/libicucore.A.dylib
0x000000000653c000 	/usr/lib/libxml2.2.dylib
0x000000000653c000 	/System/Library/PrivateFrameworks/CoreUI.framework/Versions/A/CoreUI
0x000000000653c000 	/System/Library/Frameworks/CoreAudio.framework/Versions/A/CoreAudio
0x000000000653c000 	/System/Library/Frameworks/DiskArbitration.framework/Versions/A/DiskArbitration
0x000000000653c000 	/usr/lib/liblangid.dylib
0x000000000653c000 	/System/Library/PrivateFrameworks/MultitouchSupport.framework/Versions/A/MultitouchSupport
0x000000000653c000 	/System/Library/Frameworks/IOKit.framework/Versions/A/IOKit
0x000000000653c000 	/usr/lib/libDiagnosticMessagesClient.dylib
0x000000000653c000 	/System/Library/Frameworks/CoreServices.framework/Versions/A/CoreServices
0x000000000653c000 	/System/Library/PrivateFrameworks/PerformanceAnalysis.framework/Versions/A/PerformanceAnalysis
0x000000000653c000 	/System/Library/PrivateFrameworks/GenerationalStorage.framework/Versions/A/GenerationalStorage
0x000000000653c000 	/System/Library/Frameworks/OpenGL.framework/Versions/A/OpenGL
0x000000000653c000 	/System/Library/PrivateFrameworks/Sharing.framework/Versions/A/Sharing
0x000000000653c000 	/System/Library/Frameworks/CoreGraphics.framework/Versions/A/CoreGraphics
0x000000000653c000 	/System/Library/Frameworks/CoreImage.framework/Versions/A/CoreImage
0x000000000653c000 	/System/Library/Frameworks/CoreText.framework/Versions/A/CoreText
0x000000000653c000 	/System/Library/Frameworks/ImageIO.framework/Versions/A/ImageIO
0x000000000653c000 	/System/Library/PrivateFrameworks/Backup.framework/Versions/A/Backup
0x000000000653c000 	/usr/lib/libextension.dylib
0x000000000653c000 	/usr/lib/libarchive.2.dylib
0x000000010d385000 	/System/Library/Frameworks/CFNetwork.framework/Versions/A/CFNetwork
0x000000000653c000 	/System/Library/Frameworks/SystemConfiguration.framework/Versions/A/SystemConfiguration
0x000000000653c000 	/usr/lib/libCRFSuite.dylib
0x000000000653c000 	/usr/lib/libc++.1.dylib
0x000000000653c000 	/usr/lib/libc++abi.dylib
0x000000000653c000 	/usr/lib/system/libcache.dylib
0x000000000653c000 	/usr/lib/system/libcommonCrypto.dylib
0x000000000653c000 	/usr/lib/system/libcompiler_rt.dylib
0x000000000653c000 	/usr/lib/system/libcopyfile.dylib
0x000000000653c000 	/usr/lib/system/libcorecrypto.dylib
0x000000000653c000 	/usr/lib/system/libdispatch.dylib
0x000000000653c000 	/usr/lib/system/libdyld.dylib
0x000000000653c000 	/usr/lib/system/libkeymgr.dylib
0x000000000653c000 	/usr/lib/system/liblaunch.dylib
0x000000000653c000 	/usr/lib/system/libmacho.dylib
0x000000000653c000 	/usr/lib/system/libquarantine.dylib
0x000000000653c000 	/usr/lib/system/libremovefile.dylib
0x000000000653c000 	/usr/lib/system/libsystem_asl.dylib
0x000000000653c000 	/usr/lib/system/libsystem_blocks.dylib
0x000000000653c000 	/usr/lib/system/libsystem_c.dylib
0x000000000653c000 	/usr/lib/system/libsystem_configuration.dylib
0x000000000653c000 	/usr/lib/system/libsystem_coreservices.dylib
0x000000000653c000 	/usr/lib/system/libsystem_coretls.dylib
0x000000000653c000 	/usr/lib/system/libsystem_dnssd.dylib
0x000000000653c000 	/usr/lib/system/libsystem_info.dylib
0x000000000653c000 	/usr/lib/system/libsystem_kernel.dylib
0x000000000653c000 	/usr/lib/system/libsystem_m.dylib
0x000000000653c000 	/usr/lib/system/libsystem_malloc.dylib
0x000000000653c000 	/usr/lib/system/libsystem_network.dylib
0x000000000653c000 	/usr/lib/system/libsystem_networkextension.dylib
0x000000000653c000 	/usr/lib/system/libsystem_notify.dylib
0x000000000653c000 	/usr/lib/system/libsystem_platform.dylib
0x000000000653c000 	/usr/lib/system/libsystem_pthread.dylib
0x000000010d7fb000 	/usr/lib/system/libsystem_sandbox.dylib
0x000000000653c000 	/usr/lib/system/libsystem_secinit.dylib
0x000000000653c000 	/usr/lib/system/libsystem_trace.dylib
0x000000000653c000 	/usr/lib/system/libunc.dylib
0x000000000653c000 	/usr/lib/system/libunwind.dylib
0x000000000653c000 	/usr/lib/system/libxpc.dylib
0x000000000653c000 	/usr/lib/libenergytrace.dylib
0x000000000653c000 	/usr/lib/libbsm.0.dylib
0x000000000653c000 	/usr/lib/system/libkxld.dylib
0x000000000653c000 	/usr/lib/libxar.1.dylib
0x000000000653c000 	/usr/lib/libsqlite3.dylib
0x000000000653c000 	/usr/lib/libpam.2.dylib
0x000000000653c000 	/usr/lib/libOpenScriptingUtil.dylib
0x000000000653c000 	/usr/lib/libbz2.1.0.dylib
0x000000000653c000 	/usr/lib/liblzma.5.dylib
0x000000000653c000 	/System/Library/Frameworks/CoreServices.framework/Versions/A/Frameworks/FSEvents.framework/Versions/A/FSEvents
0x000000000653c000 	/System/Library/Frameworks/CoreServices.framework/Versions/A/Frameworks/CarbonCore.framework/Versions/A/CarbonCore
0x000000000653c000 	/System/Library/Frameworks/CoreServices.framework/Versions/A/Frameworks/Metadata.framework/Versions/A/Metadata
0x000000000653c000 	/System/Library/Frameworks/CoreServices.framework/Versions/A/Frameworks/OSServices.framework/Versions/A/OSServices
0x000000000653c000 	/System/Library/Frameworks/CoreServices.framework/Versions/A/Frameworks/SearchKit.framework/Versions/A/SearchKit
0x000000000653c000 	/System/Library/Frameworks/CoreServices.framework/Versions/A/Frameworks/AE.framework/Versions/A/AE
0x000000000653c000 	/System/Library/Frameworks/CoreServices.framework/Versions/A/Frameworks/LaunchServices.framework/Versions/A/LaunchServices
0x000000000653c000 	/System/Library/Frameworks/CoreServices.framework/Versions/A/Frameworks/DictionaryServices.framework/Versions/A/DictionaryServices
0x000000000653c000 	/System/Library/Frameworks/CoreServices.framework/Versions/A/Frameworks/SharedFileList.framework/Versions/A/SharedFileList
0x000000000653c000 	/System/Library/Frameworks/NetFS.framework/Versions/A/NetFS
0x000000000653c000 	/System/Library/PrivateFrameworks/NetAuth.framework/Versions/A/NetAuth
0x000000000653c000 	/System/Library/PrivateFrameworks/login.framework/Versions/A/Frameworks/loginsupport.framework/Versions/A/loginsupport
0x000000000653c000 	/System/Library/PrivateFrameworks/TCC.framework/Versions/A/TCC
0x000000000653c000 	/usr/lib/libmecabra.dylib
0x000000000653c000 	/System/Library/Frameworks/ApplicationServices.framework/Versions/A/Frameworks/ATS.framework/Versions/A/ATS
0x000000000653c000 	/System/Library/Frameworks/ApplicationServices.framework/Versions/A/Frameworks/ColorSync.framework/Versions/A/ColorSync
0x000000000653c000 	/System/Library/Frameworks/ApplicationServices.framework/Versions/A/Frameworks/HIServices.framework/Versions/A/HIServices
0x000000000653c000 	/System/Library/Frameworks/ApplicationServices.framework/Versions/A/Frameworks/LangAnalysis.framework/Versions/A/LangAnalysis
0x000000000653c000 	/System/Library/Frameworks/ApplicationServices.framework/Versions/A/Frameworks/PrintCore.framework/Versions/A/PrintCore
0x000000000653c000 	/System/Library/Frameworks/ApplicationServices.framework/Versions/A/Frameworks/QD.framework/Versions/A/QD
0x000000000653c000 	/System/Library/Frameworks/ApplicationServices.framework/Versions/A/Frameworks/SpeechSynthesis.framework/Versions/A/SpeechSynthesis
0x000000000653c000 	/System/Library/Frameworks/Metal.framework/Versions/A/Metal
0x000000000653c000 	/System/Library/Frameworks/Accelerate.framework/Versions/A/Frameworks/vImage.framework/Versions/A/vImage
0x000000000653c000 	/System/Library/Frameworks/Accelerate.framework/Versions/A/Frameworks/vecLib.framework/Versions/A/vecLib
0x000000000653c000 	/System/Library/Frameworks/Accelerate.framework/Versions/A/Frameworks/vecLib.framework/Versions/A/libvDSP.dylib
0x000000000653c000 	/System/Library/Frameworks/Accelerate.framework/Versions/A/Frameworks/vecLib.framework/Versions/A/libvMisc.dylib
0x000000000653c000 	/System/Library/Frameworks/Accelerate.framework/Versions/A/Frameworks/vecLib.framework/Versions/A/libLAPACK.dylib
0x000000000653c000 	/System/Library/Frameworks/Accelerate.framework/Versions/A/Frameworks/vecLib.framework/Versions/A/libBLAS.dylib
0x000000000653c000 	/System/Library/Frameworks/Accelerate.framework/Versions/A/Frameworks/vecLib.framework/Versions/A/libLinearAlgebra.dylib
0x000000000653c000 	/System/Library/Frameworks/Accelerate.framework/Versions/A/Frameworks/vecLib.framework/Versions/A/libSparseBLAS.dylib
0x000000000653c000 	/System/Library/PrivateFrameworks/GPUCompiler.framework/libmetal_timestamp.dylib
0x000000000653c000 	/System/Library/Frameworks/OpenGL.framework/Versions/A/Libraries/libCoreFSCache.dylib
0x000000000653c000 	/System/Library/PrivateFrameworks/IOAccelerator.framework/Versions/A/IOAccelerator
0x000000000653c000 	/System/Library/Frameworks/ApplicationServices.framework/Versions/A/Frameworks/ATS.framework/Versions/A/Resources/libFontParser.dylib
0x000000000653c000 	/System/Library/Frameworks/ApplicationServices.framework/Versions/A/Frameworks/ATS.framework/Versions/A/Resources/libFontRegistry.dylib
0x000000000653c000 	/System/Library/PrivateFrameworks/AppleVPA.framework/Versions/A/AppleVPA
0x000000000653c000 	/System/Library/PrivateFrameworks/AppleJPEG.framework/Versions/A/AppleJPEG
0x000000000653c000 	/System/Library/Frameworks/ImageIO.framework/Versions/A/Resources/libJPEG.dylib
0x000000000653c000 	/System/Library/Frameworks/ImageIO.framework/Versions/A/Resources/libTIFF.dylib
0x000000000653c000 	/System/Library/Frameworks/ImageIO.framework/Versions/A/Resources/libPng.dylib
0x000000000653c000 	/System/Library/Frameworks/ImageIO.framework/Versions/A/Resources/libGIF.dylib
0x000000000653c000 	/System/Library/Frameworks/ImageIO.framework/Versions/A/Resources/libJP2.dylib
0x000000000653c000 	/System/Library/Frameworks/ImageIO.framework/Versions/A/Resources/libRadiance.dylib
0x000000000653c000 	/System/Library/Frameworks/CoreVideo.framework/Versions/A/CoreVideo
0x000000000653c000 	/System/Library/Frameworks/OpenGL.framework/Versions/A/Libraries/libGLU.dylib
0x000000000653c000 	/System/Library/Frameworks/OpenGL.framework/Versions/A/Libraries/libGFXShared.dylib
0x000000000653c000 	/System/Library/Frameworks/OpenGL.framework/Versions/A/Libraries/libGL.dylib
0x000000000653c000 	/System/Library/Frameworks/OpenGL.framework/Versions/A/Libraries/libGLImage.dylib
0x000000000653c000 	/System/Library/Frameworks/OpenGL.framework/Versions/A/Libraries/libCVMSPluginSupport.dylib
0x000000000653c000 	/System/Library/Frameworks/OpenGL.framework/Versions/A/Libraries/libCoreVMClient.dylib
0x000000000653c000 	/usr/lib/libcups.2.dylib
0x000000000653c000 	/System/Library/Frameworks/Kerberos.framework/Versions/A/Kerberos
0x000000000653c000 	/System/Library/Frameworks/GSS.framework/Versions/A/GSS
0x000000000653c000 	/usr/lib/libresolv.9.dylib
0x000000000653c000 	/usr/lib/libiconv.2.dylib
0x000000000653c000 	/System/Library/PrivateFrameworks/Heimdal.framework/Versions/A/Heimdal
0x000000000653c000 	/usr/lib/libheimdal-asn1.dylib
0x000000000653c000 	/System/Library/Frameworks/OpenDirectory.framework/Versions/A/OpenDirectory
0x000000000653c000 	/System/Library/PrivateFrameworks/CommonAuth.framework/Versions/A/CommonAuth
0x000000000653c000 	/System/Library/Frameworks/OpenDirectory.framework/Versions/A/Frameworks/CFOpenDirectory.framework/Versions/A/CFOpenDirectory
0x000000000653c000 	/System/Library/Frameworks/SecurityFoundation.framework/Versions/A/SecurityFoundation
0x000000000653c000 	/System/Library/PrivateFrameworks/LanguageModeling.framework/Versions/A/LanguageModeling
0x000000000653c000 	/usr/lib/libmarisa.dylib
0x000000000653c000 	/usr/lib/libChineseTokenizer.dylib
0x000000000653c000 	/usr/lib/libcmph.dylib
0x000000000653c000 	/usr/lib/libcompression.dylib
0x000000000653c000 	/System/Library/Frameworks/ServiceManagement.framework/Versions/A/ServiceManagement
0x000000000653c000 	/usr/lib/libxslt.1.dylib
0x000000000653c000 	/System/Library/Frameworks/Carbon.framework/Versions/A/Frameworks/Ink.framework/Versions/A/Ink
0x000000000653c000 	/usr/lib/libFosl_dynamic.dylib
0x000000000653c000 	/System/Library/PrivateFrameworks/FaceCore.framework/Versions/A/FaceCore
0x000000000653c000 	/System/Library/Frameworks/OpenCL.framework/Versions/A/OpenCL
0x000000000653c000 	/System/Library/PrivateFrameworks/CrashReporterSupport.framework/Versions/A/CrashReporterSupport
0x000000000653c000 	/System/Library/PrivateFrameworks/IconServices.framework/Versions/A/IconServices
0x000000000653c000 	/System/Library/PrivateFrameworks/Apple80211.framework/Versions/A/Apple80211
0x000000000653c000 	/System/Library/Frameworks/CoreWLAN.framework/Versions/A/CoreWLAN
0x000000000653c000 	/System/Library/Frameworks/IOBluetooth.framework/Versions/A/IOBluetooth
0x000000000653c000 	/System/Library/PrivateFrameworks/CoreWiFi.framework/Versions/A/CoreWiFi
0x000000000653c000 	/System/Library/Frameworks/CoreBluetooth.framework/Versions/A/CoreBluetooth
0x000000000653c000 	/System/Library/PrivateFrameworks/ChunkingLibrary.framework/Versions/A/ChunkingLibrary
0x000000000653c000 	/System/Library/PrivateFrameworks/DebugSymbols.framework/Versions/A/DebugSymbols
0x000000000653c000 	/System/Library/PrivateFrameworks/CoreSymbolication.framework/Versions/A/CoreSymbolication
0x000000000653c000 	/System/Library/PrivateFrameworks/Symbolication.framework/Versions/A/Symbolication
0x000000000653c000 	/System/Library/PrivateFrameworks/SpeechRecognitionCore.framework/Versions/A/SpeechRecognitionCore
0x000000010da61000 	/Library/Java/JavaVirtualMachines/jdk1.8.0_45.jdk/Contents/Home/jre/lib/server/libjvm.dylib
0x000000000653c000 	/usr/lib/libstdc++.6.dylib
0x000000010e9ca000 	/Library/Java/JavaVirtualMachines/jdk1.8.0_45.jdk/Contents/Home/jre/lib/libverify.dylib
0x000000010f200000 	/Library/Java/JavaVirtualMachines/jdk1.8.0_45.jdk/Contents/Home/jre/lib/libjava.dylib
0x000000010e9e0000 	/Library/Java/JavaVirtualMachines/jdk1.8.0_45.jdk/Contents/Home/jre/lib/libzip.dylib
0x000000012966a000 	/System/Library/Frameworks/JavaVM.framework/Frameworks/JavaRuntimeSupport.framework/JavaRuntimeSupport
0x000000010e9ea000 	/System/Library/Frameworks/JavaVM.framework/Versions/A/Frameworks/JavaNativeFoundation.framework/Versions/A/JavaNativeFoundation
0x0000000129685000 	/System/Library/Frameworks/JavaVM.framework/Versions/A/JavaVM
0x000000000653c000 	/System/Library/Frameworks/Carbon.framework/Versions/A/Carbon
0x0000000129692000 	/System/Library/PrivateFrameworks/JavaLaunching.framework/Versions/A/JavaLaunching
0x000000000653c000 	/System/Library/Frameworks/Carbon.framework/Versions/A/Frameworks/CommonPanels.framework/Versions/A/CommonPanels
0x000000000653c000 	/System/Library/Frameworks/Carbon.framework/Versions/A/Frameworks/Help.framework/Versions/A/Help
0x000000000653c000 	/System/Library/Frameworks/Carbon.framework/Versions/A/Frameworks/ImageCapture.framework/Versions/A/ImageCapture
0x000000000653c000 	/System/Library/Frameworks/Carbon.framework/Versions/A/Frameworks/OpenScripting.framework/Versions/A/OpenScripting
0x000000000653c000 	/System/Library/Frameworks/Carbon.framework/Versions/A/Frameworks/Print.framework/Versions/A/Print
0x000000000653c000 	/System/Library/Frameworks/Carbon.framework/Versions/A/Frameworks/SecurityHI.framework/Versions/A/SecurityHI
0x000000012b04b000 	/Library/Java/JavaVirtualMachines/jdk1.8.0_45.jdk/Contents/Home/jre/lib/libprism_es2.dylib
0x000000012b0cc000 	/System/Library/Frameworks/OpenGL.framework/Resources/GLEngine.bundle/GLEngine
0x000000000653c000 	/System/Library/Frameworks/OpenGL.framework/Versions/A/Libraries/libGLProgrammability.dylib
0x000000012b2b4000 	/System/Library/Extensions/AppleIntelHD5000GraphicsGLDriver.bundle/Contents/MacOS/AppleIntelHD5000GraphicsGLDriver
0x000000000653c000 	/System/Library/PrivateFrameworks/GPUSupport.framework/Versions/A/Libraries/libGPUSupportMercury.dylib
0x000000012ba08000 	/System/Library/Frameworks/OpenGL.framework/Resources//GLRendererFloat.bundle/GLRendererFloat
0x000000000653c000 	/System/Library/Frameworks/OpenCL.framework/Versions/A/Libraries/libcldcpuengine.dylib
0x000000000653c000 	/System/Library/PrivateFrameworks/DiskImages.framework/Versions/A/DiskImages
0x000000000653c000 	/System/Library/Frameworks/DiscRecording.framework/Versions/A/DiscRecording
0x000000000653c000 	/usr/lib/libcsfde.dylib
0x000000000653c000 	/usr/lib/libcurl.4.dylib
0x000000000653c000 	/System/Library/PrivateFrameworks/MediaKit.framework/Versions/A/MediaKit
0x000000000653c000 	/System/Library/PrivateFrameworks/ProtectedCloudStorage.framework/Versions/A/ProtectedCloudStorage
0x000000000653c000 	/usr/lib/libCoreStorage.dylib
0x000000000653c000 	/System/Library/PrivateFrameworks/EFILogin.framework/Versions/A/EFILogin
0x000000000653c000 	/usr/lib/libutil.dylib
0x000000000653c000 	/System/Library/PrivateFrameworks/FindMyDevice.framework/Versions/A/FindMyDevice
0x000000000653c000 	/System/Library/Frameworks/LDAP.framework/Versions/A/LDAP
0x000000000653c000 	/usr/lib/libsasl2.2.dylib
0x000000000653c000 	/System/Library/PrivateFrameworks/CoreDaemon.framework/Versions/B/CoreDaemon
0x000000000653c000 	/usr/lib/libcrypto.0.9.8.dylib
0x000000000653c000 	/System/Library/PrivateFrameworks/AppleSRP.framework/Versions/A/AppleSRP
0x000000000653c000 	/System/Library/PrivateFrameworks/TrustEvaluationAgent.framework/Versions/A/TrustEvaluationAgent
0x000000012be6b000 	/Library/Java/JavaVirtualMachines/jdk1.8.0_45.jdk/Contents/Home/jre/lib/libglass.dylib
0x000000000653c000 	/System/Library/PrivateFrameworks/CoreServicesInternal.framework/Versions/A/CoreServicesInternal
0x000000000653c000 	/System/Library/CoreServices/RawCamera.bundle/Contents/MacOS/RawCamera
0x000000000653c000 	/System/Library/Frameworks/CoreGraphics.framework/Versions/A/Resources/libRIP.A.dylib
0x000000012ca0e000 	/System/Library/Frameworks/Accelerate.framework/Frameworks/vImage.framework/Versions/A/Libraries/libCGInterfaces.dylib
0x000000000653c000 	/System/Library/PrivateFrameworks/FamilyControls.framework/Versions/A/FamilyControls
0x000000000653c000 	/System/Library/PrivateFrameworks/CommerceKit.framework/Versions/A/Frameworks/CommerceCore.framework/Versions/A/CommerceCore
0x000000000653c000 	/System/Library/PrivateFrameworks/SystemAdministration.framework/Versions/A/SystemAdministration
0x000000000653c000 	/System/Library/PrivateFrameworks/AppContainer.framework/Versions/A/AppContainer
0x000000000653c000 	/System/Library/PrivateFrameworks/SecCodeWrapper.framework/Versions/A/SecCodeWrapper
0x000000000653c000 	/System/Library/Frameworks/DirectoryService.framework/Versions/A/DirectoryService
0x000000000653c000 	/System/Library/PrivateFrameworks/LoginUIKit.framework/Versions/A/Frameworks/LoginUICore.framework/Versions/A/LoginUICore
0x000000000653c000 	/usr/lib/libodfde.dylib
0x000000000653c000 	/System/Library/Frameworks/CoreGraphics.framework/Versions/A/Resources/libCGXType.A.dylib
0x000000012eaa2000 	/Library/Java/JavaVirtualMachines/jdk1.8.0_45.jdk/Contents/Home/jre/lib/libawt.dylib
0x000000012eb4a000 	/Library/Java/JavaVirtualMachines/jdk1.8.0_45.jdk/Contents/Home/jre/lib/./libmlib_image.dylib
0x000000012ec63000 	/Library/Java/JavaVirtualMachines/jdk1.8.0_45.jdk/Contents/Home/jre/lib/libawt_lwawt.dylib
0x000000012ed17000 	/Library/Java/JavaVirtualMachines/jdk1.8.0_45.jdk/Contents/Home/jre/lib/./libosxapp.dylib
0x000000000653c000 	/System/Library/Frameworks/ExceptionHandling.framework/Versions/A/ExceptionHandling
0x000000012f960000 	cl_kernels
0x000000000653c000 	/System/Library/Frameworks/OpenCL.framework/Versions/A/Libraries/ImageFormats/unorm8_bgra.dylib
0x000000000653c000 	/System/Library/Frameworks/OpenCL.framework/Versions/A/Libraries/ImageFormats/unorm8_rgba.dylib
0x00000001304a7000 	/Library/Java/JavaVirtualMachines/jdk1.8.0_45.jdk/Contents/Home/jre/lib/libfontmanager.dylib
0x000000013050e000 	/Library/Java/JavaVirtualMachines/jdk1.8.0_45.jdk/Contents/Home/jre/lib/libosxui.dylib
0x000000013143f000 	/Library/Java/JavaVirtualMachines/jdk1.8.0_45.jdk/Contents/Home/jre/lib/libnet.dylib
0x0000000131285000 	/Library/Java/JavaVirtualMachines/jdk1.8.0_45.jdk/Contents/Home/jre/lib/libnio.dylib
0x000000013660b000 	/System/Library/Extensions/AppleIntelHD5000GraphicsMTLDriver.bundle/Contents/MacOS/AppleIntelHD5000GraphicsMTLDriver
0x0000000137b00000 	/Library/Java/JavaVirtualMachines/jdk1.8.0_45.jdk/Contents/Home/jre/lib/libglib-lite.dylib
0x0000000137c26000 	/Library/Java/JavaVirtualMachines/jdk1.8.0_45.jdk/Contents/Home/jre/lib/libgstreamer-lite.dylib
0x0000000137da9000 	/Library/Java/JavaVirtualMachines/jdk1.8.0_45.jdk/Contents/Home/jre/lib/libjfxmedia.dylib
0x0000000137dea000 	/Library/Java/JavaVirtualMachines/jdk1.8.0_45.jdk/Contents/Home/jre/lib/libjfxmedia_avf.dylib
0x000000000653c000 	/System/Library/Frameworks/AVFoundation.framework/Versions/A/AVFoundation
0x000000000653c000 	/System/Library/Frameworks/CoreMedia.framework/Versions/A/CoreMedia
0x000000000653c000 	/System/Library/Frameworks/MediaToolbox.framework/Versions/A/MediaToolbox
0x000000000653c000 	/System/Library/Frameworks/AVFoundation.framework/Versions/A/Resources/libAVFAudio.dylib
0x000000000653c000 	/System/Library/Frameworks/VideoToolbox.framework/Versions/A/VideoToolbox
0x000000000653c000 	/System/Library/Frameworks/CoreMediaIO.framework/Versions/A/CoreMediaIO
0x000000000653c000 	/usr/lib/libspindump.dylib
0x000000000653c000 	/System/Library/PrivateFrameworks/CoreAVCHD.framework/Versions/A/CoreAVCHD
0x000000000653c000 	/System/Library/Frameworks/MediaAccessibility.framework/Versions/A/MediaAccessibility
0x000000000653c000 	/System/Library/PrivateFrameworks/Mangrove.framework/Versions/A/Mangrove
0x000000000653c000 	/System/Library/PrivateFrameworks/CoreAUC.framework/Versions/A/CoreAUC
0x000000000653c000 	/System/Library/PrivateFrameworks/AppleVA.framework/Versions/A/AppleVA
0x000000000653c000 	/System/Library/PrivateFrameworks/XPCService.framework/Versions/A/XPCService
0x000000000653c000 	/System/Library/PrivateFrameworks/AppSandbox.framework/Versions/A/AppSandbox
0x0000000137e22000 	/usr/lib/libsandbox.1.dylib
0x000000000653c000 	/usr/lib/libMatch.1.dylib
0x0000000137e68000 	/Library/Java/JavaVirtualMachines/jdk1.8.0_45.jdk/Contents/Home/jre/lib/libjfxmedia_qtkit.dylib
0x000000000653c000 	/System/Library/Frameworks/QTKit.framework/Versions/A/QTKit
0x000000000653c000 	/System/Library/PrivateFrameworks/CoreMediaAuthoring.framework/Versions/A/CoreMediaAuthoring
0x0000000137e77000 	/Library/Java/JavaVirtualMachines/jdk1.8.0_45.jdk/Contents/Home/jre/lib/libfxplugins.dylib
0x000000013312f000 	/System/Library/Frameworks/VideoDecodeAcceleration.framework/Versions/A/VideoDecodeAcceleration
0x0000000137ea2000 	/System/Library/Extensions/AppleHDA.kext/Contents/PlugIns/AppleHDAHALPlugIn.bundle/Contents/MacOS/AppleHDAHALPlugIn
0x0000000137ed3000 	/System/Library/Components/CoreAudio.component/Contents/MacOS/CoreAudio
0x0000000138095000 	/System/Library/Components/AudioCodecs.component/Contents/MacOS/AudioCodecs
0x000000013843a000 	/Library/Java/JavaVirtualMachines/jdk1.8.0_45.jdk/Contents/Home/jre/lib/libjavafx_font.dylib
0x000000012cca6000 	/Library/Java/JavaVirtualMachines/jdk1.8.0_45.jdk/Contents/Home/jre/lib/libprism_common.dylib

VM Arguments:
jvm_args: -Dfile.encoding=UTF-8 
java_command: AudioPlaylist
java_class_path (initial): /Users/naveen/Desktop/Workspace/DigitalSplitter/bin
Launcher Type: SUN_STANDARD

Environment Variables:
PATH=/usr/bin:/bin:/usr/sbin:/sbin
SHELL=/bin/bash

Signal Handlers:
SIGSEGV: [libjvm.dylib+0x58ef95], sa_mask[0]=11111111011111110111111111111111, sa_flags=SA_ONSTACK|SA_RESTART|SA_SIGINFO
SIGBUS: [libjvm.dylib+0x58ef95], sa_mask[0]=11111111011111110111111111111111, sa_flags=SA_RESTART|SA_SIGINFO
SIGFPE: [libjvm.dylib+0x46c108], sa_mask[0]=11111111011111110111111111111111, sa_flags=SA_RESTART|SA_SIGINFO
SIGPIPE: [libjvm.dylib+0x46c108], sa_mask[0]=11111111011111110111111111111111, sa_flags=SA_RESTART|SA_SIGINFO
SIGXFSZ: [libjvm.dylib+0x46c108], sa_mask[0]=11111111011111110111111111111111, sa_flags=SA_RESTART|SA_SIGINFO
SIGILL: [libjvm.dylib+0x46c108], sa_mask[0]=11111111011111110111111111111111, sa_flags=SA_RESTART|SA_SIGINFO
SIGUSR1: SIG_DFL, sa_mask[0]=00000000000000000000000000000000, sa_flags=none
SIGUSR2: [libjvm.dylib+0x46bc26], sa_mask[0]=00100000000000000000000000000000, sa_flags=SA_RESTART|SA_SIGINFO
SIGHUP: [libjvm.dylib+0x46a1f9], sa_mask[0]=11111111011111110111111111111111, sa_flags=SA_RESTART|SA_SIGINFO
SIGINT: [libjvm.dylib+0x46a1f9], sa_mask[0]=11111111011111110111111111111111, sa_flags=SA_RESTART|SA_SIGINFO
SIGTERM: [libjvm.dylib+0x46a1f9], sa_mask[0]=11111111011111110111111111111111, sa_flags=SA_RESTART|SA_SIGINFO
SIGQUIT: [libjvm.dylib+0x46a1f9], sa_mask[0]=11111111011111110111111111111111, sa_flags=SA_RESTART|SA_SIGINFO


---------------  S Y S T E M  ---------------

OS:Bsduname:Darwin 15.3.0 Darwin Kernel Version 15.3.0: Thu Dec 10 18:40:58 PST 2015; root:xnu-3248.30.4~1/RELEASE_X86_64 x86_64
rlimit: STACK 8192k, CORE 0k, NPROC 709, NOFILE 10240, AS infinity
load average:1.65 1.56 1.61

CPU:total 4 (2 cores per cpu, 2 threads per core) family 6 model 69 stepping 1, cmov, cx8, fxsr, mmx, sse, sse2, sse3, ssse3, sse4.1, sse4.2, popcnt, avx, avx2, aes, clmul, erms, lzcnt, ht, tsc, tscinvbit, bmi1, bmi2

Memory: 4k page, physical 16777216k(1619192k free)

/proc/meminfo:


vm_info: Java HotSpot(TM) 64-Bit Server VM (25.45-b02) for bsd-amd64 JRE (1.8.0_45-b14), built on Apr 10 2015 10:46:38 by "java_re" with gcc 4.2.1 (Based on Apple Inc. build 5658) (LLVM build 2336.11.00)

time: Thu Mar 10 18:36:36 2016
elapsed time: 22 seconds (0d 0h 0m 22s)

