#
# A fatal error has been detected by the Java Runtime Environment:
#
#  SIGSEGV (0xb) at pc=0x00000001090b5ab6, pid=5735, tid=2571
#
# JRE version: Java(TM) SE Runtime Environment (8.0_45-b14) (build 1.8.0_45-b14)
# Java VM: Java HotSpot(TM) 64-Bit Server VM (25.45-b02 mixed mode bsd-amd64 compressed oops)
# Problematic frame:
# V  [libjvm.dylib+0x164ab6]
#
# Failed to write core dump. Core dumps have been disabled. To enable core dumping, try "ulimit -c unlimited" before starting Java again
#
# If you would like to submit a bug report, please visit:
#   http://bugreport.java.com/bugreport/crash.jsp
#

---------------  T H R E A D  ---------------

Current thread is native thread

siginfo: si_signo: 11 (SIGSEGV), si_code: 1 (SEGV_MAPERR), si_addr: 0x0000000000000270

Registers:
RAX=0x0000000000000000, RBX=0x0000000000000000, RCX=0x0000000109758100, RDX=0x0000000000000000
RSP=0x00007fff56f27800, RBP=0x00007fff56f27810, RSI=0x0000000000000006, RDI=0x00007fff56f27820
R8 =0x000000000000003f, R9 =0x00007fa2cbd66430, R10=0x00000000ffffffff, R11=0x0000000109feec24
R12=0x00007fa2cbde0510, R13=0x00007fa2cbd66430, R14=0x00007fa2cbf010d8, R15=0x00007fa2ca8f19f8
RIP=0x00000001090b5ab6, EFLAGS=0x0000000000010246, ERR=0x0000000000000006
  TRAPNO=0x000000000000000e

Top of Stack: (sp=0x00007fff56f27800)
0x00007fff56f27800:   0000000000000000 00007fa2cbf010d8
0x00007fff56f27810:   00007fff56f27840 00000001092573d8
0x00007fff56f27820:   0000000000000000 00007fa2c9551e50
0x00007fff56f27830:   00007fa2ca8f19f8 0000000000000000
0x00007fff56f27840:   00007fff56f27860 0000000109feec49
0x00007fff56f27850:   00007fa2c9551e00 00007fa2ca8f19f8
0x00007fff56f27860:   00007fff56f27880 0000000109feea54
0x00007fff56f27870:   00007fa2c9551e00 00007fa2ce037b90
0x00007fff56f27880:   00007fff56f27910 0000000129c943ac
0x00007fff56f27890:   0000000000000000 0000000000000000
0x00007fff56f278a0:   0000000000000000 0000000000000000
0x00007fff56f278b0:   4054000000000000 0000000000000000
0x00007fff56f278c0:   00007fa2cbdfaf60 00007fa2ce037b90
0x00007fff56f278d0:   00007fa2ce037b90 00007fff738d7500
0x00007fff56f278e0:   0000000000000000 0000000000000000
0x00007fff56f278f0:   0000000000000000 00007fff56f27958
0x00007fff56f27900:   00007fa2cbdf63b0 0000000000000000
0x00007fff56f27910:   00007fff56f27920 00007fff8800270c
0x00007fff56f27920:   00007fff56f27940 00007fff8800267f
0x00007fff56f27930:   0000000000000000 0000000000000000
0x00007fff56f27940:   00007fff56f279b0 00007fff88001d47
0x00007fff56f27950:   00007fff56f27980 00007fff7620c0a0
0x00007fff56f27960:   0000000042000000 00007fff88002640
0x00007fff56f27970:   00007fff738d6720 00007fa2cbd66430
0x00007fff56f27980:   00007fa2cbde0510 00007fff56f28158
0x00007fff56f27990:   00007fff73a03780 00007fff56f28158
0x00007fff56f279a0:   00007fa2cbd66430 00007fff8833ab0f
0x00007fff56f279b0:   00007fff56f279f0 00007fff88001ab2
0x00007fff56f279c0:   00007fff56f27fd0 0000000000000000
0x00007fff56f279d0:   00007fff73a03780 00007fff56f28158
0x00007fff56f279e0:   00007fff9602b4c0 00007fff8833ab0f
0x00007fff56f279f0:   00007fff56f28100 00007fff87ffbd42 

Instructions: (pc=0x00000001090b5ab6)
0x00000001090b5a96:   0e 48 8b 0b 49 8b 56 18 48 63 c0 48 89 0c c2 5b
0x00000001090b5aa6:   41 5e 5d c3 90 90 55 48 89 e5 41 56 53 48 8b 1f
0x00000001090b5ab6:   c7 83 70 02 00 00 05 00 00 00 48 8d 05 71 d2 75
0x00000001090b5ac6:   00 8b 00 83 f8 01 41 89 f6 75 0c 48 8d 0d be 39 

Register to memory mapping:

RAX=0x0000000000000000 is an unknown value
RBX=0x0000000000000000 is an unknown value
RCX=0x0000000109758100: jni_NativeInterface+0 in /Library/Java/JavaVirtualMachines/jdk1.8.0_45.jdk/Contents/Home/jre/lib/server/libjvm.dylib at 0x0000000108f51000
RDX=0x0000000000000000 is an unknown value
RSP=0x00007fff56f27800 is an unknown value
RBP=0x00007fff56f27810 is an unknown value
RSI=0x0000000000000006 is an unknown value
RDI=0x00007fff56f27820 is an unknown value
R8 =0x000000000000003f is an unknown value
R9 =0x00007fa2cbd66430 is an unknown value
R10=0x00000000ffffffff is an unknown value
R11=0x0000000109feec24: -[JNFWeakJObjectWrapper _getWithEnv:]+0 in /System/Library/Frameworks/JavaVM.framework/Versions/A/Frameworks/JavaNativeFoundation.framework/Versions/A/JavaNativeFoundation at 0x0000000109fe8000
R12=0x00007fa2cbde0510 is an unknown value
R13=0x00007fa2cbd66430 is an unknown value
R14=0x00007fa2cbf010d8 is a weak global jni handle
R15=0x00007fa2ca8f19f8 is an unknown value


Stack: [0x00007fff5672b000,0x00007fff56f2b000],  sp=0x00007fff56f27800,  free space=8178k
Native frames: (J=compiled Java code, j=interpreted, Vv=VM code, C=native code)
V  [libjvm.dylib+0x164ab6]
V  [libjvm.dylib+0x3063d8]
C  [JavaNativeFoundation+0x6c49]  -[JNFWeakJObjectWrapper _getWithEnv:]+0x25
C  [JavaNativeFoundation+0x6a54]  -[JNFJObjectWrapper jObjectWithEnv:]+0x16
C  [libawt_lwawt.dylib+0xa3ac]  -[AWTWindow _deliverMoveResizeEvent]+0xa4
C  [CoreFoundation+0x12870c]  __CFNOTIFICATIONCENTER_IS_CALLING_OUT_TO_AN_OBSERVER__+0xc
C  [CoreFoundation+0x12867f]  ___CFXRegistrationPost_block_invoke+0x3f
C  [CoreFoundation+0x127d47]  _CFXRegistrationPost+0x197
C  [CoreFoundation+0x127ab2]  ___CFXNotificationPost_block_invoke+0x32
C  [CoreFoundation+0x121d42]  -[_CFXNotificationRegistrar find:object:observer:enumerator:]+0x782
C  [CoreFoundation+0x10145]  _CFXNotificationPost+0x2b5
C  [Foundation+0x7921]  -[NSNotificationCenter postNotificationName:object:userInfo:]+0x42
C  [AppKit+0xc884e]  -[NSWindow _setFrameCommon:display:stashSize:]+0xdb3
C  [AppKit+0xc7a8c]  -[NSWindow _setFrame:display:allowImplicitAnimation:stashSize:]+0xde
C  [AppKit+0xc79a7]  -[NSWindow setFrame:display:]+0x43
C  [libawt_lwawt.dylib+0xc9a0]  __Java_sun_lwawt_macosx_CPlatformWindow_nativeSetNSWindowBounds_block_invoke_1+0x11c
C  [JavaNativeFoundation+0x6d60]  +[JNFRunLoop _performCopiedBlock:]+0x11
C  [Foundation+0x8dd4b]  __NSThreadPerformPerform+0x117
C  [CoreFoundation+0x7e5c1]  __CFRUNLOOP_IS_CALLING_OUT_TO_A_SOURCE0_PERFORM_FUNCTION__+0x11
C  [CoreFoundation+0x7041c]  __CFRunLoopDoSources0+0x22c
C  [CoreFoundation+0x6f93f]  __CFRunLoopRun+0x39f
C  [CoreFoundation+0x6f338]  CFRunLoopRunSpecific+0x128
C  [java+0x6490]  CreateExecutionEnvironment+0x367
C  [java+0x221c]  JLI_Launch+0x7a0
C  [java+0x84ed]  main+0x65
C  [java+0x1a74]  start+0x34


---------------  P R O C E S S  ---------------

VM state:not at safepoint (normal execution)

VM Mutex/Monitor currently owned by a thread: None

Heap:
 PSYoungGen      total 76288K, used 43939K [0x000000076ab00000, 0x0000000770000000, 0x00000007c0000000)
  eden space 65536K, 67% used [0x000000076ab00000,0x000000076d5e8de0,0x000000076eb00000)
  from space 10752K, 0% used [0x000000076f580000,0x000000076f580000,0x0000000770000000)
  to   space 10752K, 0% used [0x000000076eb00000,0x000000076eb00000,0x000000076f580000)
 ParOldGen       total 175104K, used 0K [0x00000006c0000000, 0x00000006cab00000, 0x000000076ab00000)
  object space 175104K, 0% used [0x00000006c0000000,0x00000006c0000000,0x00000006cab00000)
 Metaspace       used 19570K, capacity 20478K, committed 20736K, reserved 1067008K
  class space    used 2772K, capacity 2945K, committed 3072K, reserved 1048576K

Card table byte_map: [0x0000000119bc0000,0x000000011a3c1000] byte_map_base: 0x00000001165c0000

Marking Bits: (ParMarkBitMap*) 0x00000001098137a0
 Begin Bits: [0x000000011a917000, 0x000000011e917000)
 End Bits:   [0x000000011e917000, 0x0000000122917000)

Polling page: 0x0000000109f01000

CodeCache: size=245760Kb used=4592Kb max_used=4602Kb free=241167Kb
 bounds [0x000000010a800000, 0x000000010ac90000, 0x0000000119800000]
 total_blobs=2168 nmethods=1381 adapters=701
 compilation: enabled

Compilation events (10 events):
Event: 9.030 Thread 0x00007fa2ca03c000 1377       3       java.util.ArrayList$Itr::<init> (6 bytes)
Event: 9.030 Thread 0x00007fa2ca03c000 nmethod 1377 0x000000010ac7c110 code [0x000000010ac7c280, 0x000000010ac7c4d0]
Event: 9.030 Thread 0x00007fa2ca03c000 1378       3       java.util.ArrayList$Itr::<init> (26 bytes)
Event: 9.030 Thread 0x00007fa2ca03b800 1379       4       java.lang.StringBuilder::<init> (7 bytes)
Event: 9.030 Thread 0x00007fa2ca03c000 nmethod 1378 0x000000010ac7c610 code [0x000000010ac7c780, 0x000000010ac7c970]
Event: 9.030 Thread 0x00007fa2ca03c000 1380       3       java.util.ArrayList::iterator (10 bytes)
Event: 9.031 Thread 0x00007fa2ca03c000 nmethod 1380 0x000000010ac7ca50 code [0x000000010ac7cbc0, 0x000000010ac7ceb0]
Event: 9.031 Thread 0x00007fa2ca03b800 nmethod 1379 0x000000010ac7ff50 code [0x000000010ac800a0, 0x000000010ac80198]
Event: 9.034 Thread 0x00007fa2ca03c000 1381       1       sun.lwawt.LWComponentPeer::getStateLock (5 bytes)
Event: 9.034 Thread 0x00007fa2ca03c000 nmethod 1381 0x000000010ac7fc90 code [0x000000010ac7fde0, 0x000000010ac7fef0]

GC Heap History (0 events):
No events

Deoptimization events (10 events):
Event: 1.568 Thread 0x00007fa2ca8f1800 Uncommon trap: reason=class_check action=maybe_recompile pc=0x000000010ab2bbc4 method=java.io.DataInputStream.readShort()S @ 4
Event: 1.569 Thread 0x00007fa2ca8f1800 Uncommon trap: reason=class_check action=maybe_recompile pc=0x000000010ab2bbc4 method=java.io.DataInputStream.readShort()S @ 4
Event: 1.569 Thread 0x00007fa2ca8f1800 Uncommon trap: reason=class_check action=maybe_recompile pc=0x000000010ab2bbc4 method=java.io.DataInputStream.readShort()S @ 4
Event: 1.569 Thread 0x00007fa2ca8f1800 Uncommon trap: reason=class_check action=maybe_recompile pc=0x000000010ab2bbc4 method=java.io.DataInputStream.readShort()S @ 4
Event: 1.575 Thread 0x00007fa2ca8f1800 Uncommon trap: reason=class_check action=maybe_recompile pc=0x000000010a92495c method=java.lang.String.equals(Ljava/lang/Object;)Z @ 8
Event: 1.575 Thread 0x00007fa2ca8f1800 Uncommon trap: reason=class_check action=maybe_recompile pc=0x000000010a92495c method=java.lang.String.equals(Ljava/lang/Object;)Z @ 8
Event: 1.575 Thread 0x00007fa2ca8f1800 Uncommon trap: reason=class_check action=maybe_recompile pc=0x000000010a92495c method=java.lang.String.equals(Ljava/lang/Object;)Z @ 8
Event: 1.577 Thread 0x00007fa2ca8f1800 Uncommon trap: reason=class_check action=maybe_recompile pc=0x000000010a92495c method=java.lang.String.equals(Ljava/lang/Object;)Z @ 8
Event: 1.577 Thread 0x00007fa2ca8f1800 Uncommon trap: reason=unstable_if action=reinterpret pc=0x000000010aaa7e70 method=java.lang.String.replace(CC)Ljava/lang/String; @ 26
Event: 1.853 Thread 0x00007fa2ca8f1800 Uncommon trap: reason=unstable_if action=reinterpret pc=0x000000010aaa6a84 method=jdk.internal.org.objectweb.asm.Type.getArgumentsAndReturnSizes(Ljava/lang/String;)I @ 47

Internal exceptions (10 events):
Event: 0.176 Thread 0x00007fa2cb006000 Exception <a 'java/security/PrivilegedActionException'> (0x000000076afd4b20) thrown at [/Users/java_re/workspace/8-2-build-macosx-x86_64/jdk8u45/3457/hotspot/src/share/vm/prims/jvm.cpp, line 1382]
Event: 0.176 Thread 0x00007fa2cb006000 Exception <a 'java/security/PrivilegedActionException'> (0x000000076afd4cd8) thrown at [/Users/java_re/workspace/8-2-build-macosx-x86_64/jdk8u45/3457/hotspot/src/share/vm/prims/jvm.cpp, line 1382]
Event: 0.177 Thread 0x00007fa2cb006000 Exception <a 'java/security/PrivilegedActionException'> (0x000000076afd7ec8) thrown at [/Users/java_re/workspace/8-2-build-macosx-x86_64/jdk8u45/3457/hotspot/src/share/vm/prims/jvm.cpp, line 1382]
Event: 0.177 Thread 0x00007fa2cb006000 Exception <a 'java/security/PrivilegedActionException'> (0x000000076afd8080) thrown at [/Users/java_re/workspace/8-2-build-macosx-x86_64/jdk8u45/3457/hotspot/src/share/vm/prims/jvm.cpp, line 1382]
Event: 0.177 Thread 0x00007fa2cb006000 Exception <a 'java/lang/NullPointerException'> (0x000000076afd8818) thrown at [/Users/java_re/workspace/8-2-build-macosx-x86_64/jdk8u45/3457/hotspot/src/share/vm/interpreter/linkResolver.cpp, line 1178]
Event: 0.425 Thread 0x00007fa2ca8f1800 Exception <a 'java/io/FileNotFoundException'> (0x000000076b4fc028) thrown at [/Users/java_re/workspace/8-2-build-macosx-x86_64/jdk8u45/3457/hotspot/src/share/vm/prims/jni.cpp, line 709]
Event: 0.425 Thread 0x00007fa2ca8f1800 Exception <a 'java/io/FileNotFoundException'> (0x000000076b4fcb18) thrown at [/Users/java_re/workspace/8-2-build-macosx-x86_64/jdk8u45/3457/hotspot/src/share/vm/prims/jni.cpp, line 709]
Event: 0.992 Thread 0x00007fa2ca8f1800 Implicit null exception at 0x000000010aa3f835 to 0x000000010aa3fb95
Event: 1.352 Thread 0x00007fa2ca8f1800 Exception <a 'java/lang/NullPointerException'> (0x000000076c186268) thrown at [/Users/java_re/workspace/8-2-build-macosx-x86_64/jdk8u45/3457/hotspot/src/share/vm/interpreter/linkResolver.cpp, line 1178]
Event: 1.352 Thread 0x00007fa2ca8f1800 Exception <a 'java/lang/NullPointerException'> (0x000000076c186268) thrown at [/Users/java_re/workspace/8-2-build-macosx-x86_64/jdk8u45/3457/hotspot/src/share/vm/prims/jvm.cpp, line 1386]

Events (10 events):
Event: 9.030 loading class MusicPlayer/Library$1
Event: 9.030 loading class MusicPlayer/Library$1 done
Event: 9.031 loading class sun/lwawt/macosx/CPlatformResponder
Event: 9.031 loading class sun/lwawt/macosx/CPlatformResponder done
Event: 9.031 loading class sun/java2d/opengl/CGLLayer
Event: 9.031 loading class sun/java2d/opengl/CGLLayer done
Event: 9.037 loading class sun/lwawt/macosx/CPlatformWindow$12
Event: 9.037 loading class sun/lwawt/macosx/CPlatformWindow$12 done
Event: 9.048 loading class sun/lwawt/macosx/CWrapper$NSWindow
Event: 9.048 loading class sun/lwawt/macosx/CWrapper$NSWindow done


Dynamic libraries:
0x0000000002675000 	/System/Library/Frameworks/Cocoa.framework/Versions/A/Cocoa
0x0000000002675000 	/System/Library/Frameworks/Security.framework/Versions/A/Security
0x0000000002675000 	/System/Library/Frameworks/ApplicationServices.framework/Versions/A/ApplicationServices
0x0000000002675000 	/usr/lib/libz.1.dylib
0x0000000002675000 	/usr/lib/libSystem.B.dylib
0x0000000002675000 	/usr/lib/libobjc.A.dylib
0x0000000002675000 	/System/Library/Frameworks/CoreFoundation.framework/Versions/A/CoreFoundation
0x0000000002675000 	/System/Library/Frameworks/Foundation.framework/Versions/C/Foundation
0x0000000002675000 	/System/Library/Frameworks/AppKit.framework/Versions/C/AppKit
0x0000000002675000 	/System/Library/Frameworks/CoreData.framework/Versions/A/CoreData
0x0000000002675000 	/System/Library/PrivateFrameworks/RemoteViewServices.framework/Versions/A/RemoteViewServices
0x0000000002675000 	/System/Library/PrivateFrameworks/UIFoundation.framework/Versions/A/UIFoundation
0x0000000002675000 	/usr/lib/libScreenReader.dylib
0x0000000002675000 	/System/Library/Frameworks/Accelerate.framework/Versions/A/Accelerate
0x0000000002675000 	/System/Library/Frameworks/IOSurface.framework/Versions/A/IOSurface
0x0000000002675000 	/System/Library/Frameworks/AudioToolbox.framework/Versions/A/AudioToolbox
0x0000000002675000 	/System/Library/Frameworks/AudioUnit.framework/Versions/A/AudioUnit
0x0000000002675000 	/System/Library/PrivateFrameworks/DataDetectorsCore.framework/Versions/A/DataDetectorsCore
0x0000000002675000 	/System/Library/PrivateFrameworks/DesktopServicesPriv.framework/Versions/A/DesktopServicesPriv
0x0000000002675000 	/System/Library/Frameworks/Carbon.framework/Versions/A/Frameworks/HIToolbox.framework/Versions/A/HIToolbox
0x0000000002675000 	/System/Library/Frameworks/QuartzCore.framework/Versions/A/QuartzCore
0x0000000002675000 	/System/Library/Frameworks/Carbon.framework/Versions/A/Frameworks/SpeechRecognition.framework/Versions/A/SpeechRecognition
0x0000000002675000 	/usr/lib/libauto.dylib
0x0000000002675000 	/usr/lib/libicucore.A.dylib
0x0000000002675000 	/usr/lib/libxml2.2.dylib
0x0000000002675000 	/System/Library/PrivateFrameworks/CoreUI.framework/Versions/A/CoreUI
0x0000000002675000 	/System/Library/Frameworks/CoreAudio.framework/Versions/A/CoreAudio
0x0000000002675000 	/System/Library/Frameworks/DiskArbitration.framework/Versions/A/DiskArbitration
0x0000000002675000 	/usr/lib/liblangid.dylib
0x0000000002675000 	/System/Library/PrivateFrameworks/MultitouchSupport.framework/Versions/A/MultitouchSupport
0x0000000002675000 	/System/Library/Frameworks/IOKit.framework/Versions/A/IOKit
0x0000000002675000 	/usr/lib/libDiagnosticMessagesClient.dylib
0x0000000002675000 	/System/Library/Frameworks/CoreServices.framework/Versions/A/CoreServices
0x0000000002675000 	/System/Library/PrivateFrameworks/PerformanceAnalysis.framework/Versions/A/PerformanceAnalysis
0x0000000002675000 	/System/Library/PrivateFrameworks/GenerationalStorage.framework/Versions/A/GenerationalStorage
0x0000000002675000 	/System/Library/Frameworks/OpenGL.framework/Versions/A/OpenGL
0x0000000002675000 	/System/Library/PrivateFrameworks/Sharing.framework/Versions/A/Sharing
0x0000000002675000 	/System/Library/Frameworks/CoreGraphics.framework/Versions/A/CoreGraphics
0x0000000002675000 	/System/Library/Frameworks/CoreImage.framework/Versions/A/CoreImage
0x0000000002675000 	/System/Library/Frameworks/CoreText.framework/Versions/A/CoreText
0x0000000002675000 	/System/Library/Frameworks/ImageIO.framework/Versions/A/ImageIO
0x0000000002675000 	/System/Library/PrivateFrameworks/Backup.framework/Versions/A/Backup
0x0000000002675000 	/usr/lib/libextension.dylib
0x0000000002675000 	/usr/lib/libarchive.2.dylib
0x0000000002675000 	/System/Library/Frameworks/CFNetwork.framework/Versions/A/CFNetwork
0x0000000002675000 	/System/Library/Frameworks/SystemConfiguration.framework/Versions/A/SystemConfiguration
0x0000000002675000 	/usr/lib/libCRFSuite.dylib
0x0000000002675000 	/usr/lib/libc++.1.dylib
0x0000000002675000 	/usr/lib/libc++abi.dylib
0x0000000002675000 	/usr/lib/system/libcache.dylib
0x0000000002675000 	/usr/lib/system/libcommonCrypto.dylib
0x0000000002675000 	/usr/lib/system/libcompiler_rt.dylib
0x0000000002675000 	/usr/lib/system/libcopyfile.dylib
0x0000000002675000 	/usr/lib/system/libcorecrypto.dylib
0x0000000002675000 	/usr/lib/system/libdispatch.dylib
0x0000000002675000 	/usr/lib/system/libdyld.dylib
0x0000000002675000 	/usr/lib/system/libkeymgr.dylib
0x0000000002675000 	/usr/lib/system/liblaunch.dylib
0x0000000002675000 	/usr/lib/system/libmacho.dylib
0x0000000002675000 	/usr/lib/system/libquarantine.dylib
0x0000000002675000 	/usr/lib/system/libremovefile.dylib
0x0000000002675000 	/usr/lib/system/libsystem_asl.dylib
0x0000000002675000 	/usr/lib/system/libsystem_blocks.dylib
0x0000000002675000 	/usr/lib/system/libsystem_c.dylib
0x0000000002675000 	/usr/lib/system/libsystem_configuration.dylib
0x0000000002675000 	/usr/lib/system/libsystem_coreservices.dylib
0x0000000002675000 	/usr/lib/system/libsystem_coretls.dylib
0x0000000002675000 	/usr/lib/system/libsystem_dnssd.dylib
0x0000000002675000 	/usr/lib/system/libsystem_info.dylib
0x0000000002675000 	/usr/lib/system/libsystem_kernel.dylib
0x0000000002675000 	/usr/lib/system/libsystem_m.dylib
0x0000000002675000 	/usr/lib/system/libsystem_malloc.dylib
0x0000000002675000 	/usr/lib/system/libsystem_network.dylib
0x0000000002675000 	/usr/lib/system/libsystem_networkextension.dylib
0x0000000002675000 	/usr/lib/system/libsystem_notify.dylib
0x0000000002675000 	/usr/lib/system/libsystem_platform.dylib
0x0000000002675000 	/usr/lib/system/libsystem_pthread.dylib
0x0000000002675000 	/usr/lib/system/libsystem_sandbox.dylib
0x0000000002675000 	/usr/lib/system/libsystem_secinit.dylib
0x0000000002675000 	/usr/lib/system/libsystem_trace.dylib
0x0000000002675000 	/usr/lib/system/libunc.dylib
0x0000000002675000 	/usr/lib/system/libunwind.dylib
0x0000000002675000 	/usr/lib/system/libxpc.dylib
0x0000000002675000 	/usr/lib/libenergytrace.dylib
0x0000000002675000 	/usr/lib/libbsm.0.dylib
0x0000000002675000 	/usr/lib/system/libkxld.dylib
0x0000000002675000 	/usr/lib/libxar.1.dylib
0x0000000002675000 	/usr/lib/libsqlite3.dylib
0x0000000002675000 	/usr/lib/libpam.2.dylib
0x0000000002675000 	/usr/lib/libOpenScriptingUtil.dylib
0x0000000002675000 	/usr/lib/libbz2.1.0.dylib
0x0000000002675000 	/usr/lib/liblzma.5.dylib
0x0000000002675000 	/System/Library/Frameworks/CoreServices.framework/Versions/A/Frameworks/FSEvents.framework/Versions/A/FSEvents
0x0000000002675000 	/System/Library/Frameworks/CoreServices.framework/Versions/A/Frameworks/CarbonCore.framework/Versions/A/CarbonCore
0x0000000002675000 	/System/Library/Frameworks/CoreServices.framework/Versions/A/Frameworks/Metadata.framework/Versions/A/Metadata
0x0000000002675000 	/System/Library/Frameworks/CoreServices.framework/Versions/A/Frameworks/OSServices.framework/Versions/A/OSServices
0x0000000002675000 	/System/Library/Frameworks/CoreServices.framework/Versions/A/Frameworks/SearchKit.framework/Versions/A/SearchKit
0x0000000002675000 	/System/Library/Frameworks/CoreServices.framework/Versions/A/Frameworks/AE.framework/Versions/A/AE
0x0000000002675000 	/System/Library/Frameworks/CoreServices.framework/Versions/A/Frameworks/LaunchServices.framework/Versions/A/LaunchServices
0x0000000002675000 	/System/Library/Frameworks/CoreServices.framework/Versions/A/Frameworks/DictionaryServices.framework/Versions/A/DictionaryServices
0x0000000002675000 	/System/Library/Frameworks/CoreServices.framework/Versions/A/Frameworks/SharedFileList.framework/Versions/A/SharedFileList
0x0000000002675000 	/System/Library/Frameworks/NetFS.framework/Versions/A/NetFS
0x0000000002675000 	/System/Library/PrivateFrameworks/NetAuth.framework/Versions/A/NetAuth
0x0000000002675000 	/System/Library/PrivateFrameworks/login.framework/Versions/A/Frameworks/loginsupport.framework/Versions/A/loginsupport
0x0000000002675000 	/System/Library/PrivateFrameworks/TCC.framework/Versions/A/TCC
0x0000000002675000 	/usr/lib/libmecabra.dylib
0x0000000002675000 	/System/Library/Frameworks/ApplicationServices.framework/Versions/A/Frameworks/ATS.framework/Versions/A/ATS
0x0000000002675000 	/System/Library/Frameworks/ApplicationServices.framework/Versions/A/Frameworks/ColorSync.framework/Versions/A/ColorSync
0x0000000002675000 	/System/Library/Frameworks/ApplicationServices.framework/Versions/A/Frameworks/HIServices.framework/Versions/A/HIServices
0x0000000002675000 	/System/Library/Frameworks/ApplicationServices.framework/Versions/A/Frameworks/LangAnalysis.framework/Versions/A/LangAnalysis
0x0000000002675000 	/System/Library/Frameworks/ApplicationServices.framework/Versions/A/Frameworks/PrintCore.framework/Versions/A/PrintCore
0x0000000002675000 	/System/Library/Frameworks/ApplicationServices.framework/Versions/A/Frameworks/QD.framework/Versions/A/QD
0x0000000002675000 	/System/Library/Frameworks/ApplicationServices.framework/Versions/A/Frameworks/SpeechSynthesis.framework/Versions/A/SpeechSynthesis
0x0000000002675000 	/System/Library/Frameworks/Metal.framework/Versions/A/Metal
0x0000000002675000 	/System/Library/Frameworks/Accelerate.framework/Versions/A/Frameworks/vImage.framework/Versions/A/vImage
0x0000000002675000 	/System/Library/Frameworks/Accelerate.framework/Versions/A/Frameworks/vecLib.framework/Versions/A/vecLib
0x0000000002675000 	/System/Library/Frameworks/Accelerate.framework/Versions/A/Frameworks/vecLib.framework/Versions/A/libvDSP.dylib
0x0000000002675000 	/System/Library/Frameworks/Accelerate.framework/Versions/A/Frameworks/vecLib.framework/Versions/A/libvMisc.dylib
0x0000000002675000 	/System/Library/Frameworks/Accelerate.framework/Versions/A/Frameworks/vecLib.framework/Versions/A/libLAPACK.dylib
0x0000000002675000 	/System/Library/Frameworks/Accelerate.framework/Versions/A/Frameworks/vecLib.framework/Versions/A/libBLAS.dylib
0x0000000002675000 	/System/Library/Frameworks/Accelerate.framework/Versions/A/Frameworks/vecLib.framework/Versions/A/libLinearAlgebra.dylib
0x0000000002675000 	/System/Library/Frameworks/Accelerate.framework/Versions/A/Frameworks/vecLib.framework/Versions/A/libSparseBLAS.dylib
0x0000000002675000 	/System/Library/PrivateFrameworks/GPUCompiler.framework/libmetal_timestamp.dylib
0x0000000002675000 	/System/Library/Frameworks/OpenGL.framework/Versions/A/Libraries/libCoreFSCache.dylib
0x0000000002675000 	/System/Library/PrivateFrameworks/IOAccelerator.framework/Versions/A/IOAccelerator
0x0000000002675000 	/System/Library/Frameworks/ApplicationServices.framework/Versions/A/Frameworks/ATS.framework/Versions/A/Resources/libFontParser.dylib
0x0000000002675000 	/System/Library/Frameworks/ApplicationServices.framework/Versions/A/Frameworks/ATS.framework/Versions/A/Resources/libFontRegistry.dylib
0x0000000002675000 	/System/Library/PrivateFrameworks/AppleVPA.framework/Versions/A/AppleVPA
0x0000000002675000 	/System/Library/PrivateFrameworks/AppleJPEG.framework/Versions/A/AppleJPEG
0x0000000002675000 	/System/Library/Frameworks/ImageIO.framework/Versions/A/Resources/libJPEG.dylib
0x0000000002675000 	/System/Library/Frameworks/ImageIO.framework/Versions/A/Resources/libTIFF.dylib
0x0000000002675000 	/System/Library/Frameworks/ImageIO.framework/Versions/A/Resources/libPng.dylib
0x0000000002675000 	/System/Library/Frameworks/ImageIO.framework/Versions/A/Resources/libGIF.dylib
0x0000000002675000 	/System/Library/Frameworks/ImageIO.framework/Versions/A/Resources/libJP2.dylib
0x0000000002675000 	/System/Library/Frameworks/ImageIO.framework/Versions/A/Resources/libRadiance.dylib
0x0000000002675000 	/System/Library/Frameworks/CoreVideo.framework/Versions/A/CoreVideo
0x0000000002675000 	/System/Library/Frameworks/OpenGL.framework/Versions/A/Libraries/libGLU.dylib
0x0000000002675000 	/System/Library/Frameworks/OpenGL.framework/Versions/A/Libraries/libGFXShared.dylib
0x0000000002675000 	/System/Library/Frameworks/OpenGL.framework/Versions/A/Libraries/libGL.dylib
0x0000000002675000 	/System/Library/Frameworks/OpenGL.framework/Versions/A/Libraries/libGLImage.dylib
0x0000000002675000 	/System/Library/Frameworks/OpenGL.framework/Versions/A/Libraries/libCVMSPluginSupport.dylib
0x0000000002675000 	/System/Library/Frameworks/OpenGL.framework/Versions/A/Libraries/libCoreVMClient.dylib
0x0000000002675000 	/usr/lib/libcups.2.dylib
0x0000000002675000 	/System/Library/Frameworks/Kerberos.framework/Versions/A/Kerberos
0x0000000002675000 	/System/Library/Frameworks/GSS.framework/Versions/A/GSS
0x0000000002675000 	/usr/lib/libresolv.9.dylib
0x0000000002675000 	/usr/lib/libiconv.2.dylib
0x0000000002675000 	/System/Library/PrivateFrameworks/Heimdal.framework/Versions/A/Heimdal
0x0000000002675000 	/usr/lib/libheimdal-asn1.dylib
0x0000000002675000 	/System/Library/Frameworks/OpenDirectory.framework/Versions/A/OpenDirectory
0x0000000002675000 	/System/Library/PrivateFrameworks/CommonAuth.framework/Versions/A/CommonAuth
0x0000000002675000 	/System/Library/Frameworks/OpenDirectory.framework/Versions/A/Frameworks/CFOpenDirectory.framework/Versions/A/CFOpenDirectory
0x0000000002675000 	/System/Library/Frameworks/SecurityFoundation.framework/Versions/A/SecurityFoundation
0x0000000002675000 	/System/Library/PrivateFrameworks/LanguageModeling.framework/Versions/A/LanguageModeling
0x0000000002675000 	/usr/lib/libmarisa.dylib
0x0000000002675000 	/usr/lib/libChineseTokenizer.dylib
0x0000000002675000 	/usr/lib/libcmph.dylib
0x0000000002675000 	/usr/lib/libcompression.dylib
0x0000000002675000 	/System/Library/Frameworks/ServiceManagement.framework/Versions/A/ServiceManagement
0x0000000002675000 	/usr/lib/libxslt.1.dylib
0x0000000002675000 	/System/Library/Frameworks/Carbon.framework/Versions/A/Frameworks/Ink.framework/Versions/A/Ink
0x0000000002675000 	/usr/lib/libFosl_dynamic.dylib
0x0000000002675000 	/System/Library/PrivateFrameworks/FaceCore.framework/Versions/A/FaceCore
0x0000000002675000 	/System/Library/Frameworks/OpenCL.framework/Versions/A/OpenCL
0x0000000002675000 	/System/Library/PrivateFrameworks/CrashReporterSupport.framework/Versions/A/CrashReporterSupport
0x0000000002675000 	/System/Library/PrivateFrameworks/IconServices.framework/Versions/A/IconServices
0x0000000002675000 	/System/Library/PrivateFrameworks/Apple80211.framework/Versions/A/Apple80211
0x0000000002675000 	/System/Library/Frameworks/CoreWLAN.framework/Versions/A/CoreWLAN
0x0000000002675000 	/System/Library/Frameworks/IOBluetooth.framework/Versions/A/IOBluetooth
0x0000000002675000 	/System/Library/PrivateFrameworks/CoreWiFi.framework/Versions/A/CoreWiFi
0x0000000002675000 	/System/Library/Frameworks/CoreBluetooth.framework/Versions/A/CoreBluetooth
0x0000000002675000 	/System/Library/PrivateFrameworks/ChunkingLibrary.framework/Versions/A/ChunkingLibrary
0x0000000002675000 	/System/Library/PrivateFrameworks/DebugSymbols.framework/Versions/A/DebugSymbols
0x0000000002675000 	/System/Library/PrivateFrameworks/CoreSymbolication.framework/Versions/A/CoreSymbolication
0x0000000002675000 	/System/Library/PrivateFrameworks/Symbolication.framework/Versions/A/Symbolication
0x0000000002675000 	/System/Library/PrivateFrameworks/SpeechRecognitionCore.framework/Versions/A/SpeechRecognitionCore
0x0000000108f51000 	/Library/Java/JavaVirtualMachines/jdk1.8.0_45.jdk/Contents/Home/jre/lib/server/libjvm.dylib
0x0000000002675000 	/usr/lib/libstdc++.6.dylib
0x0000000109ebe000 	/Library/Java/JavaVirtualMachines/jdk1.8.0_45.jdk/Contents/Home/jre/lib/libverify.dylib
0x0000000109ecc000 	/Library/Java/JavaVirtualMachines/jdk1.8.0_45.jdk/Contents/Home/jre/lib/libjava.dylib
0x0000000109f0b000 	/Library/Java/JavaVirtualMachines/jdk1.8.0_45.jdk/Contents/Home/jre/lib/libzip.dylib
0x0000000124b62000 	/System/Library/Frameworks/JavaVM.framework/Frameworks/JavaRuntimeSupport.framework/JavaRuntimeSupport
0x0000000109fe8000 	/System/Library/Frameworks/JavaVM.framework/Versions/A/Frameworks/JavaNativeFoundation.framework/Versions/A/JavaNativeFoundation
0x0000000124b7d000 	/System/Library/Frameworks/JavaVM.framework/Versions/A/JavaVM
0x0000000002675000 	/System/Library/Frameworks/Carbon.framework/Versions/A/Carbon
0x0000000124b8a000 	/System/Library/PrivateFrameworks/JavaLaunching.framework/Versions/A/JavaLaunching
0x0000000002675000 	/System/Library/Frameworks/Carbon.framework/Versions/A/Frameworks/CommonPanels.framework/Versions/A/CommonPanels
0x0000000002675000 	/System/Library/Frameworks/Carbon.framework/Versions/A/Frameworks/Help.framework/Versions/A/Help
0x0000000002675000 	/System/Library/Frameworks/Carbon.framework/Versions/A/Frameworks/ImageCapture.framework/Versions/A/ImageCapture
0x0000000002675000 	/System/Library/Frameworks/Carbon.framework/Versions/A/Frameworks/OpenScripting.framework/Versions/A/OpenScripting
0x0000000002675000 	/System/Library/Frameworks/Carbon.framework/Versions/A/Frameworks/Print.framework/Versions/A/Print
0x0000000002675000 	/System/Library/Frameworks/Carbon.framework/Versions/A/Frameworks/SecurityHI.framework/Versions/A/SecurityHI
0x0000000126541000 	/Library/Java/JavaVirtualMachines/jdk1.8.0_45.jdk/Contents/Home/jre/lib/libprism_es2.dylib
0x0000000002675000 	/System/Library/Frameworks/OpenGL.framework/Versions/A/Resources/GLEngine.bundle/GLEngine
0x0000000002675000 	/System/Library/Frameworks/OpenGL.framework/Versions/A/Libraries/libGLProgrammability.dylib
0x00000001265c2000 	/System/Library/Extensions/AppleIntelHD5000GraphicsGLDriver.bundle/Contents/MacOS/AppleIntelHD5000GraphicsGLDriver
0x0000000002675000 	/System/Library/PrivateFrameworks/GPUSupport.framework/Versions/A/Libraries/libGPUSupportMercury.dylib
0x0000000002675000 	/System/Library/Frameworks/OpenGL.framework/Versions/A/Resources/GLRendererFloat.bundle/GLRendererFloat
0x0000000002675000 	/System/Library/Frameworks/OpenCL.framework/Versions/A/Libraries/libcldcpuengine.dylib
0x0000000002675000 	/System/Library/PrivateFrameworks/DiskImages.framework/Versions/A/DiskImages
0x0000000002675000 	/System/Library/Frameworks/DiscRecording.framework/Versions/A/DiscRecording
0x0000000002675000 	/usr/lib/libcsfde.dylib
0x0000000002675000 	/usr/lib/libcurl.4.dylib
0x0000000002675000 	/System/Library/PrivateFrameworks/MediaKit.framework/Versions/A/MediaKit
0x0000000002675000 	/System/Library/PrivateFrameworks/ProtectedCloudStorage.framework/Versions/A/ProtectedCloudStorage
0x0000000002675000 	/usr/lib/libCoreStorage.dylib
0x0000000002675000 	/System/Library/PrivateFrameworks/EFILogin.framework/Versions/A/EFILogin
0x0000000002675000 	/usr/lib/libutil.dylib
0x0000000002675000 	/System/Library/PrivateFrameworks/FindMyDevice.framework/Versions/A/FindMyDevice
0x0000000002675000 	/System/Library/Frameworks/LDAP.framework/Versions/A/LDAP
0x0000000002675000 	/usr/lib/libsasl2.2.dylib
0x0000000002675000 	/System/Library/PrivateFrameworks/CoreDaemon.framework/Versions/B/CoreDaemon
0x0000000002675000 	/usr/lib/libcrypto.0.9.8.dylib
0x0000000002675000 	/System/Library/PrivateFrameworks/AppleSRP.framework/Versions/A/AppleSRP
0x0000000002675000 	/System/Library/PrivateFrameworks/TrustEvaluationAgent.framework/Versions/A/TrustEvaluationAgent
0x0000000127145000 	/Library/Java/JavaVirtualMachines/jdk1.8.0_45.jdk/Contents/Home/jre/lib/libglass.dylib
0x0000000002675000 	/System/Library/PrivateFrameworks/CoreServicesInternal.framework/Versions/A/CoreServicesInternal
0x0000000002675000 	/System/Library/CoreServices/RawCamera.bundle/Contents/MacOS/RawCamera
0x0000000002675000 	/System/Library/Frameworks/CoreGraphics.framework/Versions/A/Resources/libRIP.A.dylib
0x0000000002675000 	/System/Library/Frameworks/Accelerate.framework/Versions/A/Frameworks/vImage.framework/Versions/A/Libraries/libCGInterfaces.dylib
0x0000000002675000 	/System/Library/PrivateFrameworks/FamilyControls.framework/Versions/A/FamilyControls
0x0000000002675000 	/System/Library/PrivateFrameworks/CommerceKit.framework/Versions/A/Frameworks/CommerceCore.framework/Versions/A/CommerceCore
0x0000000002675000 	/System/Library/PrivateFrameworks/SystemAdministration.framework/Versions/A/SystemAdministration
0x0000000002675000 	/System/Library/PrivateFrameworks/AppContainer.framework/Versions/A/AppContainer
0x0000000002675000 	/System/Library/PrivateFrameworks/SecCodeWrapper.framework/Versions/A/SecCodeWrapper
0x0000000002675000 	/System/Library/Frameworks/DirectoryService.framework/Versions/A/DirectoryService
0x0000000002675000 	/System/Library/PrivateFrameworks/LoginUIKit.framework/Versions/A/Frameworks/LoginUICore.framework/Versions/A/LoginUICore
0x0000000002675000 	/usr/lib/libodfde.dylib
0x0000000129b16000 	/Library/Java/JavaVirtualMachines/jdk1.8.0_45.jdk/Contents/Home/jre/lib/libawt.dylib
0x0000000129bbe000 	/Library/Java/JavaVirtualMachines/jdk1.8.0_45.jdk/Contents/Home/jre/lib/./libmlib_image.dylib
0x0000000129c8a000 	/Library/Java/JavaVirtualMachines/jdk1.8.0_45.jdk/Contents/Home/jre/lib/libawt_lwawt.dylib
0x0000000129d3e000 	/Library/Java/JavaVirtualMachines/jdk1.8.0_45.jdk/Contents/Home/jre/lib/./libosxapp.dylib
0x0000000002675000 	/System/Library/Frameworks/ExceptionHandling.framework/Versions/A/ExceptionHandling
0x000000012a6aa000 	/Library/Java/JavaVirtualMachines/jdk1.8.0_45.jdk/Contents/Home/jre/lib/libfontmanager.dylib
0x000000012a711000 	/Library/Java/JavaVirtualMachines/jdk1.8.0_45.jdk/Contents/Home/jre/lib/libosxui.dylib
0x0000000002675000 	/System/Library/Frameworks/CoreGraphics.framework/Versions/A/Resources/libCGXType.A.dylib
0x000000012bb4f000 	/Library/Java/JavaVirtualMachines/jdk1.8.0_45.jdk/Contents/Home/jre/lib/libnet.dylib
0x000000012bbae000 	/Library/Java/JavaVirtualMachines/jdk1.8.0_45.jdk/Contents/Home/jre/lib/libnio.dylib
0x000000012c8f9000 	cl_kernels
0x0000000002675000 	/System/Library/Frameworks/OpenCL.framework/Versions/A/Libraries/ImageFormats/unorm8_bgra.dylib
0x0000000002675000 	/System/Library/Frameworks/OpenCL.framework/Versions/A/Libraries/ImageFormats/unorm8_rgba.dylib
0x000000012c8ec000 	/Library/Java/JavaVirtualMachines/jdk1.8.0_45.jdk/Contents/Home/jre/lib/libjavafx_font.dylib
0x000000012cfb8000 	/Library/Java/JavaVirtualMachines/jdk1.8.0_45.jdk/Contents/Home/jre/lib/libprism_common.dylib
0x000000012d661000 	/System/Library/Extensions/AppleIntelHD5000GraphicsMTLDriver.bundle/Contents/MacOS/AppleIntelHD5000GraphicsMTLDriver

VM Arguments:
jvm_args: -Dfile.encoding=UTF-8 
java_command: MusicPlayer.GUI
java_class_path (initial): /Users/naveen/Desktop/DigitalSplitter/bin
Launcher Type: SUN_STANDARD

Environment Variables:
PATH=/usr/bin:/bin:/usr/sbin:/sbin
SHELL=/bin/bash

Signal Handlers:
SIGSEGV: [libjvm.dylib+0x58ef95], sa_mask[0]=11111111011111110111111111111111, sa_flags=SA_ONSTACK|SA_RESTART|SA_SIGINFO
SIGBUS: [libjvm.dylib+0x58ef95], sa_mask[0]=11111111011111110111111111111111, sa_flags=SA_RESTART|SA_SIGINFO
SIGFPE: [libjvm.dylib+0x46c108], sa_mask[0]=11111111011111110111111111111111, sa_flags=SA_RESTART|SA_SIGINFO
SIGPIPE: [libjvm.dylib+0x46c108], sa_mask[0]=11111111011111110111111111111111, sa_flags=SA_RESTART|SA_SIGINFO
SIGXFSZ: [libjvm.dylib+0x46c108], sa_mask[0]=11111111011111110111111111111111, sa_flags=SA_RESTART|SA_SIGINFO
SIGILL: [libjvm.dylib+0x46c108], sa_mask[0]=11111111011111110111111111111111, sa_flags=SA_RESTART|SA_SIGINFO
SIGUSR1: SIG_DFL, sa_mask[0]=00000000000000000000000000000000, sa_flags=none
SIGUSR2: [libjvm.dylib+0x46bc26], sa_mask[0]=00100000000000000000000000000000, sa_flags=SA_RESTART|SA_SIGINFO
SIGHUP: [libjvm.dylib+0x46a1f9], sa_mask[0]=11111111011111110111111111111111, sa_flags=SA_RESTART|SA_SIGINFO
SIGINT: [libjvm.dylib+0x46a1f9], sa_mask[0]=11111111011111110111111111111111, sa_flags=SA_RESTART|SA_SIGINFO
SIGTERM: [libjvm.dylib+0x46a1f9], sa_mask[0]=11111111011111110111111111111111, sa_flags=SA_RESTART|SA_SIGINFO
SIGQUIT: [libjvm.dylib+0x46a1f9], sa_mask[0]=11111111011111110111111111111111, sa_flags=SA_RESTART|SA_SIGINFO


---------------  S Y S T E M  ---------------

OS:Bsduname:Darwin 15.2.0 Darwin Kernel Version 15.2.0: Fri Nov 13 19:56:56 PST 2015; root:xnu-3248.20.55~2/RELEASE_X86_64 x86_64
rlimit: STACK 8192k, CORE 0k, NPROC 709, NOFILE 10240, AS infinity
load average:1.91 1.80 1.75

CPU:total 4 (2 cores per cpu, 2 threads per core) family 6 model 69 stepping 1, cmov, cx8, fxsr, mmx, sse, sse2, sse3, ssse3, sse4.1, sse4.2, popcnt, avx, avx2, aes, clmul, erms, lzcnt, ht, tsc, tscinvbit, bmi1, bmi2

Memory: 4k page, physical 16777216k(253532k free)

/proc/meminfo:


vm_info: Java HotSpot(TM) 64-Bit Server VM (25.45-b02) for bsd-amd64 JRE (1.8.0_45-b14), built on Apr 10 2015 10:46:38 by "java_re" with gcc 4.2.1 (Based on Apple Inc. build 5658) (LLVM build 2336.11.00)

time: Thu Jan 14 18:28:34 2016
elapsed time: 9 seconds (0d 0h 0m 9s)

