#
# A fatal error has been detected by the Java Runtime Environment:
#
#  SIGSEGV (0xb) at pc=0x000000010a964ab6, pid=9613, tid=2571
#
# JRE version: Java(TM) SE Runtime Environment (8.0_45-b14) (build 1.8.0_45-b14)
# Java VM: Java HotSpot(TM) 64-Bit Server VM (25.45-b02 mixed mode bsd-amd64 compressed oops)
# Problematic frame:
# V  [libjvm.dylib+0x164ab6]
#
# Failed to write core dump. Core dumps have been disabled. To enable core dumping, try "ulimit -c unlimited" before starting Java again
#
# If you would like to submit a bug report, please visit:
#   http://bugreport.java.com/bugreport/crash.jsp
#

---------------  T H R E A D  ---------------

Current thread is native thread

siginfo: si_signo: 11 (SIGSEGV), si_code: 1 (SEGV_MAPERR), si_addr: 0x0000000000000270

Registers:
RAX=0x0000000000000000, RBX=0x0000000000000000, RCX=0x00007f83e0da2140, RDX=0x00007f83e3611400
RSP=0x00007fff5689f5f0, RBP=0x00007fff5689f600, RSI=0x0000000000000006, RDI=0x00007fff5689f640
R8 =0x0000000000000040, R9 =0x00007f83e0f45bb0, R10=0x00007f83e0f9f160, R11=0x000000012b8e0428
R12=0x00007f83e10f49f8, R13=0x00007fff936474c0, R14=0x00007f83e10f49f8, R15=0x0000000000000000
RIP=0x000000010a964ab6, EFLAGS=0x0000000000010246, ERR=0x0000000000000006
  TRAPNO=0x000000000000000e

Top of Stack: (sp=0x00007fff5689f5f0)
0x00007fff5689f5f0:   00007f83e3611400 00007f83e10f49f8
0x00007fff5689f600:   00007fff5689f660 000000010ab06227
0x00007fff5689f610:   000000012b871420 00007f83e3550bf0
0x00007fff5689f620:   00007f83e3611400 0000000000000000
0x00007fff5689f630:   0000000000000000 0000000000000000
0x00007fff5689f640:   0000000000000000 00007f83e10f49f8
0x00007fff5689f650:   00007f83e3550bf0 00000000000000b8
0x00007fff5689f660:   00007fff5689f680 0000000125a59c31
0x00007fff5689f670:   00007f83e10f49f8 00007f83e3611400
0x00007fff5689f680:   00007fff5689f6b0 000000012b82982a
0x00007fff5689f690:   00007f83e0dd1fe0 00007f83e0d51840
0x00007fff5689f6a0:   0000000000000000 00007f83e0ccaac0
0x00007fff5689f6b0:   00007fff5689f770 000000012b841f1c
0x00007fff5689f6c0:   00007fff5689f790 0000000125a5d55b
0x00007fff5689f6d0:   00007f83e0dd1fe0 00007f83e0dd1fe0
0x00007fff5689f6e0:   0000000000000040 00007f83e0f45bb0
0x00007fff5689f6f0:   0000000125a5d55b 0000000125a5ff68
0x00007fff5689f700:   0000000000000018 0000000000000000
0x00007fff5689f710:   0000000000000000 0000000000000000
0x00007fff5689f720:   41bc952bba000000 0000000000000000
0x00007fff5689f730:   4330000000000000 4530000000000000
0x00007fff5689f740:   0000000000000000 0000000000000000
0x00007fff5689f750:   0000000000000000 0000000000000000
0x00007fff5689f760:   0000000000000000 0000000000000000
0x00007fff5689f770:   00007fff5689f790 0000000125a5bd60
0x00007fff5689f780:   0000000000000018 00007fff8f21eb0f
0x00007fff5689f790:   00007fff5689f7e0 00007fff95addd4b
0x00007fff5689f7a0:   00007f83e0c0c900 00007f83e0ccaac0
0x00007fff5689f7b0:   00007f83e100a038 00007f83e0d01850
0x00007fff5689f7c0:   00007f83e0cc10e0 00007fff77fe7cf3
0x00007fff5689f7d0:   00007f83e0cc10f8 00007f83e0d01288
0x00007fff5689f7e0:   00007fff5689f7f0 00007fff8ee3c5c1 

Instructions: (pc=0x000000010a964ab6)
0x000000010a964a96:   0e 48 8b 0b 49 8b 56 18 48 63 c0 48 89 0c c2 5b
0x000000010a964aa6:   41 5e 5d c3 90 90 55 48 89 e5 41 56 53 48 8b 1f
0x000000010a964ab6:   c7 83 70 02 00 00 05 00 00 00 48 8d 05 71 d2 75
0x000000010a964ac6:   00 8b 00 83 f8 01 41 89 f6 75 0c 48 8d 0d be 39 

Register to memory mapping:

RAX=0x0000000000000000 is an unknown value
RBX=0x0000000000000000 is an unknown value
RCX=0x00007f83e0da2140 is an unknown value
RDX=0x00007f83e3611400 is a global jni handle
RSP=0x00007fff5689f5f0 is an unknown value
RBP=0x00007fff5689f600 is an unknown value
RSI=0x0000000000000006 is an unknown value
RDI=0x00007fff5689f640 is an unknown value
R8 =0x0000000000000040 is an unknown value
R9 =0x00007f83e0f45bb0 is an unknown value
R10=0x00007f83e0f9f160 is an unknown value
R11=0x000000012b8e0428: OBJC_METACLASS_$_ThreadUtilities+0 in /Library/Java/JavaVirtualMachines/jdk1.8.0_45.jdk/Contents/Home/jre/lib/./libosxapp.dylib at 0x000000012b8d8000
R12=0x00007f83e10f49f8 is an unknown value
R13=0x00007fff936474c0: objc_msgSend+0 in /usr/lib/libobjc.A.dylib at 0x00007fff93646000
R14=0x00007f83e10f49f8 is an unknown value
R15=0x0000000000000000 is an unknown value


Stack: [0x00007fff560a2000,0x00007fff568a2000],  sp=0x00007fff5689f5f0,  free space=8181k
Native frames: (J=compiled Java code, j=interpreted, Vv=VM code, C=native code)
V  [libjvm.dylib+0x164ab6]
V  [libjvm.dylib+0x306227]
C  [JavaNativeFoundation+0x4c31]  JNFNewGlobalRef+0x1c
C  [libawt_lwawt.dylib+0x582a]  -[AWTView setInputMethod:]+0x58
C  [libawt_lwawt.dylib+0x1df1c]  __Java_sun_lwawt_macosx_CInputMethod_nativeNotifyPeer_block_invoke_1+0x6d
C  [JavaNativeFoundation+0x6d60]  +[JNFRunLoop _performCopiedBlock:]+0x11
C  [Foundation+0x8dd4b]  __NSThreadPerformPerform+0x117
C  [CoreFoundation+0x7e5c1]  __CFRUNLOOP_IS_CALLING_OUT_TO_A_SOURCE0_PERFORM_FUNCTION__+0x11
C  [CoreFoundation+0x7041c]  __CFRunLoopDoSources0+0x22c
C  [CoreFoundation+0x6f93f]  __CFRunLoopRun+0x39f
C  [CoreFoundation+0x6f338]  CFRunLoopRunSpecific+0x128
C  [java+0x6490]  CreateExecutionEnvironment+0x367
C  [java+0x221c]  JLI_Launch+0x7a0
C  [java+0x84ed]  main+0x65
C  [java+0x1a74]  start+0x34


---------------  P R O C E S S  ---------------

VM state:not at safepoint (normal execution)

VM Mutex/Monitor currently owned by a thread: None

Heap:
 PSYoungGen      total 76288K, used 14449K [0x000000076ab00000, 0x0000000770000000, 0x00000007c0000000)
  eden space 65536K, 22% used [0x000000076ab00000,0x000000076b91c790,0x000000076eb00000)
  from space 10752K, 0% used [0x000000076eb00000,0x000000076eb00000,0x000000076f580000)
  to   space 10752K, 0% used [0x000000076f580000,0x000000076f580000,0x0000000770000000)
 ParOldGen       total 123392K, used 5765K [0x00000006c0000000, 0x00000006c7880000, 0x000000076ab00000)
  object space 123392K, 4% used [0x00000006c0000000,0x00000006c05a1548,0x00000006c7880000)
 Metaspace       used 22052K, capacity 23186K, committed 23424K, reserved 1069056K
  class space    used 3158K, capacity 3426K, committed 3456K, reserved 1048576K

Card table byte_map: [0x000000011ab29000,0x000000011b32a000] byte_map_base: 0x0000000117529000

Marking Bits: (ParMarkBitMap*) 0x000000010b0c27a0
 Begin Bits: [0x000000011b880000, 0x000000011f880000)
 End Bits:   [0x000000011f880000, 0x0000000123880000)

Polling page: 0x000000010976a000

CodeCache: size=245760Kb used=6420Kb max_used=6428Kb free=239339Kb
 bounds [0x000000010b769000, 0x000000010bdb9000, 0x000000011a769000]
 total_blobs=2883 nmethods=2090 adapters=706
 compilation: enabled

Compilation events (10 events):
Event: 8.294 Thread 0x00007f83e103c800 2084       3       com.sun.prism.es2.BufferFactory::getArray (144 bytes)
Event: 8.296 Thread 0x00007f83e103c800 nmethod 2084 0x000000010bda7ed0 code [0x000000010bda82c0, 0x000000010bdaaa78]
Event: 8.296 Thread 0x00007f83e103c800 2085       3       com.sun.prism.es2.BufferFactory::getIndirectBufferByteOffset (187 bytes)
Event: 8.297 Thread 0x00007f83e103c800 nmethod 2085 0x000000010bdab650 code [0x000000010bdaba40, 0x000000010bdae4f8]
Event: 8.393 Thread 0x00007f83e103c800 2086       1       javafx.scene.layout.Background::isFillPercentageBased (5 bytes)
Event: 8.393 Thread 0x00007f83e103c800 nmethod 2086 0x000000010bda7910 code [0x000000010bda7a60, 0x000000010bda7b70]
Event: 8.472 Thread 0x00007f83e283e000 2087       4       java.lang.StringBuilder::toString (17 bytes)
Event: 8.477 Thread 0x00007f83e283e000 nmethod 2087 0x000000010bda7290 code [0x000000010bda7400, 0x000000010bda7718]
Event: 8.478 Thread 0x00007f83e103c800 2089       3       java.security.AccessController::getContext (23 bytes)
Event: 8.478 Thread 0x00007f83e103c800 nmethod 2089 0x000000010bdb1750 code [0x000000010bdb18e0, 0x000000010bdb1c58]

GC Heap History (4 events):
Event: 3.199 GC heap before
{Heap before GC invocations=1 (full 0):
 PSYoungGen      total 76288K, used 58198K [0x000000076ab00000, 0x0000000770000000, 0x00000007c0000000)
  eden space 65536K, 88% used [0x000000076ab00000,0x000000076e3d5b88,0x000000076eb00000)
  from space 10752K, 0% used [0x000000076f580000,0x000000076f580000,0x0000000770000000)
  to   space 10752K, 0% used [0x000000076eb00000,0x000000076eb00000,0x000000076f580000)
 ParOldGen       total 175104K, used 0K [0x00000006c0000000, 0x00000006cab00000, 0x000000076ab00000)
  object space 175104K, 0% used [0x00000006c0000000,0x00000006c0000000,0x00000006cab00000)
 Metaspace       used 20380K, capacity 21258K, committed 21296K, reserved 1067008K
  class space    used 2976K, capacity 3200K, committed 3200K, reserved 1048576K
Event: 3.208 GC heap after
Heap after GC invocations=1 (full 0):
 PSYoungGen      total 76288K, used 5904K [0x000000076ab00000, 0x0000000770000000, 0x00000007c0000000)
  eden space 65536K, 0% used [0x000000076ab00000,0x000000076ab00000,0x000000076eb00000)
  from space 10752K, 54% used [0x000000076eb00000,0x000000076f0c4030,0x000000076f580000)
  to   space 10752K, 0% used [0x000000076f580000,0x000000076f580000,0x0000000770000000)
 ParOldGen       total 175104K, used 16K [0x00000006c0000000, 0x00000006cab00000, 0x000000076ab00000)
  object space 175104K, 0% used [0x00000006c0000000,0x00000006c0004000,0x00000006cab00000)
 Metaspace       used 20380K, capacity 21258K, committed 21296K, reserved 1067008K
  class space    used 2976K, capacity 3200K, committed 3200K, reserved 1048576K
}
Event: 3.208 GC heap before
{Heap before GC invocations=2 (full 1):
 PSYoungGen      total 76288K, used 5904K [0x000000076ab00000, 0x0000000770000000, 0x00000007c0000000)
  eden space 65536K, 0% used [0x000000076ab00000,0x000000076ab00000,0x000000076eb00000)
  from space 10752K, 54% used [0x000000076eb00000,0x000000076f0c4030,0x000000076f580000)
  to   space 10752K, 0% used [0x000000076f580000,0x000000076f580000,0x0000000770000000)
 ParOldGen       total 175104K, used 16K [0x00000006c0000000, 0x00000006cab00000, 0x000000076ab00000)
  object space 175104K, 0% used [0x00000006c0000000,0x00000006c0004000,0x00000006cab00000)
 Metaspace       used 20380K, capacity 21258K, committed 21296K, reserved 1067008K
  class space    used 2976K, capacity 3200K, committed 3200K, reserved 1048576K
Event: 3.240 GC heap after
Heap after GC invocations=2 (full 1):
 PSYoungGen      total 76288K, used 0K [0x000000076ab00000, 0x0000000770000000, 0x00000007c0000000)
  eden space 65536K, 0% used [0x000000076ab00000,0x000000076ab00000,0x000000076eb00000)
  from space 10752K, 0% used [0x000000076eb00000,0x000000076eb00000,0x000000076f580000)
  to   space 10752K, 0% used [0x000000076f580000,0x000000076f580000,0x0000000770000000)
 ParOldGen       total 123392K, used 5765K [0x00000006c0000000, 0x00000006c7880000, 0x000000076ab00000)
  object space 123392K, 4% used [0x00000006c0000000,0x00000006c05a1548,0x00000006c7880000)
 Metaspace       used 20380K, capacity 21258K, committed 21296K, reserved 1067008K
  class space    used 2976K, capacity 3200K, committed 3200K, reserved 1048576K
}

Deoptimization events (10 events):
Event: 2.718 Thread 0x00007f83e10f4800 Uncommon trap: reason=class_check action=maybe_recompile pc=0x000000010b98e104 method=java.io.DataInputStream.readShort()S @ 4
Event: 2.718 Thread 0x00007f83e10f4800 Uncommon trap: reason=class_check action=maybe_recompile pc=0x000000010b98e104 method=java.io.DataInputStream.readShort()S @ 4
Event: 2.718 Thread 0x00007f83e10f4800 Uncommon trap: reason=class_check action=maybe_recompile pc=0x000000010b98e104 method=java.io.DataInputStream.readShort()S @ 4
Event: 2.718 Thread 0x00007f83e10f4800 Uncommon trap: reason=class_check action=maybe_recompile pc=0x000000010b98e104 method=java.io.DataInputStream.readShort()S @ 4
Event: 2.720 Thread 0x00007f83e10f4800 Uncommon trap: reason=class_check action=maybe_recompile pc=0x000000010b88e69c method=java.lang.String.equals(Ljava/lang/Object;)Z @ 8
Event: 2.720 Thread 0x00007f83e10f4800 Uncommon trap: reason=class_check action=maybe_recompile pc=0x000000010b88e69c method=java.lang.String.equals(Ljava/lang/Object;)Z @ 8
Event: 2.721 Thread 0x00007f83e10f4800 Uncommon trap: reason=class_check action=maybe_recompile pc=0x000000010b88e69c method=java.lang.String.equals(Ljava/lang/Object;)Z @ 8
Event: 2.721 Thread 0x00007f83e10f4800 Uncommon trap: reason=class_check action=maybe_recompile pc=0x000000010b88e69c method=java.lang.String.equals(Ljava/lang/Object;)Z @ 8
Event: 2.903 Thread 0x00007f83e10f4800 Uncommon trap: reason=unstable_if action=reinterpret pc=0x000000010ba1d0dc method=java.lang.CharacterData.of(I)Ljava/lang/CharacterData; @ 4
Event: 3.263 Thread 0x00007f83e10f4800 Uncommon trap: reason=unstable_if action=reinterpret pc=0x000000010bb9ef08 method=com.sun.javafx.css.BitSet.add(Ljava/lang/Object;)Z @ 91

Internal exceptions (10 events):
Event: 0.187 Thread 0x00007f83e2800800 Exception <a 'java/lang/NullPointerException'> (0x000000076afda598) thrown at [/Users/java_re/workspace/8-2-build-macosx-x86_64/jdk8u45/3457/hotspot/src/share/vm/interpreter/linkResolver.cpp, line 1178]
Event: 0.647 Thread 0x00007f83e10f4800 Exception <a 'java/lang/NullPointerException'> (0x000000076bac0250) thrown at [/Users/java_re/workspace/8-2-build-macosx-x86_64/jdk8u45/3457/hotspot/src/share/vm/interpreter/linkResolver.cpp, line 1178]
Event: 0.647 Thread 0x00007f83e10f4800 Exception <a 'java/lang/NullPointerException'> (0x000000076bac0250) thrown at [/Users/java_re/workspace/8-2-build-macosx-x86_64/jdk8u45/3457/hotspot/src/share/vm/prims/jvm.cpp, line 1386]
Event: 0.889 Thread 0x00007f83e110b800 Exception <a 'java/io/FileNotFoundException'> (0x000000076b850cf8) thrown at [/Users/java_re/workspace/8-2-build-macosx-x86_64/jdk8u45/3457/hotspot/src/share/vm/prims/jni.cpp, line 709]
Event: 0.889 Thread 0x00007f83e110b800 Exception <a 'java/io/FileNotFoundException'> (0x000000076b8517e8) thrown at [/Users/java_re/workspace/8-2-build-macosx-x86_64/jdk8u45/3457/hotspot/src/share/vm/prims/jni.cpp, line 709]
Event: 1.106 Thread 0x00007f83e110b800 Implicit null exception at 0x000000010b9b06b5 to 0x000000010b9b0a15
Event: 1.115 Thread 0x00007f83e110b800 Implicit null exception at 0x000000010b99b135 to 0x000000010b99b32d
Event: 3.241 Thread 0x00007f83e2004000 Exception <a 'java/lang/NullPointerException'> (0x000000076ad2a720) thrown at [/Users/java_re/workspace/8-2-build-macosx-x86_64/jdk8u45/3457/hotspot/src/share/vm/interpreter/linkResolver.cpp, line 1178]
Event: 3.273 Thread 0x00007f83e10f4800 Exception <a 'java/io/FileNotFoundException'> (0x000000076abc5388) thrown at [/Users/java_re/workspace/8-2-build-macosx-x86_64/jdk8u45/3457/hotspot/src/share/vm/prims/jni.cpp, line 709]
Event: 3.274 Thread 0x00007f83e10f4800 Exception <a 'java/io/FileNotFoundException'> (0x000000076abd5788) thrown at [/Users/java_re/workspace/8-2-build-macosx-x86_64/jdk8u45/3457/hotspot/src/share/vm/prims/jni.cpp, line 709]

Events (10 events):
Event: 8.517 loading class com/sun/javafx/tk/quantum/QuantumToolkit done
Event: 8.517 Thread 0x00007f83e2975800 Thread exited: 0x00007f83e2975800
Event: 8.518 Thread 0x00007f83e110b800 Thread exited: 0x00007f83e110b800
Event: 8.518 Thread 0x00007f83e2800800 Thread exited: 0x00007f83e2800800
Event: 8.518 Thread 0x00007f83e21a1000 Thread added: 0x00007f83e21a1000
Event: 8.518 Thread 0x00007f83e10f4800 Thread exited: 0x00007f83e10f4800
Event: 8.519 loading class sun/awt/im/InputMethodWindow
Event: 8.519 loading class sun/awt/im/InputMethodWindow done
Event: 8.519 loading class javax/swing/text/JTextComponent$InputMethodRequestsHandler
Event: 8.519 loading class javax/swing/text/JTextComponent$InputMethodRequestsHandler done


Dynamic libraries:
0x000000000653c000 	/System/Library/Frameworks/Cocoa.framework/Versions/A/Cocoa
0x000000010937c000 	/System/Library/Frameworks/Security.framework/Versions/A/Security
0x000000000653c000 	/System/Library/Frameworks/ApplicationServices.framework/Versions/A/ApplicationServices
0x000000000653c000 	/usr/lib/libz.1.dylib
0x000000000653c000 	/usr/lib/libSystem.B.dylib
0x000000000653c000 	/usr/lib/libobjc.A.dylib
0x000000000653c000 	/System/Library/Frameworks/CoreFoundation.framework/Versions/A/CoreFoundation
0x000000000653c000 	/System/Library/Frameworks/Foundation.framework/Versions/C/Foundation
0x000000000653c000 	/System/Library/Frameworks/AppKit.framework/Versions/C/AppKit
0x000000000653c000 	/System/Library/Frameworks/CoreData.framework/Versions/A/CoreData
0x000000000653c000 	/System/Library/PrivateFrameworks/RemoteViewServices.framework/Versions/A/RemoteViewServices
0x000000000653c000 	/System/Library/PrivateFrameworks/UIFoundation.framework/Versions/A/UIFoundation
0x000000000653c000 	/usr/lib/libScreenReader.dylib
0x000000000653c000 	/System/Library/Frameworks/Accelerate.framework/Versions/A/Accelerate
0x000000000653c000 	/System/Library/Frameworks/IOSurface.framework/Versions/A/IOSurface
0x000000000653c000 	/System/Library/Frameworks/AudioToolbox.framework/Versions/A/AudioToolbox
0x000000000653c000 	/System/Library/Frameworks/AudioUnit.framework/Versions/A/AudioUnit
0x000000000653c000 	/System/Library/PrivateFrameworks/DataDetectorsCore.framework/Versions/A/DataDetectorsCore
0x000000000653c000 	/System/Library/PrivateFrameworks/DesktopServicesPriv.framework/Versions/A/DesktopServicesPriv
0x000000000653c000 	/System/Library/Frameworks/Carbon.framework/Versions/A/Frameworks/HIToolbox.framework/Versions/A/HIToolbox
0x000000000653c000 	/System/Library/Frameworks/QuartzCore.framework/Versions/A/QuartzCore
0x000000000653c000 	/System/Library/Frameworks/Carbon.framework/Versions/A/Frameworks/SpeechRecognition.framework/Versions/A/SpeechRecognition
0x000000000653c000 	/usr/lib/libauto.dylib
0x000000000653c000 	/usr/lib/libicucore.A.dylib
0x000000000653c000 	/usr/lib/libxml2.2.dylib
0x000000000653c000 	/System/Library/PrivateFrameworks/CoreUI.framework/Versions/A/CoreUI
0x000000000653c000 	/System/Library/Frameworks/CoreAudio.framework/Versions/A/CoreAudio
0x000000000653c000 	/System/Library/Frameworks/DiskArbitration.framework/Versions/A/DiskArbitration
0x000000000653c000 	/usr/lib/liblangid.dylib
0x000000000653c000 	/System/Library/PrivateFrameworks/MultitouchSupport.framework/Versions/A/MultitouchSupport
0x000000000653c000 	/System/Library/Frameworks/IOKit.framework/Versions/A/IOKit
0x000000000653c000 	/usr/lib/libDiagnosticMessagesClient.dylib
0x000000000653c000 	/System/Library/Frameworks/CoreServices.framework/Versions/A/CoreServices
0x000000000653c000 	/System/Library/PrivateFrameworks/PerformanceAnalysis.framework/Versions/A/PerformanceAnalysis
0x000000000653c000 	/System/Library/PrivateFrameworks/GenerationalStorage.framework/Versions/A/GenerationalStorage
0x000000000653c000 	/System/Library/Frameworks/OpenGL.framework/Versions/A/OpenGL
0x000000000653c000 	/System/Library/PrivateFrameworks/Sharing.framework/Versions/A/Sharing
0x000000000653c000 	/System/Library/Frameworks/CoreGraphics.framework/Versions/A/CoreGraphics
0x000000000653c000 	/System/Library/Frameworks/CoreImage.framework/Versions/A/CoreImage
0x000000000653c000 	/System/Library/Frameworks/CoreText.framework/Versions/A/CoreText
0x000000000653c000 	/System/Library/Frameworks/ImageIO.framework/Versions/A/ImageIO
0x000000000653c000 	/System/Library/PrivateFrameworks/Backup.framework/Versions/A/Backup
0x000000000653c000 	/usr/lib/libextension.dylib
0x000000000653c000 	/usr/lib/libarchive.2.dylib
0x000000010976c000 	/System/Library/Frameworks/CFNetwork.framework/Versions/A/CFNetwork
0x000000000653c000 	/System/Library/Frameworks/SystemConfiguration.framework/Versions/A/SystemConfiguration
0x000000000653c000 	/usr/lib/libCRFSuite.dylib
0x000000000653c000 	/usr/lib/libc++.1.dylib
0x000000000653c000 	/usr/lib/libc++abi.dylib
0x000000000653c000 	/usr/lib/system/libcache.dylib
0x000000000653c000 	/usr/lib/system/libcommonCrypto.dylib
0x000000000653c000 	/usr/lib/system/libcompiler_rt.dylib
0x000000000653c000 	/usr/lib/system/libcopyfile.dylib
0x000000000653c000 	/usr/lib/system/libcorecrypto.dylib
0x000000000653c000 	/usr/lib/system/libdispatch.dylib
0x000000000653c000 	/usr/lib/system/libdyld.dylib
0x000000000653c000 	/usr/lib/system/libkeymgr.dylib
0x000000000653c000 	/usr/lib/system/liblaunch.dylib
0x000000000653c000 	/usr/lib/system/libmacho.dylib
0x000000000653c000 	/usr/lib/system/libquarantine.dylib
0x000000000653c000 	/usr/lib/system/libremovefile.dylib
0x000000000653c000 	/usr/lib/system/libsystem_asl.dylib
0x000000000653c000 	/usr/lib/system/libsystem_blocks.dylib
0x000000000653c000 	/usr/lib/system/libsystem_c.dylib
0x000000000653c000 	/usr/lib/system/libsystem_configuration.dylib
0x000000000653c000 	/usr/lib/system/libsystem_coreservices.dylib
0x000000000653c000 	/usr/lib/system/libsystem_coretls.dylib
0x000000000653c000 	/usr/lib/system/libsystem_dnssd.dylib
0x000000000653c000 	/usr/lib/system/libsystem_info.dylib
0x000000000653c000 	/usr/lib/system/libsystem_kernel.dylib
0x000000000653c000 	/usr/lib/system/libsystem_m.dylib
0x000000000653c000 	/usr/lib/system/libsystem_malloc.dylib
0x000000000653c000 	/usr/lib/system/libsystem_network.dylib
0x000000000653c000 	/usr/lib/system/libsystem_networkextension.dylib
0x000000000653c000 	/usr/lib/system/libsystem_notify.dylib
0x000000000653c000 	/usr/lib/system/libsystem_platform.dylib
0x000000000653c000 	/usr/lib/system/libsystem_pthread.dylib
0x0000000109be2000 	/usr/lib/system/libsystem_sandbox.dylib
0x000000000653c000 	/usr/lib/system/libsystem_secinit.dylib
0x000000000653c000 	/usr/lib/system/libsystem_trace.dylib
0x000000000653c000 	/usr/lib/system/libunc.dylib
0x000000000653c000 	/usr/lib/system/libunwind.dylib
0x000000000653c000 	/usr/lib/system/libxpc.dylib
0x000000000653c000 	/usr/lib/libenergytrace.dylib
0x000000000653c000 	/usr/lib/libbsm.0.dylib
0x000000000653c000 	/usr/lib/system/libkxld.dylib
0x000000000653c000 	/usr/lib/libxar.1.dylib
0x000000000653c000 	/usr/lib/libsqlite3.dylib
0x000000000653c000 	/usr/lib/libpam.2.dylib
0x000000000653c000 	/usr/lib/libOpenScriptingUtil.dylib
0x000000000653c000 	/usr/lib/libbz2.1.0.dylib
0x000000000653c000 	/usr/lib/liblzma.5.dylib
0x000000000653c000 	/System/Library/Frameworks/CoreServices.framework/Versions/A/Frameworks/FSEvents.framework/Versions/A/FSEvents
0x000000000653c000 	/System/Library/Frameworks/CoreServices.framework/Versions/A/Frameworks/CarbonCore.framework/Versions/A/CarbonCore
0x000000000653c000 	/System/Library/Frameworks/CoreServices.framework/Versions/A/Frameworks/Metadata.framework/Versions/A/Metadata
0x000000000653c000 	/System/Library/Frameworks/CoreServices.framework/Versions/A/Frameworks/OSServices.framework/Versions/A/OSServices
0x000000000653c000 	/System/Library/Frameworks/CoreServices.framework/Versions/A/Frameworks/SearchKit.framework/Versions/A/SearchKit
0x000000000653c000 	/System/Library/Frameworks/CoreServices.framework/Versions/A/Frameworks/AE.framework/Versions/A/AE
0x000000000653c000 	/System/Library/Frameworks/CoreServices.framework/Versions/A/Frameworks/LaunchServices.framework/Versions/A/LaunchServices
0x000000000653c000 	/System/Library/Frameworks/CoreServices.framework/Versions/A/Frameworks/DictionaryServices.framework/Versions/A/DictionaryServices
0x000000000653c000 	/System/Library/Frameworks/CoreServices.framework/Versions/A/Frameworks/SharedFileList.framework/Versions/A/SharedFileList
0x000000000653c000 	/System/Library/Frameworks/NetFS.framework/Versions/A/NetFS
0x000000000653c000 	/System/Library/PrivateFrameworks/NetAuth.framework/Versions/A/NetAuth
0x000000000653c000 	/System/Library/PrivateFrameworks/login.framework/Versions/A/Frameworks/loginsupport.framework/Versions/A/loginsupport
0x000000000653c000 	/System/Library/PrivateFrameworks/TCC.framework/Versions/A/TCC
0x000000000653c000 	/usr/lib/libmecabra.dylib
0x000000000653c000 	/System/Library/Frameworks/ApplicationServices.framework/Versions/A/Frameworks/ATS.framework/Versions/A/ATS
0x000000000653c000 	/System/Library/Frameworks/ApplicationServices.framework/Versions/A/Frameworks/ColorSync.framework/Versions/A/ColorSync
0x000000000653c000 	/System/Library/Frameworks/ApplicationServices.framework/Versions/A/Frameworks/HIServices.framework/Versions/A/HIServices
0x000000000653c000 	/System/Library/Frameworks/ApplicationServices.framework/Versions/A/Frameworks/LangAnalysis.framework/Versions/A/LangAnalysis
0x000000000653c000 	/System/Library/Frameworks/ApplicationServices.framework/Versions/A/Frameworks/PrintCore.framework/Versions/A/PrintCore
0x000000000653c000 	/System/Library/Frameworks/ApplicationServices.framework/Versions/A/Frameworks/QD.framework/Versions/A/QD
0x000000000653c000 	/System/Library/Frameworks/ApplicationServices.framework/Versions/A/Frameworks/SpeechSynthesis.framework/Versions/A/SpeechSynthesis
0x000000000653c000 	/System/Library/Frameworks/Metal.framework/Versions/A/Metal
0x000000000653c000 	/System/Library/Frameworks/Accelerate.framework/Versions/A/Frameworks/vImage.framework/Versions/A/vImage
0x000000000653c000 	/System/Library/Frameworks/Accelerate.framework/Versions/A/Frameworks/vecLib.framework/Versions/A/vecLib
0x000000000653c000 	/System/Library/Frameworks/Accelerate.framework/Versions/A/Frameworks/vecLib.framework/Versions/A/libvDSP.dylib
0x000000000653c000 	/System/Library/Frameworks/Accelerate.framework/Versions/A/Frameworks/vecLib.framework/Versions/A/libvMisc.dylib
0x000000000653c000 	/System/Library/Frameworks/Accelerate.framework/Versions/A/Frameworks/vecLib.framework/Versions/A/libLAPACK.dylib
0x000000000653c000 	/System/Library/Frameworks/Accelerate.framework/Versions/A/Frameworks/vecLib.framework/Versions/A/libBLAS.dylib
0x000000000653c000 	/System/Library/Frameworks/Accelerate.framework/Versions/A/Frameworks/vecLib.framework/Versions/A/libLinearAlgebra.dylib
0x000000000653c000 	/System/Library/Frameworks/Accelerate.framework/Versions/A/Frameworks/vecLib.framework/Versions/A/libSparseBLAS.dylib
0x000000000653c000 	/System/Library/PrivateFrameworks/GPUCompiler.framework/libmetal_timestamp.dylib
0x000000000653c000 	/System/Library/Frameworks/OpenGL.framework/Versions/A/Libraries/libCoreFSCache.dylib
0x000000000653c000 	/System/Library/PrivateFrameworks/IOAccelerator.framework/Versions/A/IOAccelerator
0x000000000653c000 	/System/Library/Frameworks/ApplicationServices.framework/Versions/A/Frameworks/ATS.framework/Versions/A/Resources/libFontParser.dylib
0x000000000653c000 	/System/Library/Frameworks/ApplicationServices.framework/Versions/A/Frameworks/ATS.framework/Versions/A/Resources/libFontRegistry.dylib
0x000000000653c000 	/System/Library/PrivateFrameworks/AppleVPA.framework/Versions/A/AppleVPA
0x000000000653c000 	/System/Library/PrivateFrameworks/AppleJPEG.framework/Versions/A/AppleJPEG
0x000000000653c000 	/System/Library/Frameworks/ImageIO.framework/Versions/A/Resources/libJPEG.dylib
0x000000000653c000 	/System/Library/Frameworks/ImageIO.framework/Versions/A/Resources/libTIFF.dylib
0x000000000653c000 	/System/Library/Frameworks/ImageIO.framework/Versions/A/Resources/libPng.dylib
0x000000000653c000 	/System/Library/Frameworks/ImageIO.framework/Versions/A/Resources/libGIF.dylib
0x000000000653c000 	/System/Library/Frameworks/ImageIO.framework/Versions/A/Resources/libJP2.dylib
0x000000000653c000 	/System/Library/Frameworks/ImageIO.framework/Versions/A/Resources/libRadiance.dylib
0x000000000653c000 	/System/Library/Frameworks/CoreVideo.framework/Versions/A/CoreVideo
0x000000000653c000 	/System/Library/Frameworks/OpenGL.framework/Versions/A/Libraries/libGLU.dylib
0x000000000653c000 	/System/Library/Frameworks/OpenGL.framework/Versions/A/Libraries/libGFXShared.dylib
0x000000000653c000 	/System/Library/Frameworks/OpenGL.framework/Versions/A/Libraries/libGL.dylib
0x000000000653c000 	/System/Library/Frameworks/OpenGL.framework/Versions/A/Libraries/libGLImage.dylib
0x000000000653c000 	/System/Library/Frameworks/OpenGL.framework/Versions/A/Libraries/libCVMSPluginSupport.dylib
0x000000000653c000 	/System/Library/Frameworks/OpenGL.framework/Versions/A/Libraries/libCoreVMClient.dylib
0x000000000653c000 	/usr/lib/libcups.2.dylib
0x000000000653c000 	/System/Library/Frameworks/Kerberos.framework/Versions/A/Kerberos
0x000000000653c000 	/System/Library/Frameworks/GSS.framework/Versions/A/GSS
0x000000000653c000 	/usr/lib/libresolv.9.dylib
0x000000000653c000 	/usr/lib/libiconv.2.dylib
0x000000000653c000 	/System/Library/PrivateFrameworks/Heimdal.framework/Versions/A/Heimdal
0x000000000653c000 	/usr/lib/libheimdal-asn1.dylib
0x000000000653c000 	/System/Library/Frameworks/OpenDirectory.framework/Versions/A/OpenDirectory
0x000000000653c000 	/System/Library/PrivateFrameworks/CommonAuth.framework/Versions/A/CommonAuth
0x000000000653c000 	/System/Library/Frameworks/OpenDirectory.framework/Versions/A/Frameworks/CFOpenDirectory.framework/Versions/A/CFOpenDirectory
0x000000000653c000 	/System/Library/Frameworks/SecurityFoundation.framework/Versions/A/SecurityFoundation
0x000000000653c000 	/System/Library/PrivateFrameworks/LanguageModeling.framework/Versions/A/LanguageModeling
0x000000000653c000 	/usr/lib/libmarisa.dylib
0x000000000653c000 	/usr/lib/libChineseTokenizer.dylib
0x000000000653c000 	/usr/lib/libcmph.dylib
0x000000000653c000 	/usr/lib/libcompression.dylib
0x000000000653c000 	/System/Library/Frameworks/ServiceManagement.framework/Versions/A/ServiceManagement
0x000000000653c000 	/usr/lib/libxslt.1.dylib
0x000000000653c000 	/System/Library/Frameworks/Carbon.framework/Versions/A/Frameworks/Ink.framework/Versions/A/Ink
0x000000000653c000 	/usr/lib/libFosl_dynamic.dylib
0x000000000653c000 	/System/Library/PrivateFrameworks/FaceCore.framework/Versions/A/FaceCore
0x000000000653c000 	/System/Library/Frameworks/OpenCL.framework/Versions/A/OpenCL
0x000000000653c000 	/System/Library/PrivateFrameworks/CrashReporterSupport.framework/Versions/A/CrashReporterSupport
0x000000000653c000 	/System/Library/PrivateFrameworks/IconServices.framework/Versions/A/IconServices
0x000000000653c000 	/System/Library/PrivateFrameworks/Apple80211.framework/Versions/A/Apple80211
0x000000000653c000 	/System/Library/Frameworks/CoreWLAN.framework/Versions/A/CoreWLAN
0x000000000653c000 	/System/Library/Frameworks/IOBluetooth.framework/Versions/A/IOBluetooth
0x000000000653c000 	/System/Library/PrivateFrameworks/CoreWiFi.framework/Versions/A/CoreWiFi
0x000000000653c000 	/System/Library/Frameworks/CoreBluetooth.framework/Versions/A/CoreBluetooth
0x000000000653c000 	/System/Library/PrivateFrameworks/ChunkingLibrary.framework/Versions/A/ChunkingLibrary
0x000000000653c000 	/System/Library/PrivateFrameworks/DebugSymbols.framework/Versions/A/DebugSymbols
0x000000000653c000 	/System/Library/PrivateFrameworks/CoreSymbolication.framework/Versions/A/CoreSymbolication
0x000000000653c000 	/System/Library/PrivateFrameworks/Symbolication.framework/Versions/A/Symbolication
0x000000000653c000 	/System/Library/PrivateFrameworks/SpeechRecognitionCore.framework/Versions/A/SpeechRecognitionCore
0x000000010a800000 	/Library/Java/JavaVirtualMachines/jdk1.8.0_45.jdk/Contents/Home/jre/lib/server/libjvm.dylib
0x000000000653c000 	/usr/lib/libstdc++.6.dylib
0x0000000109e48000 	/Library/Java/JavaVirtualMachines/jdk1.8.0_45.jdk/Contents/Home/jre/lib/libverify.dylib
0x0000000109e56000 	/Library/Java/JavaVirtualMachines/jdk1.8.0_45.jdk/Contents/Home/jre/lib/libjava.dylib
0x0000000109e93000 	/Library/Java/JavaVirtualMachines/jdk1.8.0_45.jdk/Contents/Home/jre/lib/libzip.dylib
0x0000000109fe5000 	/System/Library/Frameworks/JavaVM.framework/Frameworks/JavaRuntimeSupport.framework/JavaRuntimeSupport
0x0000000125a55000 	/System/Library/Frameworks/JavaVM.framework/Versions/A/Frameworks/JavaNativeFoundation.framework/Versions/A/JavaNativeFoundation
0x0000000125a6a000 	/System/Library/Frameworks/JavaVM.framework/Versions/A/JavaVM
0x000000000653c000 	/System/Library/Frameworks/Carbon.framework/Versions/A/Carbon
0x0000000125a77000 	/System/Library/PrivateFrameworks/JavaLaunching.framework/Versions/A/JavaLaunching
0x000000000653c000 	/System/Library/Frameworks/Carbon.framework/Versions/A/Frameworks/CommonPanels.framework/Versions/A/CommonPanels
0x000000000653c000 	/System/Library/Frameworks/Carbon.framework/Versions/A/Frameworks/Help.framework/Versions/A/Help
0x000000000653c000 	/System/Library/Frameworks/Carbon.framework/Versions/A/Frameworks/ImageCapture.framework/Versions/A/ImageCapture
0x000000000653c000 	/System/Library/Frameworks/Carbon.framework/Versions/A/Frameworks/OpenScripting.framework/Versions/A/OpenScripting
0x000000000653c000 	/System/Library/Frameworks/Carbon.framework/Versions/A/Frameworks/Print.framework/Versions/A/Print
0x000000000653c000 	/System/Library/Frameworks/Carbon.framework/Versions/A/Frameworks/SecurityHI.framework/Versions/A/SecurityHI
0x0000000127430000 	/Library/Java/JavaVirtualMachines/jdk1.8.0_45.jdk/Contents/Home/jre/lib/libprism_es2.dylib
0x00000001274b2000 	/System/Library/Frameworks/OpenGL.framework/Resources/GLEngine.bundle/GLEngine
0x000000000653c000 	/System/Library/Frameworks/OpenGL.framework/Versions/A/Libraries/libGLProgrammability.dylib
0x000000012769a000 	/System/Library/Extensions/AppleIntelHD5000GraphicsGLDriver.bundle/Contents/MacOS/AppleIntelHD5000GraphicsGLDriver
0x000000000653c000 	/System/Library/PrivateFrameworks/GPUSupport.framework/Versions/A/Libraries/libGPUSupportMercury.dylib
0x0000000127dee000 	/System/Library/Frameworks/OpenGL.framework/Resources//GLRendererFloat.bundle/GLRendererFloat
0x000000000653c000 	/System/Library/Frameworks/OpenCL.framework/Versions/A/Libraries/libcldcpuengine.dylib
0x000000000653c000 	/System/Library/PrivateFrameworks/DiskImages.framework/Versions/A/DiskImages
0x000000000653c000 	/System/Library/Frameworks/DiscRecording.framework/Versions/A/DiscRecording
0x000000000653c000 	/usr/lib/libcsfde.dylib
0x000000000653c000 	/usr/lib/libcurl.4.dylib
0x000000000653c000 	/System/Library/PrivateFrameworks/MediaKit.framework/Versions/A/MediaKit
0x000000000653c000 	/System/Library/PrivateFrameworks/ProtectedCloudStorage.framework/Versions/A/ProtectedCloudStorage
0x000000000653c000 	/usr/lib/libCoreStorage.dylib
0x000000000653c000 	/System/Library/PrivateFrameworks/EFILogin.framework/Versions/A/EFILogin
0x000000000653c000 	/usr/lib/libutil.dylib
0x000000000653c000 	/System/Library/PrivateFrameworks/FindMyDevice.framework/Versions/A/FindMyDevice
0x000000000653c000 	/System/Library/Frameworks/LDAP.framework/Versions/A/LDAP
0x000000000653c000 	/usr/lib/libsasl2.2.dylib
0x000000000653c000 	/System/Library/PrivateFrameworks/CoreDaemon.framework/Versions/B/CoreDaemon
0x000000000653c000 	/usr/lib/libcrypto.0.9.8.dylib
0x000000000653c000 	/System/Library/PrivateFrameworks/AppleSRP.framework/Versions/A/AppleSRP
0x000000000653c000 	/System/Library/PrivateFrameworks/TrustEvaluationAgent.framework/Versions/A/TrustEvaluationAgent
0x0000000128251000 	/Library/Java/JavaVirtualMachines/jdk1.8.0_45.jdk/Contents/Home/jre/lib/libglass.dylib
0x000000000653c000 	/System/Library/PrivateFrameworks/CoreServicesInternal.framework/Versions/A/CoreServicesInternal
0x000000000653c000 	/System/Library/CoreServices/RawCamera.bundle/Contents/MacOS/RawCamera
0x000000000653c000 	/System/Library/Frameworks/CoreGraphics.framework/Versions/A/Resources/libRIP.A.dylib
0x0000000128df4000 	/System/Library/Frameworks/Accelerate.framework/Frameworks/vImage.framework/Versions/A/Libraries/libCGInterfaces.dylib
0x000000000653c000 	/System/Library/PrivateFrameworks/FamilyControls.framework/Versions/A/FamilyControls
0x000000000653c000 	/System/Library/PrivateFrameworks/CommerceKit.framework/Versions/A/Frameworks/CommerceCore.framework/Versions/A/CommerceCore
0x000000000653c000 	/System/Library/PrivateFrameworks/SystemAdministration.framework/Versions/A/SystemAdministration
0x000000000653c000 	/System/Library/PrivateFrameworks/AppContainer.framework/Versions/A/AppContainer
0x000000000653c000 	/System/Library/PrivateFrameworks/SecCodeWrapper.framework/Versions/A/SecCodeWrapper
0x000000000653c000 	/System/Library/Frameworks/DirectoryService.framework/Versions/A/DirectoryService
0x000000000653c000 	/System/Library/PrivateFrameworks/LoginUIKit.framework/Versions/A/Frameworks/LoginUICore.framework/Versions/A/LoginUICore
0x000000000653c000 	/usr/lib/libodfde.dylib
0x000000000653c000 	/System/Library/Frameworks/CoreGraphics.framework/Versions/A/Resources/libCGXType.A.dylib
0x000000012ae88000 	/Library/Java/JavaVirtualMachines/jdk1.8.0_45.jdk/Contents/Home/jre/lib/libawt.dylib
0x000000012af30000 	/Library/Java/JavaVirtualMachines/jdk1.8.0_45.jdk/Contents/Home/jre/lib/./libmlib_image.dylib
0x000000012b824000 	/Library/Java/JavaVirtualMachines/jdk1.8.0_45.jdk/Contents/Home/jre/lib/libawt_lwawt.dylib
0x000000012b8d8000 	/Library/Java/JavaVirtualMachines/jdk1.8.0_45.jdk/Contents/Home/jre/lib/./libosxapp.dylib
0x000000000653c000 	/System/Library/Frameworks/ExceptionHandling.framework/Versions/A/ExceptionHandling
0x000000012bd46000 	cl_kernels
0x000000000653c000 	/System/Library/Frameworks/OpenCL.framework/Versions/A/Libraries/ImageFormats/unorm8_bgra.dylib
0x000000000653c000 	/System/Library/Frameworks/OpenCL.framework/Versions/A/Libraries/ImageFormats/unorm8_rgba.dylib
0x000000012c83d000 	/Library/Java/JavaVirtualMachines/jdk1.8.0_45.jdk/Contents/Home/jre/lib/libfontmanager.dylib
0x000000012c8a4000 	/Library/Java/JavaVirtualMachines/jdk1.8.0_45.jdk/Contents/Home/jre/lib/libosxui.dylib
0x000000012d7d5000 	/Library/Java/JavaVirtualMachines/jdk1.8.0_45.jdk/Contents/Home/jre/lib/libnet.dylib
0x000000012d61b000 	/Library/Java/JavaVirtualMachines/jdk1.8.0_45.jdk/Contents/Home/jre/lib/libnio.dylib
0x0000000132be1000 	/System/Library/Extensions/AppleIntelHD5000GraphicsMTLDriver.bundle/Contents/MacOS/AppleIntelHD5000GraphicsMTLDriver
0x000000012dc2d000 	/Library/Java/JavaVirtualMachines/jdk1.8.0_45.jdk/Contents/Home/jre/lib/libglib-lite.dylib
0x000000012dd53000 	/Library/Java/JavaVirtualMachines/jdk1.8.0_45.jdk/Contents/Home/jre/lib/libgstreamer-lite.dylib
0x000000012ded6000 	/Library/Java/JavaVirtualMachines/jdk1.8.0_45.jdk/Contents/Home/jre/lib/libjfxmedia.dylib
0x000000012df17000 	/Library/Java/JavaVirtualMachines/jdk1.8.0_45.jdk/Contents/Home/jre/lib/libjfxmedia_avf.dylib
0x000000000653c000 	/System/Library/Frameworks/AVFoundation.framework/Versions/A/AVFoundation
0x000000000653c000 	/System/Library/Frameworks/CoreMedia.framework/Versions/A/CoreMedia
0x000000000653c000 	/System/Library/Frameworks/MediaToolbox.framework/Versions/A/MediaToolbox
0x000000000653c000 	/System/Library/Frameworks/AVFoundation.framework/Versions/A/Resources/libAVFAudio.dylib
0x000000000653c000 	/System/Library/Frameworks/VideoToolbox.framework/Versions/A/VideoToolbox
0x000000000653c000 	/System/Library/Frameworks/CoreMediaIO.framework/Versions/A/CoreMediaIO
0x000000000653c000 	/usr/lib/libspindump.dylib
0x000000000653c000 	/System/Library/PrivateFrameworks/CoreAVCHD.framework/Versions/A/CoreAVCHD
0x000000000653c000 	/System/Library/Frameworks/MediaAccessibility.framework/Versions/A/MediaAccessibility
0x000000000653c000 	/System/Library/PrivateFrameworks/Mangrove.framework/Versions/A/Mangrove
0x000000000653c000 	/System/Library/PrivateFrameworks/CoreAUC.framework/Versions/A/CoreAUC
0x000000000653c000 	/System/Library/PrivateFrameworks/AppleVA.framework/Versions/A/AppleVA
0x000000000653c000 	/System/Library/PrivateFrameworks/XPCService.framework/Versions/A/XPCService
0x000000000653c000 	/System/Library/PrivateFrameworks/AppSandbox.framework/Versions/A/AppSandbox
0x000000012df4f000 	/usr/lib/libsandbox.1.dylib
0x000000000653c000 	/usr/lib/libMatch.1.dylib
0x000000012df95000 	/Library/Java/JavaVirtualMachines/jdk1.8.0_45.jdk/Contents/Home/jre/lib/libjfxmedia_qtkit.dylib
0x000000000653c000 	/System/Library/Frameworks/QTKit.framework/Versions/A/QTKit
0x000000000653c000 	/System/Library/PrivateFrameworks/CoreMediaAuthoring.framework/Versions/A/CoreMediaAuthoring
0x000000012dfa4000 	/Library/Java/JavaVirtualMachines/jdk1.8.0_45.jdk/Contents/Home/jre/lib/libfxplugins.dylib
0x000000012dfcf000 	/System/Library/Frameworks/VideoDecodeAcceleration.framework/Versions/A/VideoDecodeAcceleration
0x000000012dfd6000 	/System/Library/Extensions/AppleHDA.kext/Contents/PlugIns/AppleHDAHALPlugIn.bundle/Contents/MacOS/AppleHDAHALPlugIn
0x000000012e00b000 	/System/Library/Components/CoreAudio.component/Contents/MacOS/CoreAudio
0x000000012e90f000 	/System/Library/Components/AudioCodecs.component/Contents/MacOS/AudioCodecs
0x000000012e1cd000 	/Library/Java/JavaVirtualMachines/jdk1.8.0_45.jdk/Contents/Home/jre/lib/libjavafx_font.dylib
0x0000000128fe4000 	/Library/Java/JavaVirtualMachines/jdk1.8.0_45.jdk/Contents/Home/jre/lib/libprism_common.dylib

VM Arguments:
jvm_args: -Dfile.encoding=UTF-8 
java_command: MusicPlayer.AudioPlaylist
java_class_path (initial): /Users/naveen/Desktop/Workspace/DigitalSplitter/bin
Launcher Type: SUN_STANDARD

Environment Variables:
PATH=/usr/bin:/bin:/usr/sbin:/sbin
SHELL=/bin/bash

Signal Handlers:
SIGSEGV: [libjvm.dylib+0x58ef95], sa_mask[0]=11111111011111110111111111111111, sa_flags=SA_ONSTACK|SA_RESTART|SA_SIGINFO
SIGBUS: [libjvm.dylib+0x58ef95], sa_mask[0]=11111111011111110111111111111111, sa_flags=SA_RESTART|SA_SIGINFO
SIGFPE: [libjvm.dylib+0x46c108], sa_mask[0]=11111111011111110111111111111111, sa_flags=SA_RESTART|SA_SIGINFO
SIGPIPE: [libjvm.dylib+0x46c108], sa_mask[0]=11111111011111110111111111111111, sa_flags=SA_RESTART|SA_SIGINFO
SIGXFSZ: [libjvm.dylib+0x46c108], sa_mask[0]=11111111011111110111111111111111, sa_flags=SA_RESTART|SA_SIGINFO
SIGILL: [libjvm.dylib+0x46c108], sa_mask[0]=11111111011111110111111111111111, sa_flags=SA_RESTART|SA_SIGINFO
SIGUSR1: SIG_DFL, sa_mask[0]=00000000000000000000000000000000, sa_flags=none
SIGUSR2: [libjvm.dylib+0x46bc26], sa_mask[0]=00100000000000000000000000000000, sa_flags=SA_RESTART|SA_SIGINFO
SIGHUP: [libjvm.dylib+0x46a1f9], sa_mask[0]=11111111011111110111111111111111, sa_flags=SA_RESTART|SA_SIGINFO
SIGINT: [libjvm.dylib+0x46a1f9], sa_mask[0]=11111111011111110111111111111111, sa_flags=SA_RESTART|SA_SIGINFO
SIGTERM: [libjvm.dylib+0x46a1f9], sa_mask[0]=11111111011111110111111111111111, sa_flags=SA_RESTART|SA_SIGINFO
SIGQUIT: [libjvm.dylib+0x46a1f9], sa_mask[0]=11111111011111110111111111111111, sa_flags=SA_RESTART|SA_SIGINFO


---------------  S Y S T E M  ---------------

OS:Bsduname:Darwin 15.3.0 Darwin Kernel Version 15.3.0: Thu Dec 10 18:40:58 PST 2015; root:xnu-3248.30.4~1/RELEASE_X86_64 x86_64
rlimit: STACK 8192k, CORE 0k, NPROC 709, NOFILE 10240, AS infinity
load average:1.84 1.83 1.71

CPU:total 4 (2 cores per cpu, 2 threads per core) family 6 model 69 stepping 1, cmov, cx8, fxsr, mmx, sse, sse2, sse3, ssse3, sse4.1, sse4.2, popcnt, avx, avx2, aes, clmul, erms, lzcnt, ht, tsc, tscinvbit, bmi1, bmi2

Memory: 4k page, physical 16777216k(404820k free)

/proc/meminfo:


vm_info: Java HotSpot(TM) 64-Bit Server VM (25.45-b02) for bsd-amd64 JRE (1.8.0_45-b14), built on Apr 10 2015 10:46:38 by "java_re" with gcc 4.2.1 (Based on Apple Inc. build 5658) (LLVM build 2336.11.00)

time: Sat Mar 12 21:01:46 2016
elapsed time: 8 seconds (0d 0h 0m 8s)

