#
# A fatal error has been detected by the Java Runtime Environment:
#
#  SIGSEGV (0xb) at pc=0x000000010367dab6, pid=550, tid=2571
#
# JRE version: Java(TM) SE Runtime Environment (8.0_45-b14) (build 1.8.0_45-b14)
# Java VM: Java HotSpot(TM) 64-Bit Server VM (25.45-b02 mixed mode bsd-amd64 compressed oops)
# Problematic frame:
# V  [libjvm.dylib+0x164ab6]  ThreadStateTransition::trans_from_native(JavaThreadState)+0xa
#
# Failed to write core dump. Core dumps have been disabled. To enable core dumping, try "ulimit -c unlimited" before starting Java again
#
# If you would like to submit a bug report, please visit:
#   http://bugreport.java.com/bugreport/crash.jsp
#

---------------  T H R E A D  ---------------

Current thread is native thread

siginfo: si_signo: 11 (SIGSEGV), si_code: 1 (SEGV_MAPERR), si_addr: 0x0000000000000270

Registers:
RAX=0x0000000000000000, RBX=0x0000000000000000, RCX=0x00007faea2ccd470, RDX=0x00007faea0471d30
RSP=0x00007fff5c960600, RBP=0x00007fff5c960610, RSI=0x0000000000000006, RDI=0x00007fff5c960650
R8 =0x0000000000000040, R9 =0x00007faea044b530, R10=0x00007faea07de890, R11=0x0000000124555428
R12=0x00007faea19351f8, R13=0x00007fff980a34c0, R14=0x00007faea19351f8, R15=0x0000000000000000
RIP=0x000000010367dab6, EFLAGS=0x0000000000010246, ERR=0x0000000000000006
  TRAPNO=0x000000000000000e

Top of Stack: (sp=0x00007fff5c960600)
0x00007fff5c960600:   00007faea0471d30 00007faea19351f8
0x00007fff5c960610:   00007fff5c960670 000000010381f227
0x00007fff5c960620:   00000001244e6420 00007faea07eb2a0
0x00007fff5c960630:   00007faea0471d30 0000000000000000
0x00007fff5c960640:   0000000000000000 0000000000000000
0x00007fff5c960650:   0000000000000000 00007faea19351f8
0x00007fff5c960660:   00007faea07eb2a0 00000000000000b8
0x00007fff5c960670:   00007fff5c960690 000000011f141c31
0x00007fff5c960680:   00007faea19351f8 00007faea0471d30
0x00007fff5c960690:   00007fff5c9606c0 000000012449e82a
0x00007fff5c9606a0:   00007faea2cd1490 00007faea2ccc7c0
0x00007fff5c9606b0:   0000000000000000 00007faea0630e50
0x00007fff5c9606c0:   00007fff5c960780 00000001244b6f1c
0x00007fff5c9606d0:   0000000000000000 000000011f14555b
0x00007fff5c9606e0:   00007faea2cd1490 00007faea2cd1490
0x00007fff5c9606f0:   0000000000000040 00007faea044b530
0x00007fff5c960700:   00007faea044b890 0000000000002f6f
0x00007fff5c960710:   00009d0000009f03 00009d0000000000
0x00007fff5c960720:   00000000ffffffff 00007faea044b538
0x00007fff5c960730:   0000000000000000 00007faea044b518
0x00007fff5c960740:   00007fff5c960780 00007fff980acced
0x00007fff5c960750:   00007faea044b500 00007faea050dd40
0x00007fff5c960760:   00007faea050dd40 00007faea2ccc7c0
0x00007fff5c960770:   0000000000000000 0000000000000000
0x00007fff5c960780:   00007fff5c9607a0 000000011f143d60
0x00007fff5c960790:   0000000000000018 00007fff8ec2bb0f
0x00007fff5c9607a0:   00007fff5c9607f0 00007fff9c2aad4b
0x00007fff5c9607b0:   00007faea050dd40 00007faea0630e50
0x00007fff5c9607c0:   00007faea1005038 00007faea050f380
0x00007fff5c9607d0:   00007faea061af40 00007fff798dfcf3
0x00007fff5c9607e0:   00007faea061af58 00007faea050f288
0x00007fff5c9607f0:   00007fff5c960800 00007fff8e8495c1 

Instructions: (pc=0x000000010367dab6)
0x000000010367da96:   0e 48 8b 0b 49 8b 56 18 48 63 c0 48 89 0c c2 5b
0x000000010367daa6:   41 5e 5d c3 90 90 55 48 89 e5 41 56 53 48 8b 1f
0x000000010367dab6:   c7 83 70 02 00 00 05 00 00 00 48 8d 05 71 d2 75
0x000000010367dac6:   00 8b 00 83 f8 01 41 89 f6 75 0c 48 8d 0d be 39 

Register to memory mapping:

RAX=0x0000000000000000 is an unknown value
RBX=0x0000000000000000 is an unknown value
RCX=0x00007faea2ccd470 is an unknown value
RDX=0x00007faea0471d30 is a global jni handle
RSP=0x00007fff5c960600 is an unknown value
RBP=0x00007fff5c960610 is an unknown value
RSI=0x0000000000000006 is an unknown value
RDI=0x00007fff5c960650 is an unknown value
R8 =0x0000000000000040 is an unknown value
R9 =0x00007faea044b530 is an unknown value
R10=0x00007faea07de890 is an unknown value
R11=0x0000000124555428: OBJC_METACLASS_$_ThreadUtilities+0 in /Library/Java/JavaVirtualMachines/jdk1.8.0_45.jdk/Contents/Home/jre/lib/./libosxapp.dylib at 0x000000012454d000
R12=0x00007faea19351f8 is an unknown value
R13=0x00007fff980a34c0: objc_msgSend+0 in /usr/lib/libobjc.A.dylib at 0x00007fff980a2000
R14=0x00007faea19351f8 is an unknown value
R15=0x0000000000000000 is an unknown value


Stack: [0x00007fff5c163000,0x00007fff5c963000],  sp=0x00007fff5c960600,  free space=8181k
Native frames: (J=compiled Java code, j=interpreted, Vv=VM code, C=native code)
V  [libjvm.dylib+0x164ab6]  ThreadStateTransition::trans_from_native(JavaThreadState)+0xa
V  [libjvm.dylib+0x306227]  jni_NewGlobalRef+0x30
C  [JavaNativeFoundation+0x4c31]  JNFNewGlobalRef+0x1c
C  [libawt_lwawt.dylib+0x582a]  -[AWTView setInputMethod:]+0x58
C  [libawt_lwawt.dylib+0x1df1c]  __Java_sun_lwawt_macosx_CInputMethod_nativeNotifyPeer_block_invoke_1+0x6d
C  [JavaNativeFoundation+0x6d60]  +[JNFRunLoop _performCopiedBlock:]+0x11
C  [Foundation+0x8dd4b]  __NSThreadPerformPerform+0x117
C  [CoreFoundation+0x7e5c1]  __CFRUNLOOP_IS_CALLING_OUT_TO_A_SOURCE0_PERFORM_FUNCTION__+0x11
C  [CoreFoundation+0x7041c]  __CFRunLoopDoSources0+0x22c
C  [CoreFoundation+0x6f93f]  __CFRunLoopRun+0x39f
C  [CoreFoundation+0x6f338]  CFRunLoopRunSpecific+0x128
C  [java+0x6490]  CreateExecutionEnvironment+0x367
C  [java+0x221c]  JLI_Launch+0x7a0
C  [java+0x84ed]  main+0x65
C  [java+0x1a74]  start+0x34


---------------  P R O C E S S  ---------------

VM state:not at safepoint (normal execution)

VM Mutex/Monitor currently owned by a thread: None

Heap:
 PSYoungGen      total 76288K, used 25381K [0x000000076ab00000, 0x0000000770000000, 0x00000007c0000000)
  eden space 65536K, 38% used [0x000000076ab00000,0x000000076c3c9430,0x000000076eb00000)
  from space 10752K, 0% used [0x000000076f580000,0x000000076f580000,0x0000000770000000)
  to   space 10752K, 0% used [0x000000076eb00000,0x000000076eb00000,0x000000076f580000)
 ParOldGen       total 175104K, used 0K [0x00000006c0000000, 0x00000006cab00000, 0x000000076ab00000)
  object space 175104K, 0% used [0x00000006c0000000,0x00000006c0000000,0x00000006cab00000)
 Metaspace       used 14388K, capacity 14774K, committed 15104K, reserved 1062912K
  class space    used 1867K, capacity 1971K, committed 2048K, reserved 1048576K

Card table byte_map: [0x00000001141c0000,0x00000001149c1000] byte_map_base: 0x0000000110bc0000

Marking Bits: (ParMarkBitMap*) 0x0000000103ddb7a0
 Begin Bits: [0x0000000114f17000, 0x0000000118f17000)
 End Bits:   [0x0000000118f17000, 0x000000011cf17000)

Polling page: 0x00000001044c9000

CodeCache: size=245760Kb used=2939Kb max_used=2944Kb free=242820Kb
 bounds [0x0000000104e00000, 0x00000001050f0000, 0x0000000113e00000]
 total_blobs=1353 nmethods=753 adapters=514
 compilation: enabled

Compilation events (10 events):
Event: 1.346 Thread 0x00007faea101e000  747       3       sun.util.calendar.BaseCalendar::isLeapYear (12 bytes)
Event: 1.346 Thread 0x00007faea101e000 nmethod 747 0x00000001050df210 code [0x00000001050df3a0, 0x00000001050df928]
Event: 1.346 Thread 0x00007faea101e000  751       3       java.lang.String::toString (2 bytes)
Event: 1.346 Thread 0x00007faea101e000 nmethod 751 0x00000001050dfb10 code [0x00000001050dfc60, 0x00000001050dfdb0]
Event: 1.346 Thread 0x00007faea101e000  749       3       java.lang.invoke.DirectMethodHandle::preparedLambdaForm (31 bytes)
Event: 1.346 Thread 0x00007faea1015800 nmethod 732 0x00000001050dfe10 code [0x00000001050dffc0, 0x00000001050e04f8]
Event: 1.347 Thread 0x00007faea101e000 nmethod 749 0x00000001050dea90 code [0x00000001050dec20, 0x00000001050df0a8]
Event: 1.347 Thread 0x00007faea101e000  752       1       java.nio.Buffer::limit (5 bytes)
Event: 1.347 Thread 0x00007faea101e000 nmethod 752 0x00000001050de7d0 code [0x00000001050de920, 0x00000001050dea30]
Event: 1.349 Thread 0x00007faea101e000  754       3       java.nio.ByteBuffer::arrayOffset (35 bytes)

GC Heap History (0 events):
No events

Deoptimization events (5 events):
Event: 0.469 Thread 0x00007faea1935000 Uncommon trap: reason=unstable_if action=reinterpret pc=0x0000000104fdce1c method=java.lang.String.indexOf([CII[CIII)I @ 134
Event: 0.469 Thread 0x00007faea1935000 Uncommon trap: reason=unstable_if action=reinterpret pc=0x0000000104fab834 method=java.lang.String.replace(CC)Ljava/lang/String; @ 2
Event: 0.719 Thread 0x00007faea0893800 Uncommon trap: reason=unstable_if action=reinterpret pc=0x0000000104fcb620 method=java.lang.String.startsWith(Ljava/lang/String;I)Z @ 25
Event: 0.723 Thread 0x00007faea0893800 Uncommon trap: reason=unstable_if action=reinterpret pc=0x0000000105055ee8 method=java.lang.AbstractStringBuilder.append(Ljava/lang/String;)Ljava/lang/AbstractStringBuilder; @ 1
Event: 0.727 Thread 0x00007faea0893800 Uncommon trap: reason=unstable_if action=reinterpret pc=0x00000001050416bc method=java.util.HashMap.hash(Ljava/lang/Object;)I @ 1

Internal exceptions (10 events):
Event: 0.202 Thread 0x00007faea2000000 Exception <a 'java/security/PrivilegedActionException'> (0x000000076afd8450) thrown at [/Users/java_re/workspace/8-2-build-macosx-x86_64/jdk8u45/3457/hotspot/src/share/vm/prims/jvm.cpp, line 1382]
Event: 0.202 Thread 0x00007faea2000000 Exception <a 'java/security/PrivilegedActionException'> (0x000000076afd8608) thrown at [/Users/java_re/workspace/8-2-build-macosx-x86_64/jdk8u45/3457/hotspot/src/share/vm/prims/jvm.cpp, line 1382]
Event: 0.202 Thread 0x00007faea2000000 Exception <a 'java/lang/NullPointerException'> (0x000000076afd8da0) thrown at [/Users/java_re/workspace/8-2-build-macosx-x86_64/jdk8u45/3457/hotspot/src/share/vm/interpreter/linkResolver.cpp, line 1178]
Event: 0.462 Thread 0x00007faea1935000 Exception <a 'java/lang/NullPointerException'> (0x000000076baa1d00) thrown at [/Users/java_re/workspace/8-2-build-macosx-x86_64/jdk8u45/3457/hotspot/src/share/vm/interpreter/linkResolver.cpp, line 1178]
Event: 0.462 Thread 0x00007faea1935000 Exception <a 'java/lang/NullPointerException'> (0x000000076baa1d00) thrown at [/Users/java_re/workspace/8-2-build-macosx-x86_64/jdk8u45/3457/hotspot/src/share/vm/prims/jvm.cpp, line 1386]
Event: 0.611 Thread 0x00007faea0893800 Exception <a 'java/io/FileNotFoundException'> (0x000000076b850da8) thrown at [/Users/java_re/workspace/8-2-build-macosx-x86_64/jdk8u45/3457/hotspot/src/share/vm/prims/jni.cpp, line 709]
Event: 0.611 Thread 0x00007faea0893800 Exception <a 'java/io/FileNotFoundException'> (0x000000076b851898) thrown at [/Users/java_re/workspace/8-2-build-macosx-x86_64/jdk8u45/3457/hotspot/src/share/vm/prims/jni.cpp, line 709]
Event: 0.723 Thread 0x00007faea0893800 Implicit null exception at 0x0000000105055b75 to 0x0000000105055ed5
Event: 0.727 Thread 0x00007faea0893800 Implicit null exception at 0x0000000105041475 to 0x00000001050416ad
Event: 1.347 Thread 0x00007faea2000000 Exception <a 'java/lang/reflect/InvocationTargetException'> (0x000000076b225b48) thrown at [/Users/java_re/workspace/8-2-build-macosx-x86_64/jdk8u45/3457/hotspot/src/share/vm/runtime/reflection.cpp, line 1080]

Events (10 events):
Event: 1.347 loading class java/lang/Throwable$PrintStreamOrWriter
Event: 1.347 loading class java/lang/Throwable$PrintStreamOrWriter done
Event: 1.347 loading class java/lang/Throwable$WrappedPrintStream done
Event: 1.348 loading class sun/awt/im/InputMethodWindow
Event: 1.348 loading class sun/awt/im/InputMethodWindow done
Event: 1.348 loading class javax/swing/text/JTextComponent$InputMethodRequestsHandler
Event: 1.348 loading class javax/swing/text/JTextComponent$InputMethodRequestsHandler done
Event: 1.348 loading class java/util/Formatter
Event: 1.348 loading class java/util/Formatter done
Event: 1.348 loading class java/util/regex/Pattern


Dynamic libraries:
0x0000000007e6b000 	/System/Library/Frameworks/Cocoa.framework/Versions/A/Cocoa
0x0000000007e6b000 	/System/Library/Frameworks/Security.framework/Versions/A/Security
0x0000000007e6b000 	/System/Library/Frameworks/ApplicationServices.framework/Versions/A/ApplicationServices
0x0000000007e6b000 	/usr/lib/libz.1.dylib
0x0000000007e6b000 	/usr/lib/libSystem.B.dylib
0x0000000007e6b000 	/usr/lib/libobjc.A.dylib
0x0000000007e6b000 	/System/Library/Frameworks/CoreFoundation.framework/Versions/A/CoreFoundation
0x0000000007e6b000 	/System/Library/Frameworks/Foundation.framework/Versions/C/Foundation
0x0000000007e6b000 	/System/Library/Frameworks/AppKit.framework/Versions/C/AppKit
0x0000000007e6b000 	/System/Library/Frameworks/CoreData.framework/Versions/A/CoreData
0x0000000007e6b000 	/System/Library/PrivateFrameworks/RemoteViewServices.framework/Versions/A/RemoteViewServices
0x0000000007e6b000 	/System/Library/PrivateFrameworks/UIFoundation.framework/Versions/A/UIFoundation
0x0000000007e6b000 	/usr/lib/libScreenReader.dylib
0x0000000007e6b000 	/System/Library/Frameworks/Accelerate.framework/Versions/A/Accelerate
0x0000000007e6b000 	/System/Library/Frameworks/IOSurface.framework/Versions/A/IOSurface
0x0000000007e6b000 	/System/Library/Frameworks/AudioToolbox.framework/Versions/A/AudioToolbox
0x0000000007e6b000 	/System/Library/Frameworks/AudioUnit.framework/Versions/A/AudioUnit
0x0000000007e6b000 	/System/Library/PrivateFrameworks/DataDetectorsCore.framework/Versions/A/DataDetectorsCore
0x0000000007e6b000 	/System/Library/PrivateFrameworks/DesktopServicesPriv.framework/Versions/A/DesktopServicesPriv
0x0000000007e6b000 	/System/Library/Frameworks/Carbon.framework/Versions/A/Frameworks/HIToolbox.framework/Versions/A/HIToolbox
0x0000000007e6b000 	/System/Library/Frameworks/QuartzCore.framework/Versions/A/QuartzCore
0x0000000007e6b000 	/System/Library/Frameworks/Carbon.framework/Versions/A/Frameworks/SpeechRecognition.framework/Versions/A/SpeechRecognition
0x0000000007e6b000 	/usr/lib/libauto.dylib
0x0000000007e6b000 	/usr/lib/libicucore.A.dylib
0x0000000007e6b000 	/usr/lib/libxml2.2.dylib
0x0000000007e6b000 	/System/Library/PrivateFrameworks/CoreUI.framework/Versions/A/CoreUI
0x0000000007e6b000 	/System/Library/Frameworks/CoreAudio.framework/Versions/A/CoreAudio
0x0000000007e6b000 	/System/Library/Frameworks/DiskArbitration.framework/Versions/A/DiskArbitration
0x0000000007e6b000 	/usr/lib/liblangid.dylib
0x0000000007e6b000 	/System/Library/PrivateFrameworks/MultitouchSupport.framework/Versions/A/MultitouchSupport
0x0000000007e6b000 	/System/Library/Frameworks/IOKit.framework/Versions/A/IOKit
0x0000000007e6b000 	/usr/lib/libDiagnosticMessagesClient.dylib
0x0000000007e6b000 	/System/Library/Frameworks/CoreServices.framework/Versions/A/CoreServices
0x0000000007e6b000 	/System/Library/PrivateFrameworks/PerformanceAnalysis.framework/Versions/A/PerformanceAnalysis
0x0000000007e6b000 	/System/Library/PrivateFrameworks/GenerationalStorage.framework/Versions/A/GenerationalStorage
0x0000000007e6b000 	/System/Library/Frameworks/OpenGL.framework/Versions/A/OpenGL
0x0000000007e6b000 	/System/Library/PrivateFrameworks/Sharing.framework/Versions/A/Sharing
0x0000000007e6b000 	/System/Library/Frameworks/CoreGraphics.framework/Versions/A/CoreGraphics
0x0000000007e6b000 	/System/Library/Frameworks/CoreImage.framework/Versions/A/CoreImage
0x0000000007e6b000 	/System/Library/Frameworks/CoreText.framework/Versions/A/CoreText
0x0000000007e6b000 	/System/Library/Frameworks/ImageIO.framework/Versions/A/ImageIO
0x0000000007e6b000 	/System/Library/PrivateFrameworks/Backup.framework/Versions/A/Backup
0x0000000007e6b000 	/usr/lib/libextension.dylib
0x0000000007e6b000 	/usr/lib/libarchive.2.dylib
0x0000000007e6b000 	/System/Library/Frameworks/CFNetwork.framework/Versions/A/CFNetwork
0x0000000007e6b000 	/System/Library/Frameworks/SystemConfiguration.framework/Versions/A/SystemConfiguration
0x0000000007e6b000 	/usr/lib/libCRFSuite.dylib
0x0000000007e6b000 	/usr/lib/libc++.1.dylib
0x0000000007e6b000 	/usr/lib/libc++abi.dylib
0x0000000007e6b000 	/usr/lib/system/libcache.dylib
0x0000000007e6b000 	/usr/lib/system/libcommonCrypto.dylib
0x0000000007e6b000 	/usr/lib/system/libcompiler_rt.dylib
0x0000000007e6b000 	/usr/lib/system/libcopyfile.dylib
0x0000000007e6b000 	/usr/lib/system/libcorecrypto.dylib
0x0000000007e6b000 	/usr/lib/system/libdispatch.dylib
0x0000000007e6b000 	/usr/lib/system/libdyld.dylib
0x0000000007e6b000 	/usr/lib/system/libkeymgr.dylib
0x0000000007e6b000 	/usr/lib/system/liblaunch.dylib
0x0000000007e6b000 	/usr/lib/system/libmacho.dylib
0x0000000007e6b000 	/usr/lib/system/libquarantine.dylib
0x0000000007e6b000 	/usr/lib/system/libremovefile.dylib
0x0000000007e6b000 	/usr/lib/system/libsystem_asl.dylib
0x0000000007e6b000 	/usr/lib/system/libsystem_blocks.dylib
0x0000000007e6b000 	/usr/lib/system/libsystem_c.dylib
0x0000000007e6b000 	/usr/lib/system/libsystem_configuration.dylib
0x0000000007e6b000 	/usr/lib/system/libsystem_coreservices.dylib
0x0000000007e6b000 	/usr/lib/system/libsystem_coretls.dylib
0x0000000007e6b000 	/usr/lib/system/libsystem_dnssd.dylib
0x0000000007e6b000 	/usr/lib/system/libsystem_info.dylib
0x0000000007e6b000 	/usr/lib/system/libsystem_kernel.dylib
0x0000000007e6b000 	/usr/lib/system/libsystem_m.dylib
0x0000000007e6b000 	/usr/lib/system/libsystem_malloc.dylib
0x0000000007e6b000 	/usr/lib/system/libsystem_network.dylib
0x0000000007e6b000 	/usr/lib/system/libsystem_networkextension.dylib
0x0000000007e6b000 	/usr/lib/system/libsystem_notify.dylib
0x0000000007e6b000 	/usr/lib/system/libsystem_platform.dylib
0x0000000007e6b000 	/usr/lib/system/libsystem_pthread.dylib
0x0000000007e6b000 	/usr/lib/system/libsystem_sandbox.dylib
0x0000000007e6b000 	/usr/lib/system/libsystem_secinit.dylib
0x0000000007e6b000 	/usr/lib/system/libsystem_trace.dylib
0x0000000007e6b000 	/usr/lib/system/libunc.dylib
0x0000000007e6b000 	/usr/lib/system/libunwind.dylib
0x0000000007e6b000 	/usr/lib/system/libxpc.dylib
0x0000000007e6b000 	/usr/lib/libenergytrace.dylib
0x0000000007e6b000 	/usr/lib/libbsm.0.dylib
0x0000000007e6b000 	/usr/lib/system/libkxld.dylib
0x0000000007e6b000 	/usr/lib/libxar.1.dylib
0x0000000007e6b000 	/usr/lib/libsqlite3.dylib
0x0000000007e6b000 	/usr/lib/libpam.2.dylib
0x0000000007e6b000 	/usr/lib/libOpenScriptingUtil.dylib
0x0000000007e6b000 	/usr/lib/libbz2.1.0.dylib
0x0000000007e6b000 	/usr/lib/liblzma.5.dylib
0x0000000007e6b000 	/System/Library/Frameworks/CoreServices.framework/Versions/A/Frameworks/FSEvents.framework/Versions/A/FSEvents
0x0000000007e6b000 	/System/Library/Frameworks/CoreServices.framework/Versions/A/Frameworks/CarbonCore.framework/Versions/A/CarbonCore
0x0000000007e6b000 	/System/Library/Frameworks/CoreServices.framework/Versions/A/Frameworks/Metadata.framework/Versions/A/Metadata
0x0000000007e6b000 	/System/Library/Frameworks/CoreServices.framework/Versions/A/Frameworks/OSServices.framework/Versions/A/OSServices
0x0000000007e6b000 	/System/Library/Frameworks/CoreServices.framework/Versions/A/Frameworks/SearchKit.framework/Versions/A/SearchKit
0x0000000007e6b000 	/System/Library/Frameworks/CoreServices.framework/Versions/A/Frameworks/AE.framework/Versions/A/AE
0x0000000007e6b000 	/System/Library/Frameworks/CoreServices.framework/Versions/A/Frameworks/LaunchServices.framework/Versions/A/LaunchServices
0x0000000007e6b000 	/System/Library/Frameworks/CoreServices.framework/Versions/A/Frameworks/DictionaryServices.framework/Versions/A/DictionaryServices
0x0000000007e6b000 	/System/Library/Frameworks/CoreServices.framework/Versions/A/Frameworks/SharedFileList.framework/Versions/A/SharedFileList
0x0000000007e6b000 	/System/Library/Frameworks/NetFS.framework/Versions/A/NetFS
0x0000000007e6b000 	/System/Library/PrivateFrameworks/NetAuth.framework/Versions/A/NetAuth
0x0000000007e6b000 	/System/Library/PrivateFrameworks/login.framework/Versions/A/Frameworks/loginsupport.framework/Versions/A/loginsupport
0x0000000007e6b000 	/System/Library/PrivateFrameworks/TCC.framework/Versions/A/TCC
0x0000000007e6b000 	/usr/lib/libmecabra.dylib
0x0000000007e6b000 	/System/Library/Frameworks/ApplicationServices.framework/Versions/A/Frameworks/ATS.framework/Versions/A/ATS
0x0000000007e6b000 	/System/Library/Frameworks/ApplicationServices.framework/Versions/A/Frameworks/ColorSync.framework/Versions/A/ColorSync
0x0000000007e6b000 	/System/Library/Frameworks/ApplicationServices.framework/Versions/A/Frameworks/HIServices.framework/Versions/A/HIServices
0x0000000007e6b000 	/System/Library/Frameworks/ApplicationServices.framework/Versions/A/Frameworks/LangAnalysis.framework/Versions/A/LangAnalysis
0x0000000007e6b000 	/System/Library/Frameworks/ApplicationServices.framework/Versions/A/Frameworks/PrintCore.framework/Versions/A/PrintCore
0x0000000007e6b000 	/System/Library/Frameworks/ApplicationServices.framework/Versions/A/Frameworks/QD.framework/Versions/A/QD
0x0000000007e6b000 	/System/Library/Frameworks/ApplicationServices.framework/Versions/A/Frameworks/SpeechSynthesis.framework/Versions/A/SpeechSynthesis
0x0000000007e6b000 	/System/Library/Frameworks/Metal.framework/Versions/A/Metal
0x0000000007e6b000 	/System/Library/Frameworks/Accelerate.framework/Versions/A/Frameworks/vImage.framework/Versions/A/vImage
0x0000000007e6b000 	/System/Library/Frameworks/Accelerate.framework/Versions/A/Frameworks/vecLib.framework/Versions/A/vecLib
0x0000000007e6b000 	/System/Library/Frameworks/Accelerate.framework/Versions/A/Frameworks/vecLib.framework/Versions/A/libvDSP.dylib
0x0000000007e6b000 	/System/Library/Frameworks/Accelerate.framework/Versions/A/Frameworks/vecLib.framework/Versions/A/libvMisc.dylib
0x0000000007e6b000 	/System/Library/Frameworks/Accelerate.framework/Versions/A/Frameworks/vecLib.framework/Versions/A/libLAPACK.dylib
0x0000000007e6b000 	/System/Library/Frameworks/Accelerate.framework/Versions/A/Frameworks/vecLib.framework/Versions/A/libBLAS.dylib
0x0000000007e6b000 	/System/Library/Frameworks/Accelerate.framework/Versions/A/Frameworks/vecLib.framework/Versions/A/libLinearAlgebra.dylib
0x0000000007e6b000 	/System/Library/Frameworks/Accelerate.framework/Versions/A/Frameworks/vecLib.framework/Versions/A/libSparseBLAS.dylib
0x0000000007e6b000 	/System/Library/PrivateFrameworks/GPUCompiler.framework/libmetal_timestamp.dylib
0x0000000007e6b000 	/System/Library/Frameworks/OpenGL.framework/Versions/A/Libraries/libCoreFSCache.dylib
0x0000000007e6b000 	/System/Library/PrivateFrameworks/IOAccelerator.framework/Versions/A/IOAccelerator
0x0000000007e6b000 	/System/Library/Frameworks/ApplicationServices.framework/Versions/A/Frameworks/ATS.framework/Versions/A/Resources/libFontParser.dylib
0x0000000007e6b000 	/System/Library/Frameworks/ApplicationServices.framework/Versions/A/Frameworks/ATS.framework/Versions/A/Resources/libFontRegistry.dylib
0x0000000007e6b000 	/System/Library/PrivateFrameworks/AppleVPA.framework/Versions/A/AppleVPA
0x0000000007e6b000 	/System/Library/PrivateFrameworks/AppleJPEG.framework/Versions/A/AppleJPEG
0x0000000007e6b000 	/System/Library/Frameworks/ImageIO.framework/Versions/A/Resources/libJPEG.dylib
0x0000000007e6b000 	/System/Library/Frameworks/ImageIO.framework/Versions/A/Resources/libTIFF.dylib
0x0000000007e6b000 	/System/Library/Frameworks/ImageIO.framework/Versions/A/Resources/libPng.dylib
0x0000000007e6b000 	/System/Library/Frameworks/ImageIO.framework/Versions/A/Resources/libGIF.dylib
0x0000000007e6b000 	/System/Library/Frameworks/ImageIO.framework/Versions/A/Resources/libJP2.dylib
0x0000000007e6b000 	/System/Library/Frameworks/ImageIO.framework/Versions/A/Resources/libRadiance.dylib
0x0000000007e6b000 	/System/Library/Frameworks/CoreVideo.framework/Versions/A/CoreVideo
0x0000000007e6b000 	/System/Library/Frameworks/OpenGL.framework/Versions/A/Libraries/libGLU.dylib
0x0000000007e6b000 	/System/Library/Frameworks/OpenGL.framework/Versions/A/Libraries/libGFXShared.dylib
0x0000000007e6b000 	/System/Library/Frameworks/OpenGL.framework/Versions/A/Libraries/libGL.dylib
0x0000000007e6b000 	/System/Library/Frameworks/OpenGL.framework/Versions/A/Libraries/libGLImage.dylib
0x0000000007e6b000 	/System/Library/Frameworks/OpenGL.framework/Versions/A/Libraries/libCVMSPluginSupport.dylib
0x0000000007e6b000 	/System/Library/Frameworks/OpenGL.framework/Versions/A/Libraries/libCoreVMClient.dylib
0x0000000007e6b000 	/usr/lib/libcups.2.dylib
0x0000000007e6b000 	/System/Library/Frameworks/Kerberos.framework/Versions/A/Kerberos
0x0000000007e6b000 	/System/Library/Frameworks/GSS.framework/Versions/A/GSS
0x0000000007e6b000 	/usr/lib/libresolv.9.dylib
0x0000000007e6b000 	/usr/lib/libiconv.2.dylib
0x0000000007e6b000 	/System/Library/PrivateFrameworks/Heimdal.framework/Versions/A/Heimdal
0x0000000007e6b000 	/usr/lib/libheimdal-asn1.dylib
0x0000000007e6b000 	/System/Library/Frameworks/OpenDirectory.framework/Versions/A/OpenDirectory
0x0000000007e6b000 	/System/Library/PrivateFrameworks/CommonAuth.framework/Versions/A/CommonAuth
0x0000000007e6b000 	/System/Library/Frameworks/OpenDirectory.framework/Versions/A/Frameworks/CFOpenDirectory.framework/Versions/A/CFOpenDirectory
0x0000000007e6b000 	/System/Library/Frameworks/SecurityFoundation.framework/Versions/A/SecurityFoundation
0x0000000007e6b000 	/System/Library/PrivateFrameworks/LanguageModeling.framework/Versions/A/LanguageModeling
0x0000000007e6b000 	/usr/lib/libmarisa.dylib
0x0000000007e6b000 	/usr/lib/libChineseTokenizer.dylib
0x0000000007e6b000 	/usr/lib/libcmph.dylib
0x0000000007e6b000 	/usr/lib/libcompression.dylib
0x0000000007e6b000 	/System/Library/Frameworks/ServiceManagement.framework/Versions/A/ServiceManagement
0x0000000007e6b000 	/usr/lib/libxslt.1.dylib
0x0000000007e6b000 	/System/Library/Frameworks/Carbon.framework/Versions/A/Frameworks/Ink.framework/Versions/A/Ink
0x0000000007e6b000 	/usr/lib/libFosl_dynamic.dylib
0x0000000007e6b000 	/System/Library/PrivateFrameworks/FaceCore.framework/Versions/A/FaceCore
0x0000000007e6b000 	/System/Library/Frameworks/OpenCL.framework/Versions/A/OpenCL
0x0000000007e6b000 	/System/Library/PrivateFrameworks/CrashReporterSupport.framework/Versions/A/CrashReporterSupport
0x0000000007e6b000 	/System/Library/PrivateFrameworks/IconServices.framework/Versions/A/IconServices
0x0000000007e6b000 	/System/Library/PrivateFrameworks/Apple80211.framework/Versions/A/Apple80211
0x0000000007e6b000 	/System/Library/Frameworks/CoreWLAN.framework/Versions/A/CoreWLAN
0x0000000007e6b000 	/System/Library/Frameworks/IOBluetooth.framework/Versions/A/IOBluetooth
0x0000000007e6b000 	/System/Library/PrivateFrameworks/CoreWiFi.framework/Versions/A/CoreWiFi
0x0000000007e6b000 	/System/Library/Frameworks/CoreBluetooth.framework/Versions/A/CoreBluetooth
0x0000000007e6b000 	/System/Library/PrivateFrameworks/ChunkingLibrary.framework/Versions/A/ChunkingLibrary
0x0000000007e6b000 	/System/Library/PrivateFrameworks/DebugSymbols.framework/Versions/A/DebugSymbols
0x0000000007e6b000 	/System/Library/PrivateFrameworks/CoreSymbolication.framework/Versions/A/CoreSymbolication
0x0000000007e6b000 	/System/Library/PrivateFrameworks/Symbolication.framework/Versions/A/Symbolication
0x0000000007e6b000 	/System/Library/PrivateFrameworks/SpeechRecognitionCore.framework/Versions/A/SpeechRecognitionCore
0x0000000103519000 	/Library/Java/JavaVirtualMachines/jdk1.8.0_45.jdk/Contents/Home/jre/lib/server/libjvm.dylib
0x0000000007e6b000 	/usr/lib/libstdc++.6.dylib
0x0000000104486000 	/Library/Java/JavaVirtualMachines/jdk1.8.0_45.jdk/Contents/Home/jre/lib/libverify.dylib
0x0000000104494000 	/Library/Java/JavaVirtualMachines/jdk1.8.0_45.jdk/Contents/Home/jre/lib/libjava.dylib
0x00000001044d3000 	/Library/Java/JavaVirtualMachines/jdk1.8.0_45.jdk/Contents/Home/jre/lib/libzip.dylib
0x000000011f122000 	/System/Library/Frameworks/JavaVM.framework/Frameworks/JavaRuntimeSupport.framework/JavaRuntimeSupport
0x000000011f13d000 	/System/Library/Frameworks/JavaVM.framework/Versions/A/Frameworks/JavaNativeFoundation.framework/Versions/A/JavaNativeFoundation
0x00000001045f0000 	/System/Library/Frameworks/JavaVM.framework/Versions/A/JavaVM
0x0000000007e6b000 	/System/Library/Frameworks/Carbon.framework/Versions/A/Carbon
0x000000011f152000 	/System/Library/PrivateFrameworks/JavaLaunching.framework/Versions/A/JavaLaunching
0x0000000007e6b000 	/System/Library/Frameworks/Carbon.framework/Versions/A/Frameworks/CommonPanels.framework/Versions/A/CommonPanels
0x0000000007e6b000 	/System/Library/Frameworks/Carbon.framework/Versions/A/Frameworks/Help.framework/Versions/A/Help
0x0000000007e6b000 	/System/Library/Frameworks/Carbon.framework/Versions/A/Frameworks/ImageCapture.framework/Versions/A/ImageCapture
0x0000000007e6b000 	/System/Library/Frameworks/Carbon.framework/Versions/A/Frameworks/OpenScripting.framework/Versions/A/OpenScripting
0x0000000007e6b000 	/System/Library/Frameworks/Carbon.framework/Versions/A/Frameworks/Print.framework/Versions/A/Print
0x0000000007e6b000 	/System/Library/Frameworks/Carbon.framework/Versions/A/Frameworks/SecurityHI.framework/Versions/A/SecurityHI
0x0000000120b09000 	/Library/Java/JavaVirtualMachines/jdk1.8.0_45.jdk/Contents/Home/jre/lib/libprism_es2.dylib
0x0000000007e6b000 	/System/Library/Frameworks/OpenGL.framework/Versions/A/Resources/GLEngine.bundle/GLEngine
0x0000000007e6b000 	/System/Library/Frameworks/OpenGL.framework/Versions/A/Libraries/libGLProgrammability.dylib
0x0000000120b8a000 	/System/Library/Extensions/AppleIntelHD5000GraphicsGLDriver.bundle/Contents/MacOS/AppleIntelHD5000GraphicsGLDriver
0x0000000007e6b000 	/System/Library/PrivateFrameworks/GPUSupport.framework/Versions/A/Libraries/libGPUSupportMercury.dylib
0x0000000007e6b000 	/System/Library/Frameworks/OpenGL.framework/Versions/A/Resources/GLRendererFloat.bundle/GLRendererFloat
0x0000000007e6b000 	/System/Library/Frameworks/OpenCL.framework/Versions/A/Libraries/libcldcpuengine.dylib
0x0000000007e6b000 	/System/Library/PrivateFrameworks/DiskImages.framework/Versions/A/DiskImages
0x0000000007e6b000 	/System/Library/Frameworks/DiscRecording.framework/Versions/A/DiscRecording
0x0000000007e6b000 	/usr/lib/libcsfde.dylib
0x0000000007e6b000 	/usr/lib/libcurl.4.dylib
0x0000000007e6b000 	/System/Library/PrivateFrameworks/MediaKit.framework/Versions/A/MediaKit
0x0000000007e6b000 	/System/Library/PrivateFrameworks/ProtectedCloudStorage.framework/Versions/A/ProtectedCloudStorage
0x0000000007e6b000 	/usr/lib/libCoreStorage.dylib
0x0000000007e6b000 	/System/Library/PrivateFrameworks/EFILogin.framework/Versions/A/EFILogin
0x0000000007e6b000 	/usr/lib/libutil.dylib
0x0000000007e6b000 	/System/Library/PrivateFrameworks/FindMyDevice.framework/Versions/A/FindMyDevice
0x0000000007e6b000 	/System/Library/Frameworks/LDAP.framework/Versions/A/LDAP
0x0000000007e6b000 	/usr/lib/libsasl2.2.dylib
0x0000000007e6b000 	/System/Library/PrivateFrameworks/CoreDaemon.framework/Versions/B/CoreDaemon
0x0000000007e6b000 	/usr/lib/libcrypto.0.9.8.dylib
0x0000000007e6b000 	/System/Library/PrivateFrameworks/AppleSRP.framework/Versions/A/AppleSRP
0x0000000007e6b000 	/System/Library/PrivateFrameworks/TrustEvaluationAgent.framework/Versions/A/TrustEvaluationAgent
0x000000012170d000 	/Library/Java/JavaVirtualMachines/jdk1.8.0_45.jdk/Contents/Home/jre/lib/libglass.dylib
0x0000000007e6b000 	/System/Library/PrivateFrameworks/CoreServicesInternal.framework/Versions/A/CoreServicesInternal
0x0000000007e6b000 	/System/Library/CoreServices/RawCamera.bundle/Contents/MacOS/RawCamera
0x0000000007e6b000 	/System/Library/Frameworks/CoreGraphics.framework/Versions/A/Resources/libRIP.A.dylib
0x0000000007e6b000 	/System/Library/Frameworks/Accelerate.framework/Versions/A/Frameworks/vImage.framework/Versions/A/Libraries/libCGInterfaces.dylib
0x0000000007e6b000 	/System/Library/PrivateFrameworks/FamilyControls.framework/Versions/A/FamilyControls
0x0000000007e6b000 	/System/Library/PrivateFrameworks/CommerceKit.framework/Versions/A/Frameworks/CommerceCore.framework/Versions/A/CommerceCore
0x0000000007e6b000 	/System/Library/PrivateFrameworks/SystemAdministration.framework/Versions/A/SystemAdministration
0x0000000007e6b000 	/System/Library/PrivateFrameworks/AppContainer.framework/Versions/A/AppContainer
0x0000000007e6b000 	/System/Library/PrivateFrameworks/SecCodeWrapper.framework/Versions/A/SecCodeWrapper
0x0000000007e6b000 	/System/Library/Frameworks/DirectoryService.framework/Versions/A/DirectoryService
0x0000000007e6b000 	/System/Library/PrivateFrameworks/LoginUIKit.framework/Versions/A/Frameworks/LoginUICore.framework/Versions/A/LoginUICore
0x0000000007e6b000 	/usr/lib/libodfde.dylib
0x0000000007e6b000 	/System/Library/Frameworks/CoreGraphics.framework/Versions/A/Resources/libCGXType.A.dylib
0x0000000124325000 	/Library/Java/JavaVirtualMachines/jdk1.8.0_45.jdk/Contents/Home/jre/lib/libawt.dylib
0x00000001243cd000 	/Library/Java/JavaVirtualMachines/jdk1.8.0_45.jdk/Contents/Home/jre/lib/./libmlib_image.dylib
0x0000000124499000 	/Library/Java/JavaVirtualMachines/jdk1.8.0_45.jdk/Contents/Home/jre/lib/libawt_lwawt.dylib
0x000000012454d000 	/Library/Java/JavaVirtualMachines/jdk1.8.0_45.jdk/Contents/Home/jre/lib/./libosxapp.dylib
0x0000000007e6b000 	/System/Library/Frameworks/ExceptionHandling.framework/Versions/A/ExceptionHandling
0x00000001251e3000 	cl_kernels
0x0000000007e6b000 	/System/Library/Frameworks/OpenCL.framework/Versions/A/Libraries/ImageFormats/unorm8_bgra.dylib
0x0000000007e6b000 	/System/Library/Frameworks/OpenCL.framework/Versions/A/Libraries/ImageFormats/unorm8_rgba.dylib
0x0000000125d2a000 	/Library/Java/JavaVirtualMachines/jdk1.8.0_45.jdk/Contents/Home/jre/lib/libfontmanager.dylib
0x0000000125d91000 	/Library/Java/JavaVirtualMachines/jdk1.8.0_45.jdk/Contents/Home/jre/lib/libosxui.dylib
0x0000000126aa7000 	/Library/Java/JavaVirtualMachines/jdk1.8.0_45.jdk/Contents/Home/jre/lib/libnet.dylib
0x0000000126abe000 	/Library/Java/JavaVirtualMachines/jdk1.8.0_45.jdk/Contents/Home/jre/lib/libnio.dylib
0x000000012c06b000 	/System/Library/Extensions/AppleIntelHD5000GraphicsMTLDriver.bundle/Contents/MacOS/AppleIntelHD5000GraphicsMTLDriver

VM Arguments:
jvm_args: -Dfile.encoding=UTF-8 
java_command: MusicPlayer.AudioPlaylist
java_class_path (initial): /Users/naveen/Desktop/Workspace/DigitalSplitter/bin
Launcher Type: SUN_STANDARD

Environment Variables:
PATH=/usr/bin:/bin:/usr/sbin:/sbin
SHELL=/bin/bash

Signal Handlers:
SIGSEGV: [libjvm.dylib+0x58ef95], sa_mask[0]=11111111011111110111111111111111, sa_flags=SA_ONSTACK|SA_RESTART|SA_SIGINFO
SIGBUS: [libjvm.dylib+0x58ef95], sa_mask[0]=11111111011111110111111111111111, sa_flags=SA_RESTART|SA_SIGINFO
SIGFPE: [libjvm.dylib+0x46c108], sa_mask[0]=11111111011111110111111111111111, sa_flags=SA_RESTART|SA_SIGINFO
SIGPIPE: [libjvm.dylib+0x46c108], sa_mask[0]=11111111011111110111111111111111, sa_flags=SA_RESTART|SA_SIGINFO
SIGXFSZ: [libjvm.dylib+0x46c108], sa_mask[0]=11111111011111110111111111111111, sa_flags=SA_RESTART|SA_SIGINFO
SIGILL: [libjvm.dylib+0x46c108], sa_mask[0]=11111111011111110111111111111111, sa_flags=SA_RESTART|SA_SIGINFO
SIGUSR1: SIG_DFL, sa_mask[0]=00000000000000000000000000000000, sa_flags=none
SIGUSR2: [libjvm.dylib+0x46bc26], sa_mask[0]=00100000000000000000000000000000, sa_flags=SA_RESTART|SA_SIGINFO
SIGHUP: [libjvm.dylib+0x46a1f9], sa_mask[0]=11111111011111110111111111111111, sa_flags=SA_RESTART|SA_SIGINFO
SIGINT: [libjvm.dylib+0x46a1f9], sa_mask[0]=11111111011111110111111111111111, sa_flags=SA_RESTART|SA_SIGINFO
SIGTERM: [libjvm.dylib+0x46a1f9], sa_mask[0]=11111111011111110111111111111111, sa_flags=SA_RESTART|SA_SIGINFO
SIGQUIT: [libjvm.dylib+0x46a1f9], sa_mask[0]=11111111011111110111111111111111, sa_flags=SA_RESTART|SA_SIGINFO


---------------  S Y S T E M  ---------------

OS:Bsduname:Darwin 15.3.0 Darwin Kernel Version 15.3.0: Thu Dec 10 18:40:58 PST 2015; root:xnu-3248.30.4~1/RELEASE_X86_64 x86_64
rlimit: STACK 8192k, CORE 0k, NPROC 709, NOFILE 10240, AS infinity
load average:1.62 2.07 1.44

CPU:total 4 (2 cores per cpu, 2 threads per core) family 6 model 69 stepping 1, cmov, cx8, fxsr, mmx, sse, sse2, sse3, ssse3, sse4.1, sse4.2, popcnt, avx, avx2, aes, clmul, erms, lzcnt, ht, tsc, tscinvbit, bmi1, bmi2

Memory: 4k page, physical 16777216k(2488996k free)

/proc/meminfo:


vm_info: Java HotSpot(TM) 64-Bit Server VM (25.45-b02) for bsd-amd64 JRE (1.8.0_45-b14), built on Apr 10 2015 10:46:38 by "java_re" with gcc 4.2.1 (Based on Apple Inc. build 5658) (LLVM build 2336.11.00)

time: Thu Mar 17 18:16:44 2016
elapsed time: 1 seconds (0d 0h 0m 1s)

